[ 2015-11-03T19:46:21+08:00 ] ::1 /
INFO: [ app_init ] --START--
INFO: Run Behavior\BuildLiteBehavior [ RunTime:0.003230s ]
INFO: [ app_init ] --END-- [ RunTime:0.005893s ]
INFO: [ app_begin ] --START--
INFO: Run Behavior\ReadHtmlCacheBehavior [ RunTime:0.004051s ]
INFO: [ app_begin ] --END-- [ RunTime:0.004150s ]
ERR: 模板不存在:./Application/Home/View/Index/index.html

[ 2015-11-03T19:47:06+08:00 ] ::1 /
INFO: [ app_init ] --START--
INFO: Run Behavior\BuildLiteBehavior [ RunTime:0.000021s ]
INFO: [ app_init ] --END-- [ RunTime:0.000521s ]
INFO: [ app_begin ] --START--
INFO: Run Behavior\ReadHtmlCacheBehavior [ RunTime:0.003768s ]
INFO: [ app_begin ] --END-- [ RunTime:0.003835s ]
ERR: 模板不存在:./Application/Home/View/Index/index.html

[ 2015-11-03T19:47:28+08:00 ] ::1 /
INFO: [ app_init ] --START--
INFO: Run Behavior\BuildLiteBehavior [ RunTime:0.000029s ]
INFO: [ app_init ] --END-- [ RunTime:0.000581s ]
INFO: [ app_begin ] --START--
INFO: Run Behavior\ReadHtmlCacheBehavior [ RunTime:0.000702s ]
INFO: [ app_begin ] --END-- [ RunTime:0.000787s ]
INFO: [ view_parse ] --START--
INFO: [ template_filter ] --START--
INFO: Run Behavior\ContentReplaceBehavior [ RunTime:0.003176s ]
INFO: [ template_filter ] --END-- [ RunTime:0.003290s ]
INFO: Run Behavior\ParseTemplateBehavior [ RunTime:0.033735s ]
INFO: [ view_parse ] --END-- [ RunTime:0.033917s ]
INFO: [ view_filter ] --START--
INFO: Run Behavior\WriteHtmlCacheBehavior [ RunTime:0.003629s ]
INFO: [ view_filter ] --END-- [ RunTime:0.003700s ]
INFO: [ app_end ] --START--
INFO: Run Behavior\ShowPageTraceBehavior [ RunTime:0.004107s ]
INFO: [ app_end ] --END-- [ RunTime:0.004189s ]

[ 2015-11-03T19:47:54+08:00 ] ::1 /Home/Index/index
INFO: [ app_init ] --START--
INFO: Run Behavior\BuildLiteBehavior [ RunTime:0.000023s ]
INFO: [ app_init ] --END-- [ RunTime:0.003820s ]
INFO: [ app_begin ] --START--
INFO: Run Behavior\ReadHtmlCacheBehavior [ RunTime:0.003994s ]
INFO: [ app_begin ] --END-- [ RunTime:0.004083s ]
INFO: [ view_parse ] --START--
INFO: [ template_filter ] --START--
INFO: Run Behavior\ContentReplaceBehavior [ RunTime:0.004721s ]
INFO: [ template_filter ] --END-- [ RunTime:0.004840s ]
INFO: Run Behavior\ParseTemplateBehavior [ RunTime:0.028617s ]
INFO: [ view_parse ] --END-- [ RunTime:0.028688s ]
INFO: [ view_filter ] --START--
INFO: Run Behavior\WriteHtmlCacheBehavior [ RunTime:0.002964s ]
INFO: [ view_filter ] --END-- [ RunTime:0.003034s ]
INFO: [ app_end ] --START--
INFO: Run Behavior\ShowPageTraceBehavior [ RunTime:0.004002s ]
INFO: [ app_end ] --END-- [ RunTime:0.004085s ]

[ 2015-11-03T19:47:58+08:00 ] ::1 /Home/Index/login
INFO: [ app_init ] --START--
INFO: Run Behavior\BuildLiteBehavior [ RunTime:0.000012s ]
INFO: [ app_init ] --END-- [ RunTime:0.000250s ]
INFO: [ app_begin ] --START--
INFO: Run Behavior\ReadHtmlCacheBehavior [ RunTime:0.000456s ]
INFO: [ app_begin ] --END-- [ RunTime:0.000506s ]
ERR: 模板不存在:./Application/Home/View/Index/login.html

