[ 2015-11-14T14:09:31+08:00 ] ::1 /index.php/Admin/Miaosha/index
INFO: [ app_init ] --START--
INFO: Run Behavior\BuildLiteBehavior [ RunTime:0.000000s ]
INFO: [ app_init ] --END-- [ RunTime:0.000000s ]
INFO: [ app_begin ] --START--
INFO: Run Behavior\ReadHtmlCacheBehavior [ RunTime:0.000000s ]
INFO: [ app_begin ] --END-- [ RunTime:0.000000s ]

[ 2015-11-14T14:09:31+08:00 ] ::1 /index.php/Admin/Public/login.html
INFO: [ app_init ] --START--
INFO: Run Behavior\BuildLiteBehavior [ RunTime:0.001001s ]
INFO: [ app_init ] --END-- [ RunTime:0.001001s ]
INFO: [ app_begin ] --START--
INFO: Run Behavior\ReadHtmlCacheBehavior [ RunTime:0.001000s ]
INFO: [ app_begin ] --END-- [ RunTime:0.001000s ]
INFO: [ view_parse ] --START--
INFO: [ template_filter ] --START--
INFO: Run Behavior\ContentReplaceBehavior [ RunTime:0.000000s ]
INFO: [ template_filter ] --END-- [ RunTime:0.000000s ]
INFO: Run Behavior\ParseTemplateBehavior [ RunTime:0.004000s ]
INFO: [ view_parse ] --END-- [ RunTime:0.004000s ]
INFO: [ view_filter ] --START--
INFO: Run Behavior\WriteHtmlCacheBehavior [ RunTime:0.000000s ]
INFO: [ view_filter ] --END-- [ RunTime:0.000000s ]
INFO: [ app_end ] --START--
INFO: Run Behavior\ShowPageTraceBehavior [ RunTime:0.000000s ]
INFO: [ app_end ] --END-- [ RunTime:0.000000s ]

[ 2015-11-14T14:09:31+08:00 ] ::1 /index.php/Admin/Public/verify.html
INFO: [ app_init ] --START--
INFO: Run Behavior\BuildLiteBehavior [ RunTime:0.000000s ]
INFO: [ app_init ] --END-- [ RunTime:0.001000s ]
INFO: [ app_begin ] --START--
INFO: Run Behavior\ReadHtmlCacheBehavior [ RunTime:0.000000s ]
INFO: [ app_begin ] --END-- [ RunTime:0.000000s ]
INFO: [ app_end ] --START--
INFO: Run Behavior\ShowPageTraceBehavior [ RunTime:0.000000s ]
INFO: [ app_end ] --END-- [ RunTime:0.000000s ]

[ 2015-11-14T14:09:39+08:00 ] ::1 /index.php/Admin/Public/login
INFO: [ app_init ] --START--
INFO: Run Behavior\BuildLiteBehavior [ RunTime:0.000000s ]
INFO: [ app_init ] --END-- [ RunTime:0.000000s ]
INFO: [ app_begin ] --START--
INFO: Run Behavior\ReadHtmlCacheBehavior [ RunTime:0.000000s ]
INFO: [ app_begin ] --END-- [ RunTime:0.000000s ]
SQL: SHOW COLUMNS FROM `yyg_admin` [ RunTime:0.0310s ]
SQL: SELECT * FROM `yyg_admin` WHERE `username` = 'admin' LIMIT 1   [ RunTime:0.0310s ]

[ 2015-11-14T14:09:39+08:00 ] ::1 /index.php/Admin/Public/verify.html?random=0.4082261323928833
INFO: [ app_init ] --START--
INFO: Run Behavior\BuildLiteBehavior [ RunTime:0.000000s ]
INFO: [ app_init ] --END-- [ RunTime:0.001000s ]
INFO: [ app_begin ] --START--
INFO: Run Behavior\ReadHtmlCacheBehavior [ RunTime:0.001000s ]
INFO: [ app_begin ] --END-- [ RunTime:0.001000s ]
INFO: [ app_end ] --START--
INFO: Run Behavior\ShowPageTraceBehavior [ RunTime:0.001000s ]
INFO: [ app_end ] --END-- [ RunTime:0.001000s ]

[ 2015-11-14T14:09:48+08:00 ] ::1 /index.php/Admin/Public/login
INFO: [ app_init ] --START--
INFO: Run Behavior\BuildLiteBehavior [ RunTime:0.000000s ]
INFO: [ app_init ] --END-- [ RunTime:0.000000s ]
INFO: [ app_begin ] --START--
INFO: Run Behavior\ReadHtmlCacheBehavior [ RunTime:0.001001s ]
INFO: [ app_begin ] --END-- [ RunTime:0.001001s ]
SQL: SHOW COLUMNS FROM `yyg_admin` [ RunTime:0.0312s ]
SQL: SELECT * FROM `yyg_admin` WHERE `username` = 'admin' LIMIT 1   [ RunTime:0.0468s ]
SQL: UPDATE `yyg_admin` SET `login`=`login` + 1,`login_time`='15-11-14-02-09-48',`login_ip`='0.0.0.0' WHERE `uid` = 1 [ RunTime:0.0312s ]

[ 2015-11-14T14:09:48+08:00 ] ::1 /index.php/Admin/Index/index
INFO: [ app_init ] --START--
INFO: Run Behavior\BuildLiteBehavior [ RunTime:0.000000s ]
INFO: [ app_init ] --END-- [ RunTime:0.000000s ]
INFO: [ app_begin ] --START--
INFO: Run Behavior\ReadHtmlCacheBehavior [ RunTime:0.000000s ]
INFO: [ app_begin ] --END-- [ RunTime:0.000000s ]
INFO: [ view_parse ] --START--
INFO: [ template_filter ] --START--
INFO: Run Behavior\ContentReplaceBehavior [ RunTime:0.000000s ]
INFO: [ template_filter ] --END-- [ RunTime:0.000000s ]
NOTIC: [8] Undefined variable: title E:\Works\YYG\Application\Runtime\Cache\Admin\b595b808c2ebeeeb0478ffc30bb4e87a.php 第 20 行.
NOTIC: [8] Undefined variable: title E:\Works\YYG\Application\Runtime\Cache\Admin\b595b808c2ebeeeb0478ffc30bb4e87a.php 第 149 行.
INFO: Run Behavior\ParseTemplateBehavior [ RunTime:0.038602s ]
INFO: [ view_parse ] --END-- [ RunTime:0.038602s ]
INFO: [ view_filter ] --START--
INFO: Run Behavior\WriteHtmlCacheBehavior [ RunTime:0.000000s ]
INFO: [ view_filter ] --END-- [ RunTime:0.000000s ]
INFO: [ app_end ] --START--
INFO: Run Behavior\ShowPageTraceBehavior [ RunTime:0.001000s ]
INFO: [ app_end ] --END-- [ RunTime:0.001000s ]

[ 2015-11-14T14:09:53+08:00 ] ::1 /index.php/Admin/User
INFO: [ app_init ] --START--
INFO: Run Behavior\BuildLiteBehavior [ RunTime:0.000000s ]
INFO: [ app_init ] --END-- [ RunTime:0.000000s ]
INFO: [ app_begin ] --START--
INFO: Run Behavior\ReadHtmlCacheBehavior [ RunTime:0.000000s ]
INFO: [ app_begin ] --END-- [ RunTime:0.000000s ]
SQL: SHOW COLUMNS FROM `yyg_admin` [ RunTime:0.0360s ]
SQL: SELECT COUNT(*) AS tp_count FROM `yyg_admin` LIMIT 1   [ RunTime:0.0350s ]
SQL: SELECT * FROM `yyg_admin` LIMIT 0,25   [ RunTime:0.0370s ]
INFO: [ view_parse ] --START--
INFO: [ template_filter ] --START--
INFO: Run Behavior\ContentReplaceBehavior [ RunTime:0.000000s ]
INFO: [ template_filter ] --END-- [ RunTime:0.000000s ]
INFO: Run Behavior\ParseTemplateBehavior [ RunTime:0.008000s ]
INFO: [ view_parse ] --END-- [ RunTime:0.008000s ]
INFO: [ view_filter ] --START--
INFO: Run Behavior\WriteHtmlCacheBehavior [ RunTime:0.000000s ]
INFO: [ view_filter ] --END-- [ RunTime:0.000000s ]
INFO: [ app_end ] --START--
INFO: Run Behavior\ShowPageTraceBehavior [ RunTime:0.000000s ]
INFO: [ app_end ] --END-- [ RunTime:0.000000s ]

[ 2015-11-14T14:09:57+08:00 ] ::1 /index.php/Admin/Miaosha
INFO: [ app_init ] --START--
INFO: Run Behavior\BuildLiteBehavior [ RunTime:0.000000s ]
INFO: [ app_init ] --END-- [ RunTime:0.000000s ]
INFO: [ app_begin ] --START--
INFO: Run Behavior\ReadHtmlCacheBehavior [ RunTime:0.000000s ]
INFO: [ app_begin ] --END-- [ RunTime:0.000000s ]
SQL: SHOW COLUMNS FROM `yyg_goods` [ RunTime:0.0300s ]
NOTIC: [8] Undefined variable: goodsType E:\Works\YYG\Application\Admin\Controller\GoodsBaseController.class.php 第 23 行.
SQL: SELECT * FROM `yyg_goods`  [ RunTime:0.0310s ]
SQL: SHOW COLUMNS FROM `yyg_category` [ RunTime:0.0290s ]
SQL: SELECT * FROM `yyg_category` WHERE ( 1=1 AND cid='4' ) LIMIT 1   [ RunTime:0.0290s ]
SQL: SHOW COLUMNS FROM `yyg_brand` [ RunTime:0.0290s ]
SQL: SELECT * FROM `yyg_brand` WHERE ( 1=1 AND bid='0' ) LIMIT 1   [ RunTime:0.0300s ]
INFO: [ view_parse ] --START--
INFO: [ template_filter ] --START--
INFO: Run Behavior\ContentReplaceBehavior [ RunTime:0.000000s ]
INFO: [ template_filter ] --END-- [ RunTime:0.000000s ]
INFO: Run Behavior\ParseTemplateBehavior [ RunTime:0.007000s ]
INFO: [ view_parse ] --END-- [ RunTime:0.007000s ]
INFO: [ view_filter ] --START--
INFO: Run Behavior\WriteHtmlCacheBehavior [ RunTime:0.000000s ]
INFO: [ view_filter ] --END-- [ RunTime:0.000000s ]
INFO: [ app_end ] --START--
INFO: Run Behavior\ShowPageTraceBehavior [ RunTime:0.000000s ]
INFO: [ app_end ] --END-- [ RunTime:0.000000s ]

[ 2015-11-14T14:10:00+08:00 ] ::1 /index.php/Admin/Miaosha/edit/12
INFO: [ app_init ] --START--
INFO: Run Behavior\BuildLiteBehavior [ RunTime:0.000000s ]
INFO: [ app_init ] --END-- [ RunTime:0.001000s ]
INFO: [ app_begin ] --START--
INFO: Run Behavior\ReadHtmlCacheBehavior [ RunTime:0.000000s ]
INFO: [ app_begin ] --END-- [ RunTime:0.000000s ]
SQL: SHOW COLUMNS FROM `yyg_goods` [ RunTime:0.0320s ]
SQL: SELECT * FROM `yyg_goods` WHERE `gid` = 12 LIMIT 1   [ RunTime:0.0310s ]
SQL: SHOW COLUMNS FROM `yyg_category` [ RunTime:0.0300s ]
SQL: SELECT * FROM `yyg_category` WHERE ( 1=1 AND cid='4' ) LIMIT 1   [ RunTime:0.0290s ]
SQL: SHOW COLUMNS FROM `yyg_brand` [ RunTime:0.0300s ]
SQL: SELECT * FROM `yyg_brand` WHERE ( 1=1 AND bid='0' ) LIMIT 1   [ RunTime:0.0290s ]
SQL: SHOW COLUMNS FROM `yyg_goods_images` [ RunTime:0.0300s ]
SQL: SELECT * FROM `yyg_goods_images` WHERE `gid` = 12  [ RunTime:0.0500s ]
SQL: SHOW COLUMNS FROM `yyg_category` [ RunTime:0.0310s ]
SQL: SELECT * FROM `yyg_category`  [ RunTime:0.0300s ]
SQL: SHOW COLUMNS FROM `yyg_category` [ RunTime:0.0300s ]
SQL: SELECT * FROM `yyg_category` WHERE `cid` = 4 LIMIT 1   [ RunTime:0.0300s ]
SQL: SHOW COLUMNS FROM `yyg_brand` [ RunTime:0.0300s ]
NOTIC: [8] Undefined index: mapping_order E:\Works\YYG\ThinkPHP\Library\Think\Model\RelationModel.class.php 第 186 行.
NOTIC: [8] Undefined index: mapping_limit E:\Works\YYG\ThinkPHP\Library\Think\Model\RelationModel.class.php 第 187 行.
SQL: SELECT b.* FROM yyg_category_has_brand AS a, yyg_brand AS b WHERE a.bid = b.bid AND a. cid='4' [ RunTime:0.0300s ]
INFO: [ view_parse ] --START--
INFO: [ template_filter ] --START--
INFO: Run Behavior\ContentReplaceBehavior [ RunTime:0.001000s ]
INFO: [ template_filter ] --END-- [ RunTime:0.001000s ]
NOTIC: [8] Undefined index: baoyou E:\Works\YYG\Application\Runtime\Cache\Admin\346dfcdf6ec8d3c93d33b5eb4f636a21.php 第 298 行.
NOTIC: [8] Undefined index: baoyou E:\Works\YYG\Application\Runtime\Cache\Admin\346dfcdf6ec8d3c93d33b5eb4f636a21.php 第 298 行.
INFO: Run Behavior\ParseTemplateBehavior [ RunTime:0.030002s ]
INFO: [ view_parse ] --END-- [ RunTime:0.030002s ]
INFO: [ view_filter ] --START--
INFO: Run Behavior\WriteHtmlCacheBehavior [ RunTime:0.000000s ]
INFO: [ view_filter ] --END-- [ RunTime:0.000000s ]
INFO: [ app_end ] --START--
INFO: Run Behavior\ShowPageTraceBehavior [ RunTime:0.000000s ]
INFO: [ app_end ] --END-- [ RunTime:0.000000s ]

[ 2015-11-14T14:10:00+08:00 ] ::1 /index.php/Admin/Public/ueditup?action=config&&noCache=1447481400265
INFO: [ app_init ] --START--
INFO: Run Behavior\BuildLiteBehavior [ RunTime:0.000000s ]
INFO: [ app_init ] --END-- [ RunTime:0.000000s ]
INFO: [ app_begin ] --START--
INFO: Run Behavior\ReadHtmlCacheBehavior [ RunTime:0.001000s ]
INFO: [ app_begin ] --END-- [ RunTime:0.001000s ]
INFO: [ app_end ] --START--
INFO: Run Behavior\ShowPageTraceBehavior [ RunTime:0.000000s ]
INFO: [ app_end ] --END-- [ RunTime:0.000000s ]

[ 2015-11-14T14:10:03+08:00 ] ::1 /index.php/Admin/Miaosha/edit/
INFO: [ app_init ] --START--
INFO: Run Behavior\BuildLiteBehavior [ RunTime:0.000000s ]
INFO: [ app_init ] --END-- [ RunTime:0.000000s ]
INFO: [ app_begin ] --START--
INFO: Run Behavior\ReadHtmlCacheBehavior [ RunTime:0.001000s ]
INFO: [ app_begin ] --END-- [ RunTime:0.001000s ]
SQL: SHOW COLUMNS FROM `yyg_goods` [ RunTime:0.0310s ]
SQL: SELECT * FROM `yyg_goods` LIMIT 1   [ RunTime:0.0310s ]
SQL: SHOW COLUMNS FROM `yyg_category` [ RunTime:0.0290s ]
SQL: SELECT * FROM `yyg_category` WHERE ( 1=1 AND cid='4' ) LIMIT 1   [ RunTime:0.0290s ]
SQL: SHOW COLUMNS FROM `yyg_brand` [ RunTime:0.0300s ]
SQL: SELECT * FROM `yyg_brand` WHERE ( 1=1 AND bid='0' ) LIMIT 1   [ RunTime:0.0290s ]
SQL: SHOW COLUMNS FROM `yyg_goods_images` [ RunTime:0.0290s ]
SQL: SELECT * FROM `yyg_goods_images` WHERE `gid` = null  [ RunTime:0.0280s ]
SQL: SHOW COLUMNS FROM `yyg_category` [ RunTime:0.0290s ]
SQL: SELECT * FROM `yyg_category`  [ RunTime:0.0290s ]
SQL: SHOW COLUMNS FROM `yyg_category` [ RunTime:0.0300s ]
SQL: SELECT * FROM `yyg_category` WHERE `cid` = 4 LIMIT 1   [ RunTime:0.0290s ]
SQL: SHOW COLUMNS FROM `yyg_brand` [ RunTime:0.0300s ]
NOTIC: [8] Undefined index: mapping_order E:\Works\YYG\ThinkPHP\Library\Think\Model\RelationModel.class.php 第 186 行.
NOTIC: [8] Undefined index: mapping_limit E:\Works\YYG\ThinkPHP\Library\Think\Model\RelationModel.class.php 第 187 行.
SQL: SELECT b.* FROM yyg_category_has_brand AS a, yyg_brand AS b WHERE a.bid = b.bid AND a. cid='4' [ RunTime:0.0290s ]
INFO: [ view_parse ] --START--
INFO: [ template_filter ] --START--
INFO: Run Behavior\ContentReplaceBehavior [ RunTime:0.000000s ]
INFO: [ template_filter ] --END-- [ RunTime:0.000000s ]
NOTIC: [8] Undefined index: baoyou E:\Works\YYG\Application\Runtime\Cache\Admin\346dfcdf6ec8d3c93d33b5eb4f636a21.php 第 298 行.
NOTIC: [8] Undefined index: baoyou E:\Works\YYG\Application\Runtime\Cache\Admin\346dfcdf6ec8d3c93d33b5eb4f636a21.php 第 298 行.
INFO: Run Behavior\ParseTemplateBehavior [ RunTime:0.010000s ]
INFO: [ view_parse ] --END-- [ RunTime:0.010000s ]
INFO: [ view_filter ] --START--
INFO: Run Behavior\WriteHtmlCacheBehavior [ RunTime:0.001000s ]
INFO: [ view_filter ] --END-- [ RunTime:0.001000s ]
INFO: [ app_end ] --START--
INFO: Run Behavior\ShowPageTraceBehavior [ RunTime:0.000000s ]
INFO: [ app_end ] --END-- [ RunTime:0.000000s ]

[ 2015-11-14T14:10:10+08:00 ] ::1 /index.php/Admin/Miaosha/upload
INFO: [ app_init ] --START--
INFO: Run Behavior\BuildLiteBehavior [ RunTime:0.000000s ]
INFO: [ app_init ] --END-- [ RunTime:0.001000s ]
INFO: [ app_begin ] --START--
INFO: Run Behavior\ReadHtmlCacheBehavior [ RunTime:0.001000s ]
INFO: [ app_begin ] --END-- [ RunTime:0.001000s ]
NOTIC: [8] Undefined variable: ROOT_PATH E:\Works\YYG\Application\Admin\Controller\CommonController.class.php 第 16 行.
NOTIC: [8] Array to string conversion E:\Works\YYG\Application\Admin\Controller\CommonController.class.php 第 16 行.

[ 2015-11-14T14:10:19+08:00 ] ::1 /index.php/Admin/Miaosha/edit/
INFO: [ app_init ] --START--
INFO: Run Behavior\BuildLiteBehavior [ RunTime:0.000000s ]
INFO: [ app_init ] --END-- [ RunTime:0.000000s ]
INFO: [ app_begin ] --START--
INFO: Run Behavior\ReadHtmlCacheBehavior [ RunTime:0.000000s ]
INFO: [ app_begin ] --END-- [ RunTime:0.000000s ]
SQL: SHOW COLUMNS FROM `yyg_goods` [ RunTime:0.0350s ]
SQL: SELECT * FROM `yyg_goods` LIMIT 1   [ RunTime:0.0350s ]
SQL: SHOW COLUMNS FROM `yyg_category` [ RunTime:0.0350s ]
SQL: SELECT * FROM `yyg_category` WHERE ( 1=1 AND cid='4' ) LIMIT 1   [ RunTime:0.0350s ]
SQL: SHOW COLUMNS FROM `yyg_brand` [ RunTime:0.0350s ]
SQL: SELECT * FROM `yyg_brand` WHERE ( 1=1 AND bid='0' ) LIMIT 1   [ RunTime:0.0340s ]
SQL: SHOW COLUMNS FROM `yyg_goods_images` [ RunTime:0.0350s ]
SQL: SELECT * FROM `yyg_goods_images` WHERE `gid` = null  [ RunTime:0.0340s ]
SQL: SHOW COLUMNS FROM `yyg_category` [ RunTime:0.0350s ]
SQL: SELECT * FROM `yyg_category`  [ RunTime:0.0340s ]
SQL: SHOW COLUMNS FROM `yyg_category` [ RunTime:0.0350s ]
SQL: SELECT * FROM `yyg_category` WHERE `cid` = 4 LIMIT 1   [ RunTime:0.0350s ]
SQL: SHOW COLUMNS FROM `yyg_brand` [ RunTime:0.0340s ]
NOTIC: [8] Undefined index: mapping_order E:\Works\YYG\ThinkPHP\Library\Think\Model\RelationModel.class.php 第 186 行.
NOTIC: [8] Undefined index: mapping_limit E:\Works\YYG\ThinkPHP\Library\Think\Model\RelationModel.class.php 第 187 行.
SQL: SELECT b.* FROM yyg_category_has_brand AS a, yyg_brand AS b WHERE a.bid = b.bid AND a. cid='4' [ RunTime:0.0340s ]
INFO: [ view_parse ] --START--
INFO: [ template_filter ] --START--
INFO: Run Behavior\ContentReplaceBehavior [ RunTime:0.000000s ]
INFO: [ template_filter ] --END-- [ RunTime:0.000000s ]
NOTIC: [8] Undefined index: baoyou E:\Works\YYG\Application\Runtime\Cache\Admin\346dfcdf6ec8d3c93d33b5eb4f636a21.php 第 298 行.
NOTIC: [8] Undefined index: baoyou E:\Works\YYG\Application\Runtime\Cache\Admin\346dfcdf6ec8d3c93d33b5eb4f636a21.php 第 298 行.
INFO: Run Behavior\ParseTemplateBehavior [ RunTime:0.019001s ]
INFO: [ view_parse ] --END-- [ RunTime:0.019001s ]
INFO: [ view_filter ] --START--
INFO: Run Behavior\WriteHtmlCacheBehavior [ RunTime:0.000000s ]
INFO: [ view_filter ] --END-- [ RunTime:0.000000s ]
INFO: [ app_end ] --START--
INFO: Run Behavior\ShowPageTraceBehavior [ RunTime:0.000000s ]
INFO: [ app_end ] --END-- [ RunTime:0.000000s ]

[ 2015-11-14T14:10:22+08:00 ] ::1 /index.php/Admin/Miaosha/upload
INFO: [ app_init ] --START--
INFO: Run Behavior\BuildLiteBehavior [ RunTime:0.000000s ]
INFO: [ app_init ] --END-- [ RunTime:0.001000s ]
INFO: [ app_begin ] --START--
INFO: Run Behavior\ReadHtmlCacheBehavior [ RunTime:0.001000s ]
INFO: [ app_begin ] --END-- [ RunTime:0.001000s ]
NOTIC: [8] Undefined variable: ROOT_PATH E:\Works\YYG\Application\Admin\Controller\CommonController.class.php 第 16 行.
NOTIC: [8] Array to string conversion E:\Works\YYG\Application\Admin\Controller\CommonController.class.php 第 16 行.

[ 2015-11-14T14:11:12+08:00 ] ::1 /index.php/Admin/Miaosha/edit/
INFO: [ app_init ] --START--
INFO: Run Behavior\BuildLiteBehavior [ RunTime:0.000000s ]
INFO: [ app_init ] --END-- [ RunTime:0.001000s ]
INFO: [ app_begin ] --START--
INFO: Run Behavior\ReadHtmlCacheBehavior [ RunTime:0.000000s ]
INFO: [ app_begin ] --END-- [ RunTime:0.000000s ]
SQL: SHOW COLUMNS FROM `yyg_goods` [ RunTime:0.0310s ]
SQL: SELECT * FROM `yyg_goods` LIMIT 1   [ RunTime:0.0300s ]
SQL: SHOW COLUMNS FROM `yyg_category` [ RunTime:0.0290s ]
SQL: SELECT * FROM `yyg_category` WHERE ( 1=1 AND cid='4' ) LIMIT 1   [ RunTime:0.0290s ]
SQL: SHOW COLUMNS FROM `yyg_brand` [ RunTime:0.0290s ]
SQL: SELECT * FROM `yyg_brand` WHERE ( 1=1 AND bid='0' ) LIMIT 1   [ RunTime:0.0290s ]
SQL: SHOW COLUMNS FROM `yyg_goods_images` [ RunTime:0.0300s ]
SQL: SELECT * FROM `yyg_goods_images` WHERE `gid` = null  [ RunTime:0.0290s ]
SQL: SHOW COLUMNS FROM `yyg_category` [ RunTime:0.0300s ]
SQL: SELECT * FROM `yyg_category`  [ RunTime:0.0290s ]
SQL: SHOW COLUMNS FROM `yyg_category` [ RunTime:0.0300s ]
SQL: SELECT * FROM `yyg_category` WHERE `cid` = 4 LIMIT 1   [ RunTime:0.0290s ]
SQL: SHOW COLUMNS FROM `yyg_brand` [ RunTime:0.0300s ]
NOTIC: [8] Undefined index: mapping_order E:\Works\YYG\ThinkPHP\Library\Think\Model\RelationModel.class.php 第 186 行.
NOTIC: [8] Undefined index: mapping_limit E:\Works\YYG\ThinkPHP\Library\Think\Model\RelationModel.class.php 第 187 行.
SQL: SELECT b.* FROM yyg_category_has_brand AS a, yyg_brand AS b WHERE a.bid = b.bid AND a. cid='4' [ RunTime:0.0290s ]
INFO: [ view_parse ] --START--
INFO: [ template_filter ] --START--
INFO: Run Behavior\ContentReplaceBehavior [ RunTime:0.000000s ]
INFO: [ template_filter ] --END-- [ RunTime:0.000000s ]
NOTIC: [8] Undefined index: baoyou E:\Works\YYG\Application\Runtime\Cache\Admin\346dfcdf6ec8d3c93d33b5eb4f636a21.php 第 298 行.
NOTIC: [8] Undefined index: baoyou E:\Works\YYG\Application\Runtime\Cache\Admin\346dfcdf6ec8d3c93d33b5eb4f636a21.php 第 298 行.
INFO: Run Behavior\ParseTemplateBehavior [ RunTime:0.011001s ]
INFO: [ view_parse ] --END-- [ RunTime:0.011001s ]
INFO: [ view_filter ] --START--
INFO: Run Behavior\WriteHtmlCacheBehavior [ RunTime:0.000000s ]
INFO: [ view_filter ] --END-- [ RunTime:0.000000s ]
INFO: [ app_end ] --START--
INFO: Run Behavior\ShowPageTraceBehavior [ RunTime:0.001000s ]
INFO: [ app_end ] --END-- [ RunTime:0.001000s ]

[ 2015-11-14T14:11:14+08:00 ] ::1 /index.php/Admin/Miaosha/upload
INFO: [ app_init ] --START--
INFO: Run Behavior\BuildLiteBehavior [ RunTime:0.000000s ]
INFO: [ app_init ] --END-- [ RunTime:0.001001s ]
INFO: [ app_begin ] --START--
INFO: Run Behavior\ReadHtmlCacheBehavior [ RunTime:0.001000s ]
INFO: [ app_begin ] --END-- [ RunTime:0.001000s ]
NOTIC: [8] Undefined variable: ROOT_PATH E:\Works\YYG\Application\Admin\Controller\CommonController.class.php 第 18 行.
NOTIC: [8] Array to string conversion E:\Works\YYG\Application\Admin\Controller\CommonController.class.php 第 18 行.

[ 2015-11-14T14:11:41+08:00 ] ::1 /index.php/Admin/Miaosha/edit/
INFO: [ app_init ] --START--
INFO: Run Behavior\BuildLiteBehavior [ RunTime:0.000000s ]
INFO: [ app_init ] --END-- [ RunTime:0.000000s ]
INFO: [ app_begin ] --START--
INFO: Run Behavior\ReadHtmlCacheBehavior [ RunTime:0.000000s ]
INFO: [ app_begin ] --END-- [ RunTime:0.000000s ]
SQL: SHOW COLUMNS FROM `yyg_goods` [ RunTime:0.0320s ]
SQL: SELECT * FROM `yyg_goods` LIMIT 1   [ RunTime:0.0320s ]
SQL: SHOW COLUMNS FROM `yyg_category` [ RunTime:0.0290s ]
SQL: SELECT * FROM `yyg_category` WHERE ( 1=1 AND cid='4' ) LIMIT 1   [ RunTime:0.0310s ]
SQL: SHOW COLUMNS FROM `yyg_brand` [ RunTime:0.0300s ]
SQL: SELECT * FROM `yyg_brand` WHERE ( 1=1 AND bid='0' ) LIMIT 1   [ RunTime:0.0290s ]
SQL: SHOW COLUMNS FROM `yyg_goods_images` [ RunTime:0.0300s ]
SQL: SELECT * FROM `yyg_goods_images` WHERE `gid` = null  [ RunTime:0.0290s ]
SQL: SHOW COLUMNS FROM `yyg_category` [ RunTime:0.0300s ]
SQL: SELECT * FROM `yyg_category`  [ RunTime:0.0300s ]
SQL: SHOW COLUMNS FROM `yyg_category` [ RunTime:0.0300s ]
SQL: SELECT * FROM `yyg_category` WHERE `cid` = 4 LIMIT 1   [ RunTime:0.0300s ]
SQL: SHOW COLUMNS FROM `yyg_brand` [ RunTime:0.0300s ]
NOTIC: [8] Undefined index: mapping_order E:\Works\YYG\ThinkPHP\Library\Think\Model\RelationModel.class.php 第 186 行.
NOTIC: [8] Undefined index: mapping_limit E:\Works\YYG\ThinkPHP\Library\Think\Model\RelationModel.class.php 第 187 行.
SQL: SELECT b.* FROM yyg_category_has_brand AS a, yyg_brand AS b WHERE a.bid = b.bid AND a. cid='4' [ RunTime:0.0300s ]
INFO: [ view_parse ] --START--
INFO: [ template_filter ] --START--
INFO: Run Behavior\ContentReplaceBehavior [ RunTime:0.000000s ]
INFO: [ template_filter ] --END-- [ RunTime:0.000000s ]
NOTIC: [8] Undefined index: baoyou E:\Works\YYG\Application\Runtime\Cache\Admin\346dfcdf6ec8d3c93d33b5eb4f636a21.php 第 298 行.
NOTIC: [8] Undefined index: baoyou E:\Works\YYG\Application\Runtime\Cache\Admin\346dfcdf6ec8d3c93d33b5eb4f636a21.php 第 298 行.
INFO: Run Behavior\ParseTemplateBehavior [ RunTime:0.015001s ]
INFO: [ view_parse ] --END-- [ RunTime:0.015001s ]
INFO: [ view_filter ] --START--
INFO: Run Behavior\WriteHtmlCacheBehavior [ RunTime:0.001000s ]
INFO: [ view_filter ] --END-- [ RunTime:0.001000s ]
INFO: [ app_end ] --START--
INFO: Run Behavior\ShowPageTraceBehavior [ RunTime:0.000000s ]
INFO: [ app_end ] --END-- [ RunTime:0.000000s ]

[ 2015-11-14T14:11:46+08:00 ] ::1 /index.php/Admin/Miaosha/upload
INFO: [ app_init ] --START--
INFO: Run Behavior\BuildLiteBehavior [ RunTime:0.000000s ]
INFO: [ app_init ] --END-- [ RunTime:0.001000s ]
INFO: [ app_begin ] --START--
INFO: Run Behavior\ReadHtmlCacheBehavior [ RunTime:0.000000s ]
INFO: [ app_begin ] --END-- [ RunTime:0.000000s ]
NOTIC: [8] Undefined variable: ROOT_PATH E:\Works\YYG\Application\Admin\Controller\CommonController.class.php 第 16 行.
NOTIC: [8] Array to string conversion E:\Works\YYG\Application\Admin\Controller\CommonController.class.php 第 16 行.
NOTIC: [8] Undefined variable: ROOT_PATH E:\Works\YYG\Application\Admin\Controller\CommonController.class.php 第 19 行.
NOTIC: [8] Array to string conversion E:\Works\YYG\Application\Admin\Controller\CommonController.class.php 第 19 行.

[ 2015-11-14T14:12:11+08:00 ] ::1 /index.php/Admin/Miaosha/edit/
INFO: [ app_init ] --START--
INFO: Run Behavior\BuildLiteBehavior [ RunTime:0.000000s ]
INFO: [ app_init ] --END-- [ RunTime:0.000000s ]
INFO: [ app_begin ] --START--
INFO: Run Behavior\ReadHtmlCacheBehavior [ RunTime:0.000000s ]
INFO: [ app_begin ] --END-- [ RunTime:0.000000s ]
SQL: SHOW COLUMNS FROM `yyg_goods` [ RunTime:0.0310s ]
SQL: SELECT * FROM `yyg_goods` LIMIT 1   [ RunTime:0.0310s ]
SQL: SHOW COLUMNS FROM `yyg_category` [ RunTime:0.0290s ]
SQL: SELECT * FROM `yyg_category` WHERE ( 1=1 AND cid='4' ) LIMIT 1   [ RunTime:0.0280s ]
SQL: SHOW COLUMNS FROM `yyg_brand` [ RunTime:0.0300s ]
SQL: SELECT * FROM `yyg_brand` WHERE ( 1=1 AND bid='0' ) LIMIT 1   [ RunTime:0.0290s ]
SQL: SHOW COLUMNS FROM `yyg_goods_images` [ RunTime:0.0340s ]
SQL: SELECT * FROM `yyg_goods_images` WHERE `gid` = null  [ RunTime:0.0290s ]
SQL: SHOW COLUMNS FROM `yyg_category` [ RunTime:0.0300s ]
SQL: SELECT * FROM `yyg_category`  [ RunTime:0.0290s ]
SQL: SHOW COLUMNS FROM `yyg_category` [ RunTime:0.0300s ]
SQL: SELECT * FROM `yyg_category` WHERE `cid` = 4 LIMIT 1   [ RunTime:0.0300s ]
SQL: SHOW COLUMNS FROM `yyg_brand` [ RunTime:0.0300s ]
NOTIC: [8] Undefined index: mapping_order E:\Works\YYG\ThinkPHP\Library\Think\Model\RelationModel.class.php 第 186 行.
NOTIC: [8] Undefined index: mapping_limit E:\Works\YYG\ThinkPHP\Library\Think\Model\RelationModel.class.php 第 187 行.
SQL: SELECT b.* FROM yyg_category_has_brand AS a, yyg_brand AS b WHERE a.bid = b.bid AND a. cid='4' [ RunTime:0.0290s ]
INFO: [ view_parse ] --START--
INFO: [ template_filter ] --START--
INFO: Run Behavior\ContentReplaceBehavior [ RunTime:0.000000s ]
INFO: [ template_filter ] --END-- [ RunTime:0.000000s ]
NOTIC: [8] Undefined index: baoyou E:\Works\YYG\Application\Runtime\Cache\Admin\346dfcdf6ec8d3c93d33b5eb4f636a21.php 第 298 行.
NOTIC: [8] Undefined index: baoyou E:\Works\YYG\Application\Runtime\Cache\Admin\346dfcdf6ec8d3c93d33b5eb4f636a21.php 第 298 行.
INFO: Run Behavior\ParseTemplateBehavior [ RunTime:0.011001s ]
INFO: [ view_parse ] --END-- [ RunTime:0.011001s ]
INFO: [ view_filter ] --START--
INFO: Run Behavior\WriteHtmlCacheBehavior [ RunTime:0.000000s ]
INFO: [ view_filter ] --END-- [ RunTime:0.000000s ]
INFO: [ app_end ] --START--
INFO: Run Behavior\ShowPageTraceBehavior [ RunTime:0.000000s ]
INFO: [ app_end ] --END-- [ RunTime:0.000000s ]

[ 2015-11-14T14:12:13+08:00 ] ::1 /index.php/Admin/Miaosha/upload
INFO: [ app_init ] --START--
INFO: Run Behavior\BuildLiteBehavior [ RunTime:0.000000s ]
INFO: [ app_init ] --END-- [ RunTime:0.000000s ]
INFO: [ app_begin ] --START--
INFO: Run Behavior\ReadHtmlCacheBehavior [ RunTime:0.000000s ]
INFO: [ app_begin ] --END-- [ RunTime:0.000000s ]
NOTIC: [8] Undefined variable: ROOT_PATH E:\Works\YYG\Application\Admin\Controller\CommonController.class.php 第 16 行.
NOTIC: [8] Array to string conversion E:\Works\YYG\Application\Admin\Controller\CommonController.class.php 第 16 行.
INFO: [ app_end ] --START--
INFO: Run Behavior\ShowPageTraceBehavior [ RunTime:0.000000s ]
INFO: [ app_end ] --END-- [ RunTime:0.000000s ]

[ 2015-11-14T14:12:50+08:00 ] ::1 /index.php/Admin/Miaosha/edit/
INFO: [ app_init ] --START--
INFO: Run Behavior\BuildLiteBehavior [ RunTime:0.000000s ]
INFO: [ app_init ] --END-- [ RunTime:0.000000s ]
INFO: [ app_begin ] --START--
INFO: Run Behavior\ReadHtmlCacheBehavior [ RunTime:0.000000s ]
INFO: [ app_begin ] --END-- [ RunTime:0.000000s ]
SQL: SHOW COLUMNS FROM `yyg_goods` [ RunTime:0.0310s ]
SQL: SELECT * FROM `yyg_goods` LIMIT 1   [ RunTime:0.0300s ]
SQL: SHOW COLUMNS FROM `yyg_category` [ RunTime:0.0290s ]
SQL: SELECT * FROM `yyg_category` WHERE ( 1=1 AND cid='4' ) LIMIT 1   [ RunTime:0.0290s ]
SQL: SHOW COLUMNS FROM `yyg_brand` [ RunTime:0.0300s ]
SQL: SELECT * FROM `yyg_brand` WHERE ( 1=1 AND bid='0' ) LIMIT 1   [ RunTime:0.0290s ]
SQL: SHOW COLUMNS FROM `yyg_goods_images` [ RunTime:0.0300s ]
SQL: SELECT * FROM `yyg_goods_images` WHERE `gid` = null  [ RunTime:0.0290s ]
SQL: SHOW COLUMNS FROM `yyg_category` [ RunTime:0.0290s ]
SQL: SELECT * FROM `yyg_category`  [ RunTime:0.0300s ]
SQL: SHOW COLUMNS FROM `yyg_category` [ RunTime:0.0300s ]
SQL: SELECT * FROM `yyg_category` WHERE `cid` = 4 LIMIT 1   [ RunTime:0.0300s ]
SQL: SHOW COLUMNS FROM `yyg_brand` [ RunTime:0.0300s ]
NOTIC: [8] Undefined index: mapping_order E:\Works\YYG\ThinkPHP\Library\Think\Model\RelationModel.class.php 第 186 行.
NOTIC: [8] Undefined index: mapping_limit E:\Works\YYG\ThinkPHP\Library\Think\Model\RelationModel.class.php 第 187 行.
SQL: SELECT b.* FROM yyg_category_has_brand AS a, yyg_brand AS b WHERE a.bid = b.bid AND a. cid='4' [ RunTime:0.0300s ]
INFO: [ view_parse ] --START--
INFO: [ template_filter ] --START--
INFO: Run Behavior\ContentReplaceBehavior [ RunTime:0.000000s ]
INFO: [ template_filter ] --END-- [ RunTime:0.001000s ]
NOTIC: [8] Undefined index: baoyou E:\Works\YYG\Application\Runtime\Cache\Admin\346dfcdf6ec8d3c93d33b5eb4f636a21.php 第 298 行.
NOTIC: [8] Undefined index: baoyou E:\Works\YYG\Application\Runtime\Cache\Admin\346dfcdf6ec8d3c93d33b5eb4f636a21.php 第 298 行.
INFO: Run Behavior\ParseTemplateBehavior [ RunTime:0.024001s ]
INFO: [ view_parse ] --END-- [ RunTime:0.024001s ]
INFO: [ view_filter ] --START--
INFO: Run Behavior\WriteHtmlCacheBehavior [ RunTime:0.000000s ]
INFO: [ view_filter ] --END-- [ RunTime:0.000000s ]
INFO: [ app_end ] --START--
INFO: Run Behavior\ShowPageTraceBehavior [ RunTime:0.000000s ]
INFO: [ app_end ] --END-- [ RunTime:0.000000s ]

[ 2015-11-14T14:12:52+08:00 ] ::1 /index.php/Admin/Miaosha/edit/
INFO: [ app_init ] --START--
INFO: Run Behavior\BuildLiteBehavior [ RunTime:0.000000s ]
INFO: [ app_init ] --END-- [ RunTime:0.000000s ]
INFO: [ app_begin ] --START--
INFO: Run Behavior\ReadHtmlCacheBehavior [ RunTime:0.000000s ]
INFO: [ app_begin ] --END-- [ RunTime:0.000000s ]
SQL: SHOW COLUMNS FROM `yyg_goods` [ RunTime:0.0350s ]
SQL: SELECT * FROM `yyg_goods` LIMIT 1   [ RunTime:0.0310s ]
SQL: SHOW COLUMNS FROM `yyg_category` [ RunTime:0.0300s ]
SQL: SELECT * FROM `yyg_category` WHERE ( 1=1 AND cid='4' ) LIMIT 1   [ RunTime:0.0300s ]
SQL: SHOW COLUMNS FROM `yyg_brand` [ RunTime:0.0300s ]
SQL: SELECT * FROM `yyg_brand` WHERE ( 1=1 AND bid='0' ) LIMIT 1   [ RunTime:0.0300s ]
SQL: SHOW COLUMNS FROM `yyg_goods_images` [ RunTime:0.0300s ]
SQL: SELECT * FROM `yyg_goods_images` WHERE `gid` = null  [ RunTime:0.0290s ]
SQL: SHOW COLUMNS FROM `yyg_category` [ RunTime:0.0300s ]
SQL: SELECT * FROM `yyg_category`  [ RunTime:0.0300s ]
SQL: SHOW COLUMNS FROM `yyg_category` [ RunTime:0.0310s ]
SQL: SELECT * FROM `yyg_category` WHERE `cid` = 4 LIMIT 1   [ RunTime:0.0300s ]
SQL: SHOW COLUMNS FROM `yyg_brand` [ RunTime:0.0300s ]
NOTIC: [8] Undefined index: mapping_order E:\Works\YYG\ThinkPHP\Library\Think\Model\RelationModel.class.php 第 186 行.
NOTIC: [8] Undefined index: mapping_limit E:\Works\YYG\ThinkPHP\Library\Think\Model\RelationModel.class.php 第 187 行.
SQL: SELECT b.* FROM yyg_category_has_brand AS a, yyg_brand AS b WHERE a.bid = b.bid AND a. cid='4' [ RunTime:0.0300s ]
INFO: [ view_parse ] --START--
INFO: [ template_filter ] --START--
INFO: Run Behavior\ContentReplaceBehavior [ RunTime:0.000000s ]
INFO: [ template_filter ] --END-- [ RunTime:0.000000s ]
NOTIC: [8] Undefined index: baoyou E:\Works\YYG\Application\Runtime\Cache\Admin\346dfcdf6ec8d3c93d33b5eb4f636a21.php 第 298 行.
NOTIC: [8] Undefined index: baoyou E:\Works\YYG\Application\Runtime\Cache\Admin\346dfcdf6ec8d3c93d33b5eb4f636a21.php 第 298 行.
INFO: Run Behavior\ParseTemplateBehavior [ RunTime:0.011001s ]
INFO: [ view_parse ] --END-- [ RunTime:0.011001s ]
INFO: [ view_filter ] --START--
INFO: Run Behavior\WriteHtmlCacheBehavior [ RunTime:0.000000s ]
INFO: [ view_filter ] --END-- [ RunTime:0.000000s ]
INFO: [ app_end ] --START--
INFO: Run Behavior\ShowPageTraceBehavior [ RunTime:0.000000s ]
INFO: [ app_end ] --END-- [ RunTime:0.000000s ]

[ 2015-11-14T14:12:54+08:00 ] ::1 /index.php/Admin/Miaosha/upload
INFO: [ app_init ] --START--
INFO: Run Behavior\BuildLiteBehavior [ RunTime:0.000000s ]
INFO: [ app_init ] --END-- [ RunTime:0.001000s ]
INFO: [ app_begin ] --START--
INFO: Run Behavior\ReadHtmlCacheBehavior [ RunTime:0.000000s ]
INFO: [ app_begin ] --END-- [ RunTime:0.000000s ]
NOTIC: [2] call_user_func() expects parameter 1 to be a valid callback, no array or string given E:\Works\YYG\ThinkPHP\Library\Think\Upload.class.php 第 170 行.

[ 2015-11-14T14:12:57+08:00 ] ::1 /index.php/Admin/Miaosha/edit/
INFO: [ app_init ] --START--
INFO: Run Behavior\BuildLiteBehavior [ RunTime:0.000000s ]
INFO: [ app_init ] --END-- [ RunTime:0.000000s ]
INFO: [ app_begin ] --START--
INFO: Run Behavior\ReadHtmlCacheBehavior [ RunTime:0.001000s ]
INFO: [ app_begin ] --END-- [ RunTime:0.001000s ]
SQL: SHOW COLUMNS FROM `yyg_goods` [ RunTime:0.0370s ]
SQL: SELECT * FROM `yyg_goods` LIMIT 1   [ RunTime:0.0360s ]
SQL: SHOW COLUMNS FROM `yyg_category` [ RunTime:0.0370s ]
SQL: SELECT * FROM `yyg_category` WHERE ( 1=1 AND cid='4' ) LIMIT 1   [ RunTime:0.0350s ]
SQL: SHOW COLUMNS FROM `yyg_brand` [ RunTime:0.0370s ]
SQL: SELECT * FROM `yyg_brand` WHERE ( 1=1 AND bid='0' ) LIMIT 1   [ RunTime:0.0350s ]
SQL: SHOW COLUMNS FROM `yyg_goods_images` [ RunTime:0.0370s ]
SQL: SELECT * FROM `yyg_goods_images` WHERE `gid` = null  [ RunTime:0.0350s ]
SQL: SHOW COLUMNS FROM `yyg_category` [ RunTime:0.0360s ]
SQL: SELECT * FROM `yyg_category`  [ RunTime:0.0360s ]
SQL: SHOW COLUMNS FROM `yyg_category` [ RunTime:0.0360s ]
SQL: SELECT * FROM `yyg_category` WHERE `cid` = 4 LIMIT 1   [ RunTime:0.0360s ]
SQL: SHOW COLUMNS FROM `yyg_brand` [ RunTime:0.0360s ]
NOTIC: [8] Undefined index: mapping_order E:\Works\YYG\ThinkPHP\Library\Think\Model\RelationModel.class.php 第 186 行.
NOTIC: [8] Undefined index: mapping_limit E:\Works\YYG\ThinkPHP\Library\Think\Model\RelationModel.class.php 第 187 行.
SQL: SELECT b.* FROM yyg_category_has_brand AS a, yyg_brand AS b WHERE a.bid = b.bid AND a. cid='4' [ RunTime:0.0350s ]
INFO: [ view_parse ] --START--
INFO: [ template_filter ] --START--
INFO: Run Behavior\ContentReplaceBehavior [ RunTime:0.001000s ]
INFO: [ template_filter ] --END-- [ RunTime:0.001000s ]
NOTIC: [8] Undefined index: baoyou E:\Works\YYG\Application\Runtime\Cache\Admin\346dfcdf6ec8d3c93d33b5eb4f636a21.php 第 298 行.
NOTIC: [8] Undefined index: baoyou E:\Works\YYG\Application\Runtime\Cache\Admin\346dfcdf6ec8d3c93d33b5eb4f636a21.php 第 298 行.
INFO: Run Behavior\ParseTemplateBehavior [ RunTime:0.014000s ]
INFO: [ view_parse ] --END-- [ RunTime:0.014000s ]
INFO: [ view_filter ] --START--
INFO: Run Behavior\WriteHtmlCacheBehavior [ RunTime:0.000000s ]
INFO: [ view_filter ] --END-- [ RunTime:0.000000s ]
INFO: [ app_end ] --START--
INFO: Run Behavior\ShowPageTraceBehavior [ RunTime:0.000000s ]
INFO: [ app_end ] --END-- [ RunTime:0.000000s ]

[ 2015-11-14T14:13:00+08:00 ] ::1 /index.php/Admin/Miaosha/upload
INFO: [ app_init ] --START--
INFO: Run Behavior\BuildLiteBehavior [ RunTime:0.000000s ]
INFO: [ app_init ] --END-- [ RunTime:0.001000s ]
INFO: [ app_begin ] --START--
INFO: Run Behavior\ReadHtmlCacheBehavior [ RunTime:0.001000s ]
INFO: [ app_begin ] --END-- [ RunTime:0.001000s ]
NOTIC: [2] call_user_func() expects parameter 1 to be a valid callback, no array or string given E:\Works\YYG\ThinkPHP\Library\Think\Upload.class.php 第 170 行.

[ 2015-11-14T14:13:04+08:00 ] ::1 /index.php/Admin/Miaosha/edit/
INFO: [ app_init ] --START--
INFO: Run Behavior\BuildLiteBehavior [ RunTime:0.000000s ]
INFO: [ app_init ] --END-- [ RunTime:0.000000s ]
INFO: [ app_begin ] --START--
INFO: Run Behavior\ReadHtmlCacheBehavior [ RunTime:0.001000s ]
INFO: [ app_begin ] --END-- [ RunTime:0.001000s ]
SQL: SHOW COLUMNS FROM `yyg_goods` [ RunTime:0.0360s ]
SQL: SELECT * FROM `yyg_goods` LIMIT 1   [ RunTime:0.0370s ]
SQL: SHOW COLUMNS FROM `yyg_category` [ RunTime:0.0350s ]
SQL: SELECT * FROM `yyg_category` WHERE ( 1=1 AND cid='4' ) LIMIT 1   [ RunTime:0.0350s ]
SQL: SHOW COLUMNS FROM `yyg_brand` [ RunTime:0.0360s ]
SQL: SELECT * FROM `yyg_brand` WHERE ( 1=1 AND bid='0' ) LIMIT 1   [ RunTime:0.0350s ]
SQL: SHOW COLUMNS FROM `yyg_goods_images` [ RunTime:0.0360s ]
SQL: SELECT * FROM `yyg_goods_images` WHERE `gid` = null  [ RunTime:0.0350s ]
SQL: SHOW COLUMNS FROM `yyg_category` [ RunTime:0.0360s ]
SQL: SELECT * FROM `yyg_category`  [ RunTime:0.0360s ]
SQL: SHOW COLUMNS FROM `yyg_category` [ RunTime:0.0360s ]
SQL: SELECT * FROM `yyg_category` WHERE `cid` = 4 LIMIT 1   [ RunTime:0.0350s ]
SQL: SHOW COLUMNS FROM `yyg_brand` [ RunTime:0.0350s ]
NOTIC: [8] Undefined index: mapping_order E:\Works\YYG\ThinkPHP\Library\Think\Model\RelationModel.class.php 第 186 行.
NOTIC: [8] Undefined index: mapping_limit E:\Works\YYG\ThinkPHP\Library\Think\Model\RelationModel.class.php 第 187 行.
SQL: SELECT b.* FROM yyg_category_has_brand AS a, yyg_brand AS b WHERE a.bid = b.bid AND a. cid='4' [ RunTime:0.0350s ]
INFO: [ view_parse ] --START--
INFO: [ template_filter ] --START--
INFO: Run Behavior\ContentReplaceBehavior [ RunTime:0.001000s ]
INFO: [ template_filter ] --END-- [ RunTime:0.001000s ]
NOTIC: [8] Undefined index: baoyou E:\Works\YYG\Application\Runtime\Cache\Admin\346dfcdf6ec8d3c93d33b5eb4f636a21.php 第 298 行.
NOTIC: [8] Undefined index: baoyou E:\Works\YYG\Application\Runtime\Cache\Admin\346dfcdf6ec8d3c93d33b5eb4f636a21.php 第 298 行.
INFO: Run Behavior\ParseTemplateBehavior [ RunTime:0.016001s ]
INFO: [ view_parse ] --END-- [ RunTime:0.016001s ]
INFO: [ view_filter ] --START--
INFO: Run Behavior\WriteHtmlCacheBehavior [ RunTime:0.001000s ]
INFO: [ view_filter ] --END-- [ RunTime:0.001000s ]
INFO: [ app_end ] --START--
INFO: Run Behavior\ShowPageTraceBehavior [ RunTime:0.002000s ]
INFO: [ app_end ] --END-- [ RunTime:0.002000s ]

[ 2015-11-14T14:13:07+08:00 ] ::1 /index.php/Admin/Miaosha/upload
INFO: [ app_init ] --START--
INFO: Run Behavior\BuildLiteBehavior [ RunTime:0.000000s ]
INFO: [ app_init ] --END-- [ RunTime:0.000000s ]
INFO: [ app_begin ] --START--
INFO: Run Behavior\ReadHtmlCacheBehavior [ RunTime:0.000000s ]
INFO: [ app_begin ] --END-- [ RunTime:0.001001s ]
NOTIC: [2] call_user_func() expects parameter 1 to be a valid callback, no array or string given E:\Works\YYG\ThinkPHP\Library\Think\Upload.class.php 第 170 行.

[ 2015-11-14T14:13:38+08:00 ] ::1 /index.php/Admin/Miaosha/edit/
INFO: [ app_init ] --START--
INFO: Run Behavior\BuildLiteBehavior [ RunTime:0.000000s ]
INFO: [ app_init ] --END-- [ RunTime:0.000000s ]
INFO: [ app_begin ] --START--
INFO: Run Behavior\ReadHtmlCacheBehavior [ RunTime:0.000000s ]
INFO: [ app_begin ] --END-- [ RunTime:0.000000s ]
SQL: SHOW COLUMNS FROM `yyg_goods` [ RunTime:0.0350s ]
SQL: SELECT * FROM `yyg_goods` LIMIT 1   [ RunTime:0.0350s ]
SQL: SHOW COLUMNS FROM `yyg_category` [ RunTime:0.0350s ]
SQL: SELECT * FROM `yyg_category` WHERE ( 1=1 AND cid='4' ) LIMIT 1   [ RunTime:0.0340s ]
SQL: SHOW COLUMNS FROM `yyg_brand` [ RunTime:0.0340s ]
SQL: SELECT * FROM `yyg_brand` WHERE ( 1=1 AND bid='0' ) LIMIT 1   [ RunTime:0.0340s ]
SQL: SHOW COLUMNS FROM `yyg_goods_images` [ RunTime:0.0340s ]
SQL: SELECT * FROM `yyg_goods_images` WHERE `gid` = null  [ RunTime:0.0340s ]
SQL: SHOW COLUMNS FROM `yyg_category` [ RunTime:0.0340s ]
SQL: SELECT * FROM `yyg_category`  [ RunTime:0.0340s ]
SQL: SHOW COLUMNS FROM `yyg_category` [ RunTime:0.0340s ]
SQL: SELECT * FROM `yyg_category` WHERE `cid` = 4 LIMIT 1   [ RunTime:0.0340s ]
SQL: SHOW COLUMNS FROM `yyg_brand` [ RunTime:0.0340s ]
NOTIC: [8] Undefined index: mapping_order E:\Works\YYG\ThinkPHP\Library\Think\Model\RelationModel.class.php 第 186 行.
NOTIC: [8] Undefined index: mapping_limit E:\Works\YYG\ThinkPHP\Library\Think\Model\RelationModel.class.php 第 187 行.
SQL: SELECT b.* FROM yyg_category_has_brand AS a, yyg_brand AS b WHERE a.bid = b.bid AND a. cid='4' [ RunTime:0.0240s ]
INFO: [ view_parse ] --START--
INFO: [ template_filter ] --START--
INFO: Run Behavior\ContentReplaceBehavior [ RunTime:0.000000s ]
INFO: [ template_filter ] --END-- [ RunTime:0.000000s ]
NOTIC: [8] Undefined index: baoyou E:\Works\YYG\Application\Runtime\Cache\Admin\346dfcdf6ec8d3c93d33b5eb4f636a21.php 第 298 行.
NOTIC: [8] Undefined index: baoyou E:\Works\YYG\Application\Runtime\Cache\Admin\346dfcdf6ec8d3c93d33b5eb4f636a21.php 第 298 行.
INFO: Run Behavior\ParseTemplateBehavior [ RunTime:0.034200s ]
INFO: [ view_parse ] --END-- [ RunTime:0.034200s ]
INFO: [ view_filter ] --START--
INFO: Run Behavior\WriteHtmlCacheBehavior [ RunTime:0.001000s ]
INFO: [ view_filter ] --END-- [ RunTime:0.001000s ]
INFO: [ app_end ] --START--
INFO: Run Behavior\ShowPageTraceBehavior [ RunTime:0.002000s ]
INFO: [ app_end ] --END-- [ RunTime:0.002000s ]

[ 2015-11-14T14:13:41+08:00 ] ::1 /index.php/Admin/Miaosha/upload
INFO: [ app_init ] --START--
INFO: Run Behavior\BuildLiteBehavior [ RunTime:0.000000s ]
INFO: [ app_init ] --END-- [ RunTime:0.000000s ]
INFO: [ app_begin ] --START--
INFO: Run Behavior\ReadHtmlCacheBehavior [ RunTime:0.001000s ]
INFO: [ app_begin ] --END-- [ RunTime:0.001000s ]
NOTIC: [2] call_user_func() expects parameter 1 to be a valid callback, no array or string given E:\Works\YYG\ThinkPHP\Library\Think\Upload.class.php 第 170 行.

[ 2015-11-14T14:13:46+08:00 ] ::1 /index.php/Admin/Miaosha/edit/12
INFO: [ app_init ] --START--
INFO: Run Behavior\BuildLiteBehavior [ RunTime:0.000000s ]
INFO: [ app_init ] --END-- [ RunTime:0.001000s ]
INFO: [ app_begin ] --START--
INFO: Run Behavior\ReadHtmlCacheBehavior [ RunTime:0.001000s ]
INFO: [ app_begin ] --END-- [ RunTime:0.001000s ]
SQL: SHOW COLUMNS FROM `yyg_goods` [ RunTime:0.0360s ]
SQL: SELECT * FROM `yyg_goods` WHERE `gid` = 12 LIMIT 1   [ RunTime:0.0350s ]
SQL: SHOW COLUMNS FROM `yyg_category` [ RunTime:0.0350s ]
SQL: SELECT * FROM `yyg_category` WHERE ( 1=1 AND cid='4' ) LIMIT 1   [ RunTime:0.0350s ]
SQL: SHOW COLUMNS FROM `yyg_brand` [ RunTime:0.0350s ]
SQL: SELECT * FROM `yyg_brand` WHERE ( 1=1 AND bid='0' ) LIMIT 1   [ RunTime:0.0340s ]
SQL: SHOW COLUMNS FROM `yyg_goods_images` [ RunTime:0.0350s ]
SQL: SELECT * FROM `yyg_goods_images` WHERE `gid` = 12  [ RunTime:0.0340s ]
SQL: SHOW COLUMNS FROM `yyg_category` [ RunTime:0.0350s ]
SQL: SELECT * FROM `yyg_category`  [ RunTime:0.0350s ]
SQL: SHOW COLUMNS FROM `yyg_category` [ RunTime:0.0350s ]
SQL: SELECT * FROM `yyg_category` WHERE `cid` = 4 LIMIT 1   [ RunTime:0.0340s ]
SQL: SHOW COLUMNS FROM `yyg_brand` [ RunTime:0.0350s ]
NOTIC: [8] Undefined index: mapping_order E:\Works\YYG\ThinkPHP\Library\Think\Model\RelationModel.class.php 第 186 行.
NOTIC: [8] Undefined index: mapping_limit E:\Works\YYG\ThinkPHP\Library\Think\Model\RelationModel.class.php 第 187 行.
SQL: SELECT b.* FROM yyg_category_has_brand AS a, yyg_brand AS b WHERE a.bid = b.bid AND a. cid='4' [ RunTime:0.0340s ]
INFO: [ view_parse ] --START--
INFO: [ template_filter ] --START--
INFO: Run Behavior\ContentReplaceBehavior [ RunTime:0.000000s ]
INFO: [ template_filter ] --END-- [ RunTime:0.000000s ]
NOTIC: [8] Undefined index: baoyou E:\Works\YYG\Application\Runtime\Cache\Admin\346dfcdf6ec8d3c93d33b5eb4f636a21.php 第 298 行.
NOTIC: [8] Undefined index: baoyou E:\Works\YYG\Application\Runtime\Cache\Admin\346dfcdf6ec8d3c93d33b5eb4f636a21.php 第 298 行.
INFO: Run Behavior\ParseTemplateBehavior [ RunTime:0.023002s ]
INFO: [ view_parse ] --END-- [ RunTime:0.023002s ]
INFO: [ view_filter ] --START--
INFO: Run Behavior\WriteHtmlCacheBehavior [ RunTime:0.001000s ]
INFO: [ view_filter ] --END-- [ RunTime:0.001000s ]
INFO: [ app_end ] --START--
INFO: Run Behavior\ShowPageTraceBehavior [ RunTime:0.001000s ]
INFO: [ app_end ] --END-- [ RunTime:0.002000s ]

[ 2015-11-14T14:13:46+08:00 ] ::1 /index.php/Admin/Public/ueditup?action=config&&noCache=1447481626385
INFO: [ app_init ] --START--
INFO: Run Behavior\BuildLiteBehavior [ RunTime:0.000000s ]
INFO: [ app_init ] --END-- [ RunTime:0.000000s ]
INFO: [ app_begin ] --START--
INFO: Run Behavior\ReadHtmlCacheBehavior [ RunTime:0.001000s ]
INFO: [ app_begin ] --END-- [ RunTime:0.001000s ]
INFO: [ app_end ] --START--
INFO: Run Behavior\ShowPageTraceBehavior [ RunTime:0.000000s ]
INFO: [ app_end ] --END-- [ RunTime:0.001000s ]

[ 2015-11-14T14:13:48+08:00 ] ::1 /index.php/Admin/Miaosha/edit/
INFO: [ app_init ] --START--
INFO: Run Behavior\BuildLiteBehavior [ RunTime:0.000000s ]
INFO: [ app_init ] --END-- [ RunTime:0.000000s ]
INFO: [ app_begin ] --START--
INFO: Run Behavior\ReadHtmlCacheBehavior [ RunTime:0.000000s ]
INFO: [ app_begin ] --END-- [ RunTime:0.000000s ]
SQL: SHOW COLUMNS FROM `yyg_goods` [ RunTime:0.0310s ]
SQL: SELECT * FROM `yyg_goods` LIMIT 1   [ RunTime:0.0300s ]
SQL: SHOW COLUMNS FROM `yyg_category` [ RunTime:0.0300s ]
SQL: SELECT * FROM `yyg_category` WHERE ( 1=1 AND cid='4' ) LIMIT 1   [ RunTime:0.0300s ]
SQL: SHOW COLUMNS FROM `yyg_brand` [ RunTime:0.0290s ]
SQL: SELECT * FROM `yyg_brand` WHERE ( 1=1 AND bid='0' ) LIMIT 1   [ RunTime:0.0290s ]
SQL: SHOW COLUMNS FROM `yyg_goods_images` [ RunTime:0.0300s ]
SQL: SELECT * FROM `yyg_goods_images` WHERE `gid` = null  [ RunTime:0.0290s ]
SQL: SHOW COLUMNS FROM `yyg_category` [ RunTime:0.0300s ]
SQL: SELECT * FROM `yyg_category`  [ RunTime:0.0290s ]
SQL: SHOW COLUMNS FROM `yyg_category` [ RunTime:0.0300s ]
SQL: SELECT * FROM `yyg_category` WHERE `cid` = 4 LIMIT 1   [ RunTime:0.0290s ]
SQL: SHOW COLUMNS FROM `yyg_brand` [ RunTime:0.0300s ]
NOTIC: [8] Undefined index: mapping_order E:\Works\YYG\ThinkPHP\Library\Think\Model\RelationModel.class.php 第 186 行.
NOTIC: [8] Undefined index: mapping_limit E:\Works\YYG\ThinkPHP\Library\Think\Model\RelationModel.class.php 第 187 行.
SQL: SELECT b.* FROM yyg_category_has_brand AS a, yyg_brand AS b WHERE a.bid = b.bid AND a. cid='4' [ RunTime:0.0290s ]
INFO: [ view_parse ] --START--
INFO: [ template_filter ] --START--
INFO: Run Behavior\ContentReplaceBehavior [ RunTime:0.001000s ]
INFO: [ template_filter ] --END-- [ RunTime:0.001000s ]
NOTIC: [8] Undefined index: baoyou E:\Works\YYG\Application\Runtime\Cache\Admin\346dfcdf6ec8d3c93d33b5eb4f636a21.php 第 298 行.
NOTIC: [8] Undefined index: baoyou E:\Works\YYG\Application\Runtime\Cache\Admin\346dfcdf6ec8d3c93d33b5eb4f636a21.php 第 298 行.
INFO: Run Behavior\ParseTemplateBehavior [ RunTime:0.015001s ]
INFO: [ view_parse ] --END-- [ RunTime:0.015001s ]
INFO: [ view_filter ] --START--
INFO: Run Behavior\WriteHtmlCacheBehavior [ RunTime:0.001000s ]
INFO: [ view_filter ] --END-- [ RunTime:0.001000s ]
INFO: [ app_end ] --START--
INFO: Run Behavior\ShowPageTraceBehavior [ RunTime:0.001000s ]
INFO: [ app_end ] --END-- [ RunTime:0.002000s ]

[ 2015-11-14T14:13:49+08:00 ] ::1 /index.php/Admin/Miaosha/upload
INFO: [ app_init ] --START--
INFO: Run Behavior\BuildLiteBehavior [ RunTime:0.000000s ]
INFO: [ app_init ] --END-- [ RunTime:0.001000s ]
INFO: [ app_begin ] --START--
INFO: Run Behavior\ReadHtmlCacheBehavior [ RunTime:0.000000s ]
INFO: [ app_begin ] --END-- [ RunTime:0.000000s ]
NOTIC: [2] call_user_func() expects parameter 1 to be a valid callback, no array or string given E:\Works\YYG\ThinkPHP\Library\Think\Upload.class.php 第 170 行.

[ 2015-11-14T14:14:22+08:00 ] ::1 /index.php/Admin/Miaosha/edit/
INFO: [ app_init ] --START--
INFO: Run Behavior\BuildLiteBehavior [ RunTime:0.000000s ]
INFO: [ app_init ] --END-- [ RunTime:0.001000s ]
INFO: [ app_begin ] --START--
INFO: Run Behavior\ReadHtmlCacheBehavior [ RunTime:0.000000s ]
INFO: [ app_begin ] --END-- [ RunTime:0.000000s ]
SQL: SHOW COLUMNS FROM `yyg_goods` [ RunTime:0.0310s ]
SQL: SELECT * FROM `yyg_goods` LIMIT 1   [ RunTime:0.0310s ]
SQL: SHOW COLUMNS FROM `yyg_category` [ RunTime:0.0300s ]
SQL: SELECT * FROM `yyg_category` WHERE ( 1=1 AND cid='4' ) LIMIT 1   [ RunTime:0.0290s ]
SQL: SHOW COLUMNS FROM `yyg_brand` [ RunTime:0.0300s ]
SQL: SELECT * FROM `yyg_brand` WHERE ( 1=1 AND bid='0' ) LIMIT 1   [ RunTime:0.0300s ]
SQL: SHOW COLUMNS FROM `yyg_goods_images` [ RunTime:0.0300s ]
SQL: SELECT * FROM `yyg_goods_images` WHERE `gid` = null  [ RunTime:0.0290s ]
SQL: SHOW COLUMNS FROM `yyg_category` [ RunTime:0.0300s ]
SQL: SELECT * FROM `yyg_category`  [ RunTime:0.0300s ]
SQL: SHOW COLUMNS FROM `yyg_category` [ RunTime:0.0290s ]
SQL: SELECT * FROM `yyg_category` WHERE `cid` = 4 LIMIT 1   [ RunTime:0.0290s ]
SQL: SHOW COLUMNS FROM `yyg_brand` [ RunTime:0.0300s ]
NOTIC: [8] Undefined index: mapping_order E:\Works\YYG\ThinkPHP\Library\Think\Model\RelationModel.class.php 第 186 行.
NOTIC: [8] Undefined index: mapping_limit E:\Works\YYG\ThinkPHP\Library\Think\Model\RelationModel.class.php 第 187 行.
SQL: SELECT b.* FROM yyg_category_has_brand AS a, yyg_brand AS b WHERE a.bid = b.bid AND a. cid='4' [ RunTime:0.0300s ]
INFO: [ view_parse ] --START--
INFO: [ template_filter ] --START--
INFO: Run Behavior\ContentReplaceBehavior [ RunTime:0.000000s ]
INFO: [ template_filter ] --END-- [ RunTime:0.000000s ]
NOTIC: [8] Undefined index: baoyou E:\Works\YYG\Application\Runtime\Cache\Admin\346dfcdf6ec8d3c93d33b5eb4f636a21.php 第 298 行.
NOTIC: [8] Undefined index: baoyou E:\Works\YYG\Application\Runtime\Cache\Admin\346dfcdf6ec8d3c93d33b5eb4f636a21.php 第 298 行.
INFO: Run Behavior\ParseTemplateBehavior [ RunTime:0.012001s ]
INFO: [ view_parse ] --END-- [ RunTime:0.012001s ]
INFO: [ view_filter ] --START--
INFO: Run Behavior\WriteHtmlCacheBehavior [ RunTime:0.001000s ]
INFO: [ view_filter ] --END-- [ RunTime:0.001000s ]
INFO: [ app_end ] --START--
INFO: Run Behavior\ShowPageTraceBehavior [ RunTime:0.000000s ]
INFO: [ app_end ] --END-- [ RunTime:0.000000s ]

[ 2015-11-14T14:14:27+08:00 ] ::1 /index.php/Admin/Miaosha/upload
INFO: [ app_init ] --START--
INFO: Run Behavior\BuildLiteBehavior [ RunTime:0.000000s ]
INFO: [ app_init ] --END-- [ RunTime:0.001000s ]
INFO: [ app_begin ] --START--
INFO: Run Behavior\ReadHtmlCacheBehavior [ RunTime:0.000000s ]
INFO: [ app_begin ] --END-- [ RunTime:0.000000s ]
NOTIC: [2] call_user_func() expects parameter 1 to be a valid callback, no array or string given E:\Works\YYG\ThinkPHP\Library\Think\Upload.class.php 第 170 行.

[ 2015-11-14T14:15:29+08:00 ] ::1 /index.php/Admin/Miaosha/edit/12
INFO: [ app_init ] --START--
INFO: Run Behavior\BuildLiteBehavior [ RunTime:0.000000s ]
INFO: [ app_init ] --END-- [ RunTime:0.000000s ]
INFO: [ app_begin ] --START--
INFO: Run Behavior\ReadHtmlCacheBehavior [ RunTime:0.000000s ]
INFO: [ app_begin ] --END-- [ RunTime:0.000000s ]
SQL: SHOW COLUMNS FROM `yyg_goods` [ RunTime:0.0310s ]
SQL: SELECT * FROM `yyg_goods` WHERE `gid` = 12 LIMIT 1   [ RunTime:0.0300s ]
SQL: SHOW COLUMNS FROM `yyg_category` [ RunTime:0.0300s ]
SQL: SELECT * FROM `yyg_category` WHERE ( 1=1 AND cid='4' ) LIMIT 1   [ RunTime:0.0290s ]
SQL: SHOW COLUMNS FROM `yyg_brand` [ RunTime:0.0290s ]
SQL: SELECT * FROM `yyg_brand` WHERE ( 1=1 AND bid='0' ) LIMIT 1   [ RunTime:0.0280s ]
SQL: SHOW COLUMNS FROM `yyg_goods_images` [ RunTime:0.0290s ]
SQL: SELECT * FROM `yyg_goods_images` WHERE `gid` = 12  [ RunTime:0.0290s ]
SQL: SHOW COLUMNS FROM `yyg_category` [ RunTime:0.0300s ]
SQL: SELECT * FROM `yyg_category`  [ RunTime:0.0300s ]
SQL: SHOW COLUMNS FROM `yyg_category` [ RunTime:0.0300s ]
SQL: SELECT * FROM `yyg_category` WHERE `cid` = 4 LIMIT 1   [ RunTime:0.0290s ]
SQL: SHOW COLUMNS FROM `yyg_brand` [ RunTime:0.0300s ]
NOTIC: [8] Undefined index: mapping_order E:\Works\YYG\ThinkPHP\Library\Think\Model\RelationModel.class.php 第 186 行.
NOTIC: [8] Undefined index: mapping_limit E:\Works\YYG\ThinkPHP\Library\Think\Model\RelationModel.class.php 第 187 行.
SQL: SELECT b.* FROM yyg_category_has_brand AS a, yyg_brand AS b WHERE a.bid = b.bid AND a. cid='4' [ RunTime:0.0290s ]
INFO: [ view_parse ] --START--
INFO: [ template_filter ] --START--
INFO: Run Behavior\ContentReplaceBehavior [ RunTime:0.000000s ]
INFO: [ template_filter ] --END-- [ RunTime:0.000000s ]
NOTIC: [8] Undefined index: baoyou E:\Works\YYG\Application\Runtime\Cache\Admin\346dfcdf6ec8d3c93d33b5eb4f636a21.php 第 298 行.
NOTIC: [8] Undefined index: baoyou E:\Works\YYG\Application\Runtime\Cache\Admin\346dfcdf6ec8d3c93d33b5eb4f636a21.php 第 298 行.
INFO: Run Behavior\ParseTemplateBehavior [ RunTime:0.033002s ]
INFO: [ view_parse ] --END-- [ RunTime:0.033002s ]
INFO: [ view_filter ] --START--
INFO: Run Behavior\WriteHtmlCacheBehavior [ RunTime:0.000000s ]
INFO: [ view_filter ] --END-- [ RunTime:0.000000s ]
INFO: [ app_end ] --START--
INFO: Run Behavior\ShowPageTraceBehavior [ RunTime:0.000000s ]
INFO: [ app_end ] --END-- [ RunTime:0.000000s ]

[ 2015-11-14T14:15:29+08:00 ] ::1 /index.php/Admin/Public/ueditup?action=config&&noCache=1447481729221
INFO: [ app_init ] --START--
INFO: Run Behavior\BuildLiteBehavior [ RunTime:0.000000s ]
INFO: [ app_init ] --END-- [ RunTime:0.000000s ]
INFO: [ app_begin ] --START--
INFO: Run Behavior\ReadHtmlCacheBehavior [ RunTime:0.000000s ]
INFO: [ app_begin ] --END-- [ RunTime:0.000000s ]
INFO: [ app_end ] --START--
INFO: Run Behavior\ShowPageTraceBehavior [ RunTime:0.000000s ]
INFO: [ app_end ] --END-- [ RunTime:0.001000s ]

[ 2015-11-14T14:15:31+08:00 ] ::1 /index.php/Admin/Miaosha/edit/
INFO: [ app_init ] --START--
INFO: Run Behavior\BuildLiteBehavior [ RunTime:0.000000s ]
INFO: [ app_init ] --END-- [ RunTime:0.000000s ]
INFO: [ app_begin ] --START--
INFO: Run Behavior\ReadHtmlCacheBehavior [ RunTime:0.001000s ]
INFO: [ app_begin ] --END-- [ RunTime:0.001000s ]
SQL: SHOW COLUMNS FROM `yyg_goods` [ RunTime:0.0370s ]
SQL: SELECT * FROM `yyg_goods` LIMIT 1   [ RunTime:0.0370s ]
SQL: SHOW COLUMNS FROM `yyg_category` [ RunTime:0.0360s ]
SQL: SELECT * FROM `yyg_category` WHERE ( 1=1 AND cid='4' ) LIMIT 1   [ RunTime:0.0350s ]
SQL: SHOW COLUMNS FROM `yyg_brand` [ RunTime:0.0360s ]
SQL: SELECT * FROM `yyg_brand` WHERE ( 1=1 AND bid='0' ) LIMIT 1   [ RunTime:0.0360s ]
SQL: SHOW COLUMNS FROM `yyg_goods_images` [ RunTime:0.0360s ]
SQL: SELECT * FROM `yyg_goods_images` WHERE `gid` = null  [ RunTime:0.0360s ]
SQL: SHOW COLUMNS FROM `yyg_category` [ RunTime:0.0360s ]
SQL: SELECT * FROM `yyg_category`  [ RunTime:0.0350s ]
SQL: SHOW COLUMNS FROM `yyg_category` [ RunTime:0.0360s ]
SQL: SELECT * FROM `yyg_category` WHERE `cid` = 4 LIMIT 1   [ RunTime:0.0360s ]
SQL: SHOW COLUMNS FROM `yyg_brand` [ RunTime:0.0360s ]
NOTIC: [8] Undefined index: mapping_order E:\Works\YYG\ThinkPHP\Library\Think\Model\RelationModel.class.php 第 186 行.
NOTIC: [8] Undefined index: mapping_limit E:\Works\YYG\ThinkPHP\Library\Think\Model\RelationModel.class.php 第 187 行.
SQL: SELECT b.* FROM yyg_category_has_brand AS a, yyg_brand AS b WHERE a.bid = b.bid AND a. cid='4' [ RunTime:0.0240s ]
INFO: [ view_parse ] --START--
INFO: [ template_filter ] --START--
INFO: Run Behavior\ContentReplaceBehavior [ RunTime:0.000000s ]
INFO: [ template_filter ] --END-- [ RunTime:0.000000s ]
NOTIC: [8] Undefined index: baoyou E:\Works\YYG\Application\Runtime\Cache\Admin\346dfcdf6ec8d3c93d33b5eb4f636a21.php 第 298 行.
NOTIC: [8] Undefined index: baoyou E:\Works\YYG\Application\Runtime\Cache\Admin\346dfcdf6ec8d3c93d33b5eb4f636a21.php 第 298 行.
INFO: Run Behavior\ParseTemplateBehavior [ RunTime:0.035201s ]
INFO: [ view_parse ] --END-- [ RunTime:0.035201s ]
INFO: [ view_filter ] --START--
INFO: Run Behavior\WriteHtmlCacheBehavior [ RunTime:0.000000s ]
INFO: [ view_filter ] --END-- [ RunTime:0.000000s ]
INFO: [ app_end ] --START--
INFO: Run Behavior\ShowPageTraceBehavior [ RunTime:0.001000s ]
INFO: [ app_end ] --END-- [ RunTime:0.001000s ]

[ 2015-11-14T14:15:32+08:00 ] ::1 /index.php/Admin/Miaosha/upload
INFO: [ app_init ] --START--
INFO: Run Behavior\BuildLiteBehavior [ RunTime:0.000000s ]
INFO: [ app_init ] --END-- [ RunTime:0.000000s ]
INFO: [ app_begin ] --START--
INFO: Run Behavior\ReadHtmlCacheBehavior [ RunTime:0.001000s ]
INFO: [ app_begin ] --END-- [ RunTime:0.001000s ]
NOTIC: [2] call_user_func() expects parameter 1 to be a valid callback, no array or string given E:\Works\YYG\ThinkPHP\Library\Think\Upload.class.php 第 170 行.

[ 2015-11-14T14:15:34+08:00 ] ::1 /index.php/Admin/Miaosha/edit/
INFO: [ app_init ] --START--
INFO: Run Behavior\BuildLiteBehavior [ RunTime:0.000000s ]
INFO: [ app_init ] --END-- [ RunTime:0.000000s ]
INFO: [ app_begin ] --START--
INFO: Run Behavior\ReadHtmlCacheBehavior [ RunTime:0.001000s ]
INFO: [ app_begin ] --END-- [ RunTime:0.001000s ]
SQL: SHOW COLUMNS FROM `yyg_goods` [ RunTime:0.0320s ]
SQL: SELECT * FROM `yyg_goods` LIMIT 1   [ RunTime:0.0310s ]
SQL: SHOW COLUMNS FROM `yyg_category` [ RunTime:0.0300s ]
SQL: SELECT * FROM `yyg_category` WHERE ( 1=1 AND cid='4' ) LIMIT 1   [ RunTime:0.0290s ]
SQL: SHOW COLUMNS FROM `yyg_brand` [ RunTime:0.0300s ]
SQL: SELECT * FROM `yyg_brand` WHERE ( 1=1 AND bid='0' ) LIMIT 1   [ RunTime:0.0290s ]
SQL: SHOW COLUMNS FROM `yyg_goods_images` [ RunTime:0.0300s ]
SQL: SELECT * FROM `yyg_goods_images` WHERE `gid` = null  [ RunTime:0.0300s ]
SQL: SHOW COLUMNS FROM `yyg_category` [ RunTime:0.0300s ]
SQL: SELECT * FROM `yyg_category`  [ RunTime:0.0290s ]
SQL: SHOW COLUMNS FROM `yyg_category` [ RunTime:0.0300s ]
SQL: SELECT * FROM `yyg_category` WHERE `cid` = 4 LIMIT 1   [ RunTime:0.0300s ]
SQL: SHOW COLUMNS FROM `yyg_brand` [ RunTime:0.0300s ]
NOTIC: [8] Undefined index: mapping_order E:\Works\YYG\ThinkPHP\Library\Think\Model\RelationModel.class.php 第 186 行.
NOTIC: [8] Undefined index: mapping_limit E:\Works\YYG\ThinkPHP\Library\Think\Model\RelationModel.class.php 第 187 行.
SQL: SELECT b.* FROM yyg_category_has_brand AS a, yyg_brand AS b WHERE a.bid = b.bid AND a. cid='4' [ RunTime:0.0300s ]
INFO: [ view_parse ] --START--
INFO: [ template_filter ] --START--
INFO: Run Behavior\ContentReplaceBehavior [ RunTime:0.000000s ]
INFO: [ template_filter ] --END-- [ RunTime:0.001000s ]
NOTIC: [8] Undefined index: baoyou E:\Works\YYG\Application\Runtime\Cache\Admin\346dfcdf6ec8d3c93d33b5eb4f636a21.php 第 298 行.
NOTIC: [8] Undefined index: baoyou E:\Works\YYG\Application\Runtime\Cache\Admin\346dfcdf6ec8d3c93d33b5eb4f636a21.php 第 298 行.
INFO: Run Behavior\ParseTemplateBehavior [ RunTime:0.032002s ]
INFO: [ view_parse ] --END-- [ RunTime:0.032002s ]
INFO: [ view_filter ] --START--
INFO: Run Behavior\WriteHtmlCacheBehavior [ RunTime:0.001000s ]
INFO: [ view_filter ] --END-- [ RunTime:0.001000s ]
INFO: [ app_end ] --START--
INFO: Run Behavior\ShowPageTraceBehavior [ RunTime:0.002000s ]
INFO: [ app_end ] --END-- [ RunTime:0.002000s ]

[ 2015-11-14T14:15:36+08:00 ] ::1 /index.php/Admin/Miaosha/upload
INFO: [ app_init ] --START--
INFO: Run Behavior\BuildLiteBehavior [ RunTime:0.000000s ]
INFO: [ app_init ] --END-- [ RunTime:0.001000s ]
INFO: [ app_begin ] --START--
INFO: Run Behavior\ReadHtmlCacheBehavior [ RunTime:0.001000s ]
INFO: [ app_begin ] --END-- [ RunTime:0.001000s ]
NOTIC: [2] call_user_func() expects parameter 1 to be a valid callback, no array or string given E:\Works\YYG\ThinkPHP\Library\Think\Upload.class.php 第 170 行.

[ 2015-11-14T14:15:56+08:00 ] ::1 /index.php/Admin/Miaosha/edit/
INFO: [ app_init ] --START--
INFO: Run Behavior\BuildLiteBehavior [ RunTime:0.000000s ]
INFO: [ app_init ] --END-- [ RunTime:0.000000s ]
INFO: [ app_begin ] --START--
INFO: Run Behavior\ReadHtmlCacheBehavior [ RunTime:0.001001s ]
INFO: [ app_begin ] --END-- [ RunTime:0.001001s ]
SQL: SHOW COLUMNS FROM `yyg_goods` [ RunTime:0.0360s ]
SQL: SELECT * FROM `yyg_goods` LIMIT 1   [ RunTime:0.0360s ]
SQL: SHOW COLUMNS FROM `yyg_category` [ RunTime:0.0340s ]
SQL: SELECT * FROM `yyg_category` WHERE ( 1=1 AND cid='4' ) LIMIT 1   [ RunTime:0.0350s ]
SQL: SHOW COLUMNS FROM `yyg_brand` [ RunTime:0.0350s ]
SQL: SELECT * FROM `yyg_brand` WHERE ( 1=1 AND bid='0' ) LIMIT 1   [ RunTime:0.0340s ]
SQL: SHOW COLUMNS FROM `yyg_goods_images` [ RunTime:0.0350s ]
SQL: SELECT * FROM `yyg_goods_images` WHERE `gid` = null  [ RunTime:0.0340s ]
SQL: SHOW COLUMNS FROM `yyg_category` [ RunTime:0.0360s ]
SQL: SELECT * FROM `yyg_category`  [ RunTime:0.0350s ]
SQL: SHOW COLUMNS FROM `yyg_category` [ RunTime:0.0360s ]
SQL: SELECT * FROM `yyg_category` WHERE `cid` = 4 LIMIT 1   [ RunTime:0.0350s ]
SQL: SHOW COLUMNS FROM `yyg_brand` [ RunTime:0.0360s ]
NOTIC: [8] Undefined index: mapping_order E:\Works\YYG\ThinkPHP\Library\Think\Model\RelationModel.class.php 第 186 行.
NOTIC: [8] Undefined index: mapping_limit E:\Works\YYG\ThinkPHP\Library\Think\Model\RelationModel.class.php 第 187 行.
SQL: SELECT b.* FROM yyg_category_has_brand AS a, yyg_brand AS b WHERE a.bid = b.bid AND a. cid='4' [ RunTime:0.0330s ]
INFO: [ view_parse ] --START--
INFO: [ template_filter ] --START--
INFO: Run Behavior\ContentReplaceBehavior [ RunTime:0.000000s ]
INFO: [ template_filter ] --END-- [ RunTime:0.000000s ]
NOTIC: [8] Undefined index: baoyou E:\Works\YYG\Application\Runtime\Cache\Admin\346dfcdf6ec8d3c93d33b5eb4f636a21.php 第 298 行.
NOTIC: [8] Undefined index: baoyou E:\Works\YYG\Application\Runtime\Cache\Admin\346dfcdf6ec8d3c93d33b5eb4f636a21.php 第 298 行.
INFO: Run Behavior\ParseTemplateBehavior [ RunTime:0.000000s ]
INFO: [ view_parse ] --END-- [ RunTime:0.000000s ]
INFO: [ view_filter ] --START--
INFO: Run Behavior\WriteHtmlCacheBehavior [ RunTime:0.000000s ]
INFO: [ view_filter ] --END-- [ RunTime:0.000000s ]
INFO: [ app_end ] --START--
INFO: Run Behavior\ShowPageTraceBehavior [ RunTime:0.000000s ]
INFO: [ app_end ] --END-- [ RunTime:0.000000s ]

[ 2015-11-14T14:15:57+08:00 ] ::1 /index.php/Admin/Miaosha/upload
INFO: [ app_init ] --START--
INFO: Run Behavior\BuildLiteBehavior [ RunTime:0.000000s ]
INFO: [ app_init ] --END-- [ RunTime:0.000000s ]
INFO: [ app_begin ] --START--
INFO: Run Behavior\ReadHtmlCacheBehavior [ RunTime:0.000000s ]
INFO: [ app_begin ] --END-- [ RunTime:0.000000s ]
NOTIC: [2] call_user_func() expects parameter 1 to be a valid callback, no array or string given E:\Works\YYG\ThinkPHP\Library\Think\Upload.class.php 第 170 行.

[ 2015-11-14T14:16:12+08:00 ] ::1 /index.php/Admin/Miaosha/edit/
INFO: [ app_init ] --START--
INFO: Run Behavior\BuildLiteBehavior [ RunTime:0.000000s ]
INFO: [ app_init ] --END-- [ RunTime:0.000000s ]
INFO: [ app_begin ] --START--
INFO: Run Behavior\ReadHtmlCacheBehavior [ RunTime:0.000000s ]
INFO: [ app_begin ] --END-- [ RunTime:0.000000s ]
SQL: SHOW COLUMNS FROM `yyg_goods` [ RunTime:0.0370s ]
SQL: SELECT * FROM `yyg_goods` LIMIT 1   [ RunTime:0.0380s ]
SQL: SHOW COLUMNS FROM `yyg_category` [ RunTime:0.0360s ]
SQL: SELECT * FROM `yyg_category` WHERE ( 1=1 AND cid='4' ) LIMIT 1   [ RunTime:0.0350s ]
SQL: SHOW COLUMNS FROM `yyg_brand` [ RunTime:0.0360s ]
SQL: SELECT * FROM `yyg_brand` WHERE ( 1=1 AND bid='0' ) LIMIT 1   [ RunTime:0.0350s ]
SQL: SHOW COLUMNS FROM `yyg_goods_images` [ RunTime:0.0360s ]
SQL: SELECT * FROM `yyg_goods_images` WHERE `gid` = null  [ RunTime:0.0350s ]
SQL: SHOW COLUMNS FROM `yyg_category` [ RunTime:0.0360s ]
SQL: SELECT * FROM `yyg_category`  [ RunTime:0.0350s ]
SQL: SHOW COLUMNS FROM `yyg_category` [ RunTime:0.0360s ]
SQL: SELECT * FROM `yyg_category` WHERE `cid` = 4 LIMIT 1   [ RunTime:0.0350s ]
SQL: SHOW COLUMNS FROM `yyg_brand` [ RunTime:0.0360s ]
NOTIC: [8] Undefined index: mapping_order E:\Works\YYG\ThinkPHP\Library\Think\Model\RelationModel.class.php 第 186 行.
NOTIC: [8] Undefined index: mapping_limit E:\Works\YYG\ThinkPHP\Library\Think\Model\RelationModel.class.php 第 187 行.
SQL: SELECT b.* FROM yyg_category_has_brand AS a, yyg_brand AS b WHERE a.bid = b.bid AND a. cid='4' [ RunTime:0.0350s ]
INFO: [ view_parse ] --START--
INFO: [ template_filter ] --START--
INFO: Run Behavior\ContentReplaceBehavior [ RunTime:0.000000s ]
INFO: [ template_filter ] --END-- [ RunTime:0.000000s ]
NOTIC: [8] Undefined index: baoyou E:\Works\YYG\Application\Runtime\Cache\Admin\346dfcdf6ec8d3c93d33b5eb4f636a21.php 第 298 行.
NOTIC: [8] Undefined index: baoyou E:\Works\YYG\Application\Runtime\Cache\Admin\346dfcdf6ec8d3c93d33b5eb4f636a21.php 第 298 行.
INFO: Run Behavior\ParseTemplateBehavior [ RunTime:0.012001s ]
INFO: [ view_parse ] --END-- [ RunTime:0.012001s ]
INFO: [ view_filter ] --START--
INFO: Run Behavior\WriteHtmlCacheBehavior [ RunTime:0.000000s ]
INFO: [ view_filter ] --END-- [ RunTime:0.000000s ]
INFO: [ app_end ] --START--
INFO: Run Behavior\ShowPageTraceBehavior [ RunTime:0.001000s ]
INFO: [ app_end ] --END-- [ RunTime:0.001000s ]

[ 2015-11-14T14:16:14+08:00 ] ::1 /index.php/Admin/Miaosha/upload
INFO: [ app_init ] --START--
INFO: Run Behavior\BuildLiteBehavior [ RunTime:0.000000s ]
INFO: [ app_init ] --END-- [ RunTime:0.000000s ]
INFO: [ app_begin ] --START--
INFO: Run Behavior\ReadHtmlCacheBehavior [ RunTime:0.001000s ]
INFO: [ app_begin ] --END-- [ RunTime:0.001000s ]
NOTIC: [2] call_user_func() expects parameter 1 to be a valid callback, no array or string given E:\Works\YYG\ThinkPHP\Library\Think\Upload.class.php 第 170 行.

[ 2015-11-14T14:16:22+08:00 ] ::1 /index.php/Admin/Miaosha/edit/
INFO: [ app_init ] --START--
INFO: Run Behavior\BuildLiteBehavior [ RunTime:0.000000s ]
INFO: [ app_init ] --END-- [ RunTime:0.000000s ]
INFO: [ app_begin ] --START--
INFO: Run Behavior\ReadHtmlCacheBehavior [ RunTime:0.001000s ]
INFO: [ app_begin ] --END-- [ RunTime:0.001000s ]
SQL: SHOW COLUMNS FROM `yyg_goods` [ RunTime:0.0350s ]
SQL: SELECT * FROM `yyg_goods` LIMIT 1   [ RunTime:0.0360s ]
SQL: SHOW COLUMNS FROM `yyg_category` [ RunTime:0.0340s ]
SQL: SELECT * FROM `yyg_category` WHERE ( 1=1 AND cid='4' ) LIMIT 1   [ RunTime:0.0340s ]
SQL: SHOW COLUMNS FROM `yyg_brand` [ RunTime:0.0340s ]
SQL: SELECT * FROM `yyg_brand` WHERE ( 1=1 AND bid='0' ) LIMIT 1   [ RunTime:0.0340s ]
SQL: SHOW COLUMNS FROM `yyg_goods_images` [ RunTime:0.0350s ]
SQL: SELECT * FROM `yyg_goods_images` WHERE `gid` = null  [ RunTime:0.0340s ]
SQL: SHOW COLUMNS FROM `yyg_category` [ RunTime:0.0350s ]
SQL: SELECT * FROM `yyg_category`  [ RunTime:0.0350s ]
SQL: SHOW COLUMNS FROM `yyg_category` [ RunTime:0.0350s ]
SQL: SELECT * FROM `yyg_category` WHERE `cid` = 4 LIMIT 1   [ RunTime:0.0340s ]
SQL: SHOW COLUMNS FROM `yyg_brand` [ RunTime:0.0340s ]
NOTIC: [8] Undefined index: mapping_order E:\Works\YYG\ThinkPHP\Library\Think\Model\RelationModel.class.php 第 186 行.
NOTIC: [8] Undefined index: mapping_limit E:\Works\YYG\ThinkPHP\Library\Think\Model\RelationModel.class.php 第 187 行.
SQL: SELECT b.* FROM yyg_category_has_brand AS a, yyg_brand AS b WHERE a.bid = b.bid AND a. cid='4' [ RunTime:0.0340s ]
INFO: [ view_parse ] --START--
INFO: [ template_filter ] --START--
INFO: Run Behavior\ContentReplaceBehavior [ RunTime:0.001000s ]
INFO: [ template_filter ] --END-- [ RunTime:0.001000s ]
NOTIC: [8] Undefined index: baoyou E:\Works\YYG\Application\Runtime\Cache\Admin\346dfcdf6ec8d3c93d33b5eb4f636a21.php 第 298 行.
NOTIC: [8] Undefined index: baoyou E:\Works\YYG\Application\Runtime\Cache\Admin\346dfcdf6ec8d3c93d33b5eb4f636a21.php 第 298 行.
INFO: Run Behavior\ParseTemplateBehavior [ RunTime:0.012001s ]
INFO: [ view_parse ] --END-- [ RunTime:0.012001s ]
INFO: [ view_filter ] --START--
INFO: Run Behavior\WriteHtmlCacheBehavior [ RunTime:0.000000s ]
INFO: [ view_filter ] --END-- [ RunTime:0.000000s ]
INFO: [ app_end ] --START--
INFO: Run Behavior\ShowPageTraceBehavior [ RunTime:0.001000s ]
INFO: [ app_end ] --END-- [ RunTime:0.001000s ]

[ 2015-11-14T14:16:25+08:00 ] ::1 /index.php/Admin/Miaosha/upload
INFO: [ app_init ] --START--
INFO: Run Behavior\BuildLiteBehavior [ RunTime:0.000000s ]
INFO: [ app_init ] --END-- [ RunTime:0.000000s ]
INFO: [ app_begin ] --START--
INFO: Run Behavior\ReadHtmlCacheBehavior [ RunTime:0.001000s ]
INFO: [ app_begin ] --END-- [ RunTime:0.001000s ]
NOTIC: [2] call_user_func() expects parameter 1 to be a valid callback, no array or string given E:\Works\YYG\ThinkPHP\Library\Think\Upload.class.php 第 170 行.

[ 2015-11-14T14:16:31+08:00 ] ::1 /index.php/Admin/Miaosha/edit
INFO: [ app_init ] --START--
INFO: Run Behavior\BuildLiteBehavior [ RunTime:0.000000s ]
INFO: [ app_init ] --END-- [ RunTime:0.000000s ]
INFO: [ app_begin ] --START--
INFO: Run Behavior\ReadHtmlCacheBehavior [ RunTime:0.001000s ]
INFO: [ app_begin ] --END-- [ RunTime:0.001000s ]
SQL: SHOW COLUMNS FROM `yyg_goods` [ RunTime:0.0370s ]
NOTIC: [8] Undefined index: validate E:\Works\YYG\ThinkPHP\Library\Think\Model.class.php 第 1185 行.
NOTIC: [8] Undefined index: auto E:\Works\YYG\ThinkPHP\Library\Think\Model.class.php 第 1128 行.
SQL: UPDATE `yyg_goods` SET `cid`='0',`bid`='0',`title`='iPhone 6s Plus',`subtitle`='仅需一元可获得，全新未拆包',`description`='Apple，脑残粉',`money`='5699',`danjia`='1',`maxqishu`='100',`thumb`='/Uploads/Goods/20151114/5646d1b8f4175.jpg',`renqi`='1',`tuijian`='1',`content`='&lt;p&gt;我是苹果我怕谁&lt;img src=&quot;http://img.baidu.com/hi/jx2/j_0002.gif&quot;/&gt;&lt;img src=&quot;http://img.baidu.com/hi/jx2/j_0005.gif&quot;/&gt;&lt;/p&gt;' WHERE `gid` = 12 [ RunTime:0.0400s ]
NOTIC: [8] Undefined variable: data E:\Works\YYG\Application\Admin\Controller\GoodsBaseController.class.php 第 71 行.
SQL: SHOW COLUMNS FROM `yyg_miaosha` [ RunTime:0.0370s ]
NOTIC: [8] Undefined index: imageUrls E:\Works\YYG\Application\Admin\Controller\GoodsBaseController.class.php 第 109 行.
NOTIC: [8] Undefined index: imageKeys E:\Works\YYG\Application\Admin\Controller\GoodsBaseController.class.php 第 110 行.
SQL: SHOW COLUMNS FROM `yyg_goods_images` [ RunTime:0.0360s ]
SQL: DELETE FROM `yyg_goods_images` WHERE ( 12 ) [ RunTime:0.0340s ]

[ 2015-11-14T14:16:31+08:00 ] ::1 /index.php/Admin/Miaosha/index
INFO: [ app_init ] --START--
INFO: Run Behavior\BuildLiteBehavior [ RunTime:0.000000s ]
INFO: [ app_init ] --END-- [ RunTime:0.000000s ]
INFO: [ app_begin ] --START--
INFO: Run Behavior\ReadHtmlCacheBehavior [ RunTime:0.000000s ]
INFO: [ app_begin ] --END-- [ RunTime:0.000000s ]
SQL: SHOW COLUMNS FROM `yyg_goods` [ RunTime:0.0370s ]
NOTIC: [8] Undefined variable: goodsType E:\Works\YYG\Application\Admin\Controller\GoodsBaseController.class.php 第 23 行.
SQL: SELECT * FROM `yyg_goods`  [ RunTime:0.0380s ]
SQL: SHOW COLUMNS FROM `yyg_category` [ RunTime:0.0370s ]
SQL: SELECT * FROM `yyg_category` WHERE ( 1=1 AND cid='0' ) LIMIT 1   [ RunTime:0.0360s ]
SQL: SHOW COLUMNS FROM `yyg_brand` [ RunTime:0.0360s ]
SQL: SELECT * FROM `yyg_brand` WHERE ( 1=1 AND bid='0' ) LIMIT 1   [ RunTime:0.0350s ]
INFO: [ view_parse ] --START--
INFO: [ template_filter ] --START--
INFO: Run Behavior\ContentReplaceBehavior [ RunTime:0.000000s ]
INFO: [ template_filter ] --END-- [ RunTime:0.000000s ]
INFO: Run Behavior\ParseTemplateBehavior [ RunTime:0.030002s ]
INFO: [ view_parse ] --END-- [ RunTime:0.030002s ]
INFO: [ view_filter ] --START--
INFO: Run Behavior\WriteHtmlCacheBehavior [ RunTime:0.001000s ]
INFO: [ view_filter ] --END-- [ RunTime:0.001000s ]
INFO: [ app_end ] --START--
INFO: Run Behavior\ShowPageTraceBehavior [ RunTime:0.002000s ]
INFO: [ app_end ] --END-- [ RunTime:0.002000s ]

[ 2015-11-14T14:16:33+08:00 ] ::1 /index.php/Admin/Miaosha/edit/12
INFO: [ app_init ] --START--
INFO: Run Behavior\BuildLiteBehavior [ RunTime:0.000000s ]
INFO: [ app_init ] --END-- [ RunTime:0.000000s ]
INFO: [ app_begin ] --START--
INFO: Run Behavior\ReadHtmlCacheBehavior [ RunTime:0.000000s ]
INFO: [ app_begin ] --END-- [ RunTime:0.000000s ]
SQL: SHOW COLUMNS FROM `yyg_goods` [ RunTime:0.0310s ]
SQL: SELECT * FROM `yyg_goods` WHERE `gid` = 12 LIMIT 1   [ RunTime:0.0310s ]
SQL: SHOW COLUMNS FROM `yyg_category` [ RunTime:0.0300s ]
SQL: SELECT * FROM `yyg_category` WHERE ( 1=1 AND cid='0' ) LIMIT 1   [ RunTime:0.0300s ]
SQL: SHOW COLUMNS FROM `yyg_brand` [ RunTime:0.0300s ]
SQL: SELECT * FROM `yyg_brand` WHERE ( 1=1 AND bid='0' ) LIMIT 1   [ RunTime:0.0290s ]
SQL: SHOW COLUMNS FROM `yyg_goods_images` [ RunTime:0.0310s ]
SQL: SELECT * FROM `yyg_goods_images` WHERE `gid` = 12  [ RunTime:0.0280s ]
SQL: SHOW COLUMNS FROM `yyg_category` [ RunTime:0.0290s ]
SQL: SELECT * FROM `yyg_category`  [ RunTime:0.0300s ]
SQL: SHOW COLUMNS FROM `yyg_category` [ RunTime:0.0300s ]
SQL: SELECT * FROM `yyg_category` WHERE `cid` = 0 LIMIT 1   [ RunTime:0.0300s ]
INFO: [ view_parse ] --START--
INFO: [ template_filter ] --START--
INFO: Run Behavior\ContentReplaceBehavior [ RunTime:0.001000s ]
INFO: [ template_filter ] --END-- [ RunTime:0.001000s ]
NOTIC: [8] Undefined index: baoyou E:\Works\YYG\Application\Runtime\Cache\Admin\346dfcdf6ec8d3c93d33b5eb4f636a21.php 第 298 行.
NOTIC: [8] Undefined index: baoyou E:\Works\YYG\Application\Runtime\Cache\Admin\346dfcdf6ec8d3c93d33b5eb4f636a21.php 第 298 行.
INFO: Run Behavior\ParseTemplateBehavior [ RunTime:0.020002s ]
INFO: [ view_parse ] --END-- [ RunTime:0.020002s ]
INFO: [ view_filter ] --START--
INFO: Run Behavior\WriteHtmlCacheBehavior [ RunTime:0.000000s ]
INFO: [ view_filter ] --END-- [ RunTime:0.000000s ]
INFO: [ app_end ] --START--
INFO: Run Behavior\ShowPageTraceBehavior [ RunTime:0.000000s ]
INFO: [ app_end ] --END-- [ RunTime:0.000000s ]

[ 2015-11-14T14:16:34+08:00 ] ::1 /index.php/Admin/Public/ueditup?action=config&&noCache=1447481794042
INFO: [ app_init ] --START--
INFO: Run Behavior\BuildLiteBehavior [ RunTime:0.000000s ]
INFO: [ app_init ] --END-- [ RunTime:0.000000s ]
INFO: [ app_begin ] --START--
INFO: Run Behavior\ReadHtmlCacheBehavior [ RunTime:0.000000s ]
INFO: [ app_begin ] --END-- [ RunTime:0.000000s ]
INFO: [ app_end ] --START--
INFO: Run Behavior\ShowPageTraceBehavior [ RunTime:0.000000s ]
INFO: [ app_end ] --END-- [ RunTime:0.000000s ]

[ 2015-11-14T14:16:38+08:00 ] ::1 /index.php/Admin/Miaosha/edit/
INFO: [ app_init ] --START--
INFO: Run Behavior\BuildLiteBehavior [ RunTime:0.000000s ]
INFO: [ app_init ] --END-- [ RunTime:0.000000s ]
INFO: [ app_begin ] --START--
INFO: Run Behavior\ReadHtmlCacheBehavior [ RunTime:0.000000s ]
INFO: [ app_begin ] --END-- [ RunTime:0.000000s ]
SQL: SHOW COLUMNS FROM `yyg_goods` [ RunTime:0.0310s ]
SQL: SELECT * FROM `yyg_goods` LIMIT 1   [ RunTime:0.0310s ]
SQL: SHOW COLUMNS FROM `yyg_category` [ RunTime:0.0290s ]
SQL: SELECT * FROM `yyg_category` WHERE ( 1=1 AND cid='0' ) LIMIT 1   [ RunTime:0.0290s ]
SQL: SHOW COLUMNS FROM `yyg_brand` [ RunTime:0.0310s ]
SQL: SELECT * FROM `yyg_brand` WHERE ( 1=1 AND bid='0' ) LIMIT 1   [ RunTime:0.0290s ]
SQL: SHOW COLUMNS FROM `yyg_goods_images` [ RunTime:0.0300s ]
SQL: SELECT * FROM `yyg_goods_images` WHERE `gid` = null  [ RunTime:0.0300s ]
SQL: SHOW COLUMNS FROM `yyg_category` [ RunTime:0.0300s ]
SQL: SELECT * FROM `yyg_category`  [ RunTime:0.0300s ]
SQL: SHOW COLUMNS FROM `yyg_category` [ RunTime:0.0310s ]
SQL: SELECT * FROM `yyg_category` WHERE `cid` = 0 LIMIT 1   [ RunTime:0.0290s ]
INFO: [ view_parse ] --START--
INFO: [ template_filter ] --START--
INFO: Run Behavior\ContentReplaceBehavior [ RunTime:0.000000s ]
INFO: [ template_filter ] --END-- [ RunTime:0.000000s ]
NOTIC: [8] Undefined index: baoyou E:\Works\YYG\Application\Runtime\Cache\Admin\346dfcdf6ec8d3c93d33b5eb4f636a21.php 第 298 行.
NOTIC: [8] Undefined index: baoyou E:\Works\YYG\Application\Runtime\Cache\Admin\346dfcdf6ec8d3c93d33b5eb4f636a21.php 第 298 行.
INFO: Run Behavior\ParseTemplateBehavior [ RunTime:0.014001s ]
INFO: [ view_parse ] --END-- [ RunTime:0.014001s ]
INFO: [ view_filter ] --START--
INFO: Run Behavior\WriteHtmlCacheBehavior [ RunTime:0.001000s ]
INFO: [ view_filter ] --END-- [ RunTime:0.001000s ]
INFO: [ app_end ] --START--
INFO: Run Behavior\ShowPageTraceBehavior [ RunTime:0.001000s ]
INFO: [ app_end ] --END-- [ RunTime:0.001000s ]

[ 2015-11-14T14:16:47+08:00 ] ::1 /index.php/Admin/Miaosha/upload
INFO: [ app_init ] --START--
INFO: Run Behavior\BuildLiteBehavior [ RunTime:0.000000s ]
INFO: [ app_init ] --END-- [ RunTime:0.000000s ]
INFO: [ app_begin ] --START--
INFO: Run Behavior\ReadHtmlCacheBehavior [ RunTime:0.001000s ]
INFO: [ app_begin ] --END-- [ RunTime:0.001000s ]
NOTIC: [2] call_user_func() expects parameter 1 to be a valid callback, no array or string given E:\Works\YYG\ThinkPHP\Library\Think\Upload.class.php 第 170 行.

[ 2015-11-14T14:16:47+08:00 ] ::1 /index.php/Admin/Miaosha/upload
INFO: [ app_init ] --START--
INFO: Run Behavior\BuildLiteBehavior [ RunTime:0.000000s ]
INFO: [ app_init ] --END-- [ RunTime:0.001000s ]
INFO: [ app_begin ] --START--
INFO: Run Behavior\ReadHtmlCacheBehavior [ RunTime:0.001000s ]
INFO: [ app_begin ] --END-- [ RunTime:0.001000s ]
NOTIC: [2] call_user_func() expects parameter 1 to be a valid callback, no array or string given E:\Works\YYG\ThinkPHP\Library\Think\Upload.class.php 第 170 行.

[ 2015-11-14T14:16:51+08:00 ] ::1 /index.php/Admin/Miaosha/edit
INFO: [ app_init ] --START--
INFO: Run Behavior\BuildLiteBehavior [ RunTime:0.000000s ]
INFO: [ app_init ] --END-- [ RunTime:0.000000s ]
INFO: [ app_begin ] --START--
INFO: Run Behavior\ReadHtmlCacheBehavior [ RunTime:0.000000s ]
INFO: [ app_begin ] --END-- [ RunTime:0.000000s ]
SQL: SHOW COLUMNS FROM `yyg_goods` [ RunTime:0.0370s ]
NOTIC: [8] Undefined index: validate E:\Works\YYG\ThinkPHP\Library\Think\Model.class.php 第 1185 行.
NOTIC: [8] Undefined index: auto E:\Works\YYG\ThinkPHP\Library\Think\Model.class.php 第 1128 行.
SQL: UPDATE `yyg_goods` SET `cid`='0',`bid`='0',`title`='iPhone 6s Plus',`subtitle`='仅需一元可获得，全新未拆包',`description`='Apple，脑残粉',`money`='5699',`danjia`='1',`maxqishu`='100',`thumb`='/Uploads/Goods/20151114/5646d1b8f4175.jpg',`renqi`='1',`tuijian`='1',`content`='&lt;p&gt;我是苹果我怕谁&lt;img src=&quot;http://img.baidu.com/hi/jx2/j_0002.gif&quot;/&gt;&lt;img src=&quot;http://img.baidu.com/hi/jx2/j_0005.gif&quot;/&gt;&lt;/p&gt;' WHERE `gid` = 12 [ RunTime:0.0440s ]
NOTIC: [8] Undefined variable: data E:\Works\YYG\Application\Admin\Controller\GoodsBaseController.class.php 第 71 行.
SQL: SHOW COLUMNS FROM `yyg_miaosha` [ RunTime:0.0380s ]
SQL: SHOW COLUMNS FROM `yyg_goods_images` [ RunTime:0.0370s ]
SQL: DELETE FROM `yyg_goods_images` WHERE ( 12 ) [ RunTime:0.0360s ]
SQL: SHOW COLUMNS FROM `yyg_goods_images` [ RunTime:0.0370s ]
SQL: INSERT INTO `yyg_goods_images` (`gid`,`image_url`,`image_key`) VALUES ('12','/Uploads/Goods/20151114/5646d1cf03a57.jpg','McjxApxhNpTExMTQvNTY0NmQxY2YwM2E1Ny5qcGcO0O0O') [ RunTime:0.0430s ]
SQL: INSERT INTO `yyg_goods_images` (`gid`,`image_url`,`image_key`) VALUES ('12','/Uploads/Goods/20151114/5646d1cf0ea21.png','McjxApxhNpTExMTQvNTY0NmQxY2YwZWEyMS5wbmcO0O0O') [ RunTime:0.0406s ]

[ 2015-11-14T14:16:51+08:00 ] ::1 /index.php/Admin/Miaosha/index
INFO: [ app_init ] --START--
INFO: Run Behavior\BuildLiteBehavior [ RunTime:0.000000s ]
INFO: [ app_init ] --END-- [ RunTime:0.001000s ]
INFO: [ app_begin ] --START--
INFO: Run Behavior\ReadHtmlCacheBehavior [ RunTime:0.001000s ]
INFO: [ app_begin ] --END-- [ RunTime:0.001000s ]
SQL: SHOW COLUMNS FROM `yyg_goods` [ RunTime:0.0370s ]
NOTIC: [8] Undefined variable: goodsType E:\Works\YYG\Application\Admin\Controller\GoodsBaseController.class.php 第 23 行.
SQL: SELECT * FROM `yyg_goods`  [ RunTime:0.0370s ]
SQL: SHOW COLUMNS FROM `yyg_category` [ RunTime:0.0360s ]
SQL: SELECT * FROM `yyg_category` WHERE ( 1=1 AND cid='0' ) LIMIT 1   [ RunTime:0.0360s ]
SQL: SHOW COLUMNS FROM `yyg_brand` [ RunTime:0.0360s ]
SQL: SELECT * FROM `yyg_brand` WHERE ( 1=1 AND bid='0' ) LIMIT 1   [ RunTime:0.0360s ]
INFO: [ view_parse ] --START--
INFO: [ template_filter ] --START--
INFO: Run Behavior\ContentReplaceBehavior [ RunTime:0.001000s ]
INFO: [ template_filter ] --END-- [ RunTime:0.001000s ]
INFO: Run Behavior\ParseTemplateBehavior [ RunTime:0.009000s ]
INFO: [ view_parse ] --END-- [ RunTime:0.009000s ]
INFO: [ view_filter ] --START--
INFO: Run Behavior\WriteHtmlCacheBehavior [ RunTime:0.000000s ]
INFO: [ view_filter ] --END-- [ RunTime:0.000000s ]
INFO: [ app_end ] --START--
INFO: Run Behavior\ShowPageTraceBehavior [ RunTime:0.001000s ]
INFO: [ app_end ] --END-- [ RunTime:0.001000s ]

[ 2015-11-14T14:16:54+08:00 ] ::1 /index.php/Admin/Miaosha/edit/12
INFO: [ app_init ] --START--
INFO: Run Behavior\BuildLiteBehavior [ RunTime:0.000000s ]
INFO: [ app_init ] --END-- [ RunTime:0.000000s ]
INFO: [ app_begin ] --START--
INFO: Run Behavior\ReadHtmlCacheBehavior [ RunTime:0.000000s ]
INFO: [ app_begin ] --END-- [ RunTime:0.000000s ]
SQL: SHOW COLUMNS FROM `yyg_goods` [ RunTime:0.0380s ]
SQL: SELECT * FROM `yyg_goods` WHERE `gid` = 12 LIMIT 1   [ RunTime:0.0370s ]
SQL: SHOW COLUMNS FROM `yyg_category` [ RunTime:0.0370s ]
SQL: SELECT * FROM `yyg_category` WHERE ( 1=1 AND cid='0' ) LIMIT 1   [ RunTime:0.0390s ]
SQL: SHOW COLUMNS FROM `yyg_brand` [ RunTime:0.0360s ]
SQL: SELECT * FROM `yyg_brand` WHERE ( 1=1 AND bid='0' ) LIMIT 1   [ RunTime:0.0350s ]
SQL: SHOW COLUMNS FROM `yyg_goods_images` [ RunTime:0.0360s ]
SQL: SELECT * FROM `yyg_goods_images` WHERE `gid` = 12  [ RunTime:0.0360s ]
SQL: SHOW COLUMNS FROM `yyg_category` [ RunTime:0.0360s ]
SQL: SELECT * FROM `yyg_category`  [ RunTime:0.0360s ]
SQL: SHOW COLUMNS FROM `yyg_category` [ RunTime:0.0370s ]
SQL: SELECT * FROM `yyg_category` WHERE `cid` = 0 LIMIT 1   [ RunTime:0.0360s ]
INFO: [ view_parse ] --START--
INFO: [ template_filter ] --START--
INFO: Run Behavior\ContentReplaceBehavior [ RunTime:0.001000s ]
INFO: [ template_filter ] --END-- [ RunTime:0.001000s ]
NOTIC: [8] Undefined index: baoyou E:\Works\YYG\Application\Runtime\Cache\Admin\346dfcdf6ec8d3c93d33b5eb4f636a21.php 第 298 行.
NOTIC: [8] Undefined index: baoyou E:\Works\YYG\Application\Runtime\Cache\Admin\346dfcdf6ec8d3c93d33b5eb4f636a21.php 第 298 行.
INFO: Run Behavior\ParseTemplateBehavior [ RunTime:0.029002s ]
INFO: [ view_parse ] --END-- [ RunTime:0.029002s ]
INFO: [ view_filter ] --START--
INFO: Run Behavior\WriteHtmlCacheBehavior [ RunTime:0.000000s ]
INFO: [ view_filter ] --END-- [ RunTime:0.001000s ]
INFO: [ app_end ] --START--
INFO: Run Behavior\ShowPageTraceBehavior [ RunTime:0.001000s ]
INFO: [ app_end ] --END-- [ RunTime:0.001000s ]

[ 2015-11-14T14:16:54+08:00 ] ::1 /index.php/Admin/Public/ueditup?action=config&&noCache=1447481814472
INFO: [ app_init ] --START--
INFO: Run Behavior\BuildLiteBehavior [ RunTime:0.000000s ]
INFO: [ app_init ] --END-- [ RunTime:0.000000s ]
INFO: [ app_begin ] --START--
INFO: Run Behavior\ReadHtmlCacheBehavior [ RunTime:0.000000s ]
INFO: [ app_begin ] --END-- [ RunTime:0.000000s ]
INFO: [ app_end ] --START--
INFO: Run Behavior\ShowPageTraceBehavior [ RunTime:0.001000s ]
INFO: [ app_end ] --END-- [ RunTime:0.001000s ]

[ 2015-11-14T14:17:16+08:00 ] ::1 /index.php/Admin/Category/brands/4
INFO: [ app_init ] --START--
INFO: Run Behavior\BuildLiteBehavior [ RunTime:0.000000s ]
INFO: [ app_init ] --END-- [ RunTime:0.000000s ]
INFO: [ app_begin ] --START--
INFO: Run Behavior\ReadHtmlCacheBehavior [ RunTime:0.000000s ]
INFO: [ app_begin ] --END-- [ RunTime:0.000000s ]
SQL: SHOW COLUMNS FROM `yyg_category` [ RunTime:0.0312s ]
SQL: SELECT * FROM `yyg_category` WHERE ( 4 ) LIMIT 1   [ RunTime:0.0312s ]
SQL: SHOW COLUMNS FROM `yyg_brand` [ RunTime:0.0312s ]
NOTIC: [8] Undefined index: mapping_order E:\Works\YYG\ThinkPHP\Library\Think\Model\RelationModel.class.php 第 186 行.
NOTIC: [8] Undefined index: mapping_limit E:\Works\YYG\ThinkPHP\Library\Think\Model\RelationModel.class.php 第 187 行.
SQL: SELECT b.* FROM yyg_category_has_brand AS a, yyg_brand AS b WHERE a.bid = b.bid AND a. cid='4' [ RunTime:0.0312s ]

[ 2015-11-14T14:17:21+08:00 ] ::1 /index.php/Admin/Miaosha/edit
INFO: [ app_init ] --START--
INFO: Run Behavior\BuildLiteBehavior [ RunTime:0.000000s ]
INFO: [ app_init ] --END-- [ RunTime:0.000000s ]
INFO: [ app_begin ] --START--
INFO: Run Behavior\ReadHtmlCacheBehavior [ RunTime:0.000000s ]
INFO: [ app_begin ] --END-- [ RunTime:0.000000s ]
SQL: SHOW COLUMNS FROM `yyg_goods` [ RunTime:0.0370s ]
NOTIC: [8] Undefined index: validate E:\Works\YYG\ThinkPHP\Library\Think\Model.class.php 第 1185 行.
NOTIC: [8] Undefined index: auto E:\Works\YYG\ThinkPHP\Library\Think\Model.class.php 第 1128 行.
SQL: UPDATE `yyg_goods` SET `cid`='4',`bid`='0',`title`='iPhone 6s Plus',`subtitle`='仅需一元可获得，全新未拆包',`description`='Apple，脑残粉',`money`='5699',`danjia`='1',`maxqishu`='100',`thumb`='/Uploads/Goods/20151114/5646d1b8f4175.jpg',`renqi`='1',`tuijian`='1',`content`='&lt;p&gt;我是苹果我怕谁&lt;img src=&quot;http://img.baidu.com/hi/jx2/j_0002.gif&quot;/&gt;&lt;img src=&quot;http://img.baidu.com/hi/jx2/j_0005.gif&quot;/&gt;&lt;/p&gt;' WHERE `gid` = 12 [ RunTime:0.0420s ]
NOTIC: [8] Undefined variable: data E:\Works\YYG\Application\Admin\Controller\GoodsBaseController.class.php 第 71 行.
SQL: SHOW COLUMNS FROM `yyg_miaosha` [ RunTime:0.0360s ]
SQL: SHOW COLUMNS FROM `yyg_goods_images` [ RunTime:0.0350s ]
SQL: DELETE FROM `yyg_goods_images` WHERE ( 12 ) [ RunTime:0.0400s ]
SQL: SHOW COLUMNS FROM `yyg_goods_images` [ RunTime:0.0350s ]
SQL: INSERT INTO `yyg_goods_images` (`gid`,`image_url`,`image_key`) VALUES ('12','/Uploads/Goods/20151114/5646d1cf03a57.jpg','McjxApxhNpTExMTQvNTY0NmQxY2YwM2E1Ny5qcGcO0O0O') [ RunTime:0.0400s ]
SQL: INSERT INTO `yyg_goods_images` (`gid`,`image_url`,`image_key`) VALUES ('12','/Uploads/Goods/20151114/5646d1cf0ea21.png','McjxApxhNpTExMTQvNTY0NmQxY2YwZWEyMS5wbmcO0O0O') [ RunTime:0.0420s ]

[ 2015-11-14T14:17:21+08:00 ] ::1 /index.php/Admin/Miaosha/index
INFO: [ app_init ] --START--
INFO: Run Behavior\BuildLiteBehavior [ RunTime:0.000000s ]
INFO: [ app_init ] --END-- [ RunTime:0.000000s ]
INFO: [ app_begin ] --START--
INFO: Run Behavior\ReadHtmlCacheBehavior [ RunTime:0.000000s ]
INFO: [ app_begin ] --END-- [ RunTime:0.000000s ]
SQL: SHOW COLUMNS FROM `yyg_goods` [ RunTime:0.0320s ]
NOTIC: [8] Undefined variable: goodsType E:\Works\YYG\Application\Admin\Controller\GoodsBaseController.class.php 第 23 行.
SQL: SELECT * FROM `yyg_goods`  [ RunTime:0.0310s ]
SQL: SHOW COLUMNS FROM `yyg_category` [ RunTime:0.0310s ]
SQL: SELECT * FROM `yyg_category` WHERE ( 1=1 AND cid='4' ) LIMIT 1   [ RunTime:0.0290s ]
SQL: SHOW COLUMNS FROM `yyg_brand` [ RunTime:0.0300s ]
SQL: SELECT * FROM `yyg_brand` WHERE ( 1=1 AND bid='0' ) LIMIT 1   [ RunTime:0.0300s ]
INFO: [ view_parse ] --START--
INFO: [ template_filter ] --START--
INFO: Run Behavior\ContentReplaceBehavior [ RunTime:0.000000s ]
INFO: [ template_filter ] --END-- [ RunTime:0.000000s ]
INFO: Run Behavior\ParseTemplateBehavior [ RunTime:0.008001s ]
INFO: [ view_parse ] --END-- [ RunTime:0.008001s ]
INFO: [ view_filter ] --START--
INFO: Run Behavior\WriteHtmlCacheBehavior [ RunTime:0.000000s ]
INFO: [ view_filter ] --END-- [ RunTime:0.000000s ]
INFO: [ app_end ] --START--
INFO: Run Behavior\ShowPageTraceBehavior [ RunTime:0.001000s ]
INFO: [ app_end ] --END-- [ RunTime:0.001000s ]

[ 2015-11-14T14:17:23+08:00 ] ::1 /index.php/Admin/Miaosha/edit/12
INFO: [ app_init ] --START--
INFO: Run Behavior\BuildLiteBehavior [ RunTime:0.000000s ]
INFO: [ app_init ] --END-- [ RunTime:0.000000s ]
INFO: [ app_begin ] --START--
INFO: Run Behavior\ReadHtmlCacheBehavior [ RunTime:0.001000s ]
INFO: [ app_begin ] --END-- [ RunTime:0.001000s ]
SQL: SHOW COLUMNS FROM `yyg_goods` [ RunTime:0.0320s ]
SQL: SELECT * FROM `yyg_goods` WHERE `gid` = 12 LIMIT 1   [ RunTime:0.0310s ]
SQL: SHOW COLUMNS FROM `yyg_category` [ RunTime:0.0310s ]
SQL: SELECT * FROM `yyg_category` WHERE ( 1=1 AND cid='4' ) LIMIT 1   [ RunTime:0.0300s ]
SQL: SHOW COLUMNS FROM `yyg_brand` [ RunTime:0.0300s ]
SQL: SELECT * FROM `yyg_brand` WHERE ( 1=1 AND bid='0' ) LIMIT 1   [ RunTime:0.0300s ]
SQL: SHOW COLUMNS FROM `yyg_goods_images` [ RunTime:0.0310s ]
SQL: SELECT * FROM `yyg_goods_images` WHERE `gid` = 12  [ RunTime:0.0300s ]
SQL: SHOW COLUMNS FROM `yyg_category` [ RunTime:0.0310s ]
SQL: SELECT * FROM `yyg_category`  [ RunTime:0.0310s ]
SQL: SHOW COLUMNS FROM `yyg_category` [ RunTime:0.0310s ]
SQL: SELECT * FROM `yyg_category` WHERE `cid` = 4 LIMIT 1   [ RunTime:0.0300s ]
SQL: SHOW COLUMNS FROM `yyg_brand` [ RunTime:0.0310s ]
NOTIC: [8] Undefined index: mapping_order E:\Works\YYG\ThinkPHP\Library\Think\Model\RelationModel.class.php 第 186 行.
NOTIC: [8] Undefined index: mapping_limit E:\Works\YYG\ThinkPHP\Library\Think\Model\RelationModel.class.php 第 187 行.
SQL: SELECT b.* FROM yyg_category_has_brand AS a, yyg_brand AS b WHERE a.bid = b.bid AND a. cid='4' [ RunTime:0.0300s ]
INFO: [ view_parse ] --START--
INFO: [ template_filter ] --START--
INFO: Run Behavior\ContentReplaceBehavior [ RunTime:0.000000s ]
INFO: [ template_filter ] --END-- [ RunTime:0.000000s ]
NOTIC: [8] Undefined index: baoyou E:\Works\YYG\Application\Runtime\Cache\Admin\346dfcdf6ec8d3c93d33b5eb4f636a21.php 第 298 行.
NOTIC: [8] Undefined index: baoyou E:\Works\YYG\Application\Runtime\Cache\Admin\346dfcdf6ec8d3c93d33b5eb4f636a21.php 第 298 行.
INFO: Run Behavior\ParseTemplateBehavior [ RunTime:0.013001s ]
INFO: [ view_parse ] --END-- [ RunTime:0.013001s ]
INFO: [ view_filter ] --START--
INFO: Run Behavior\WriteHtmlCacheBehavior [ RunTime:0.000000s ]
INFO: [ view_filter ] --END-- [ RunTime:0.000000s ]
INFO: [ app_end ] --START--
INFO: Run Behavior\ShowPageTraceBehavior [ RunTime:0.000000s ]
INFO: [ app_end ] --END-- [ RunTime:0.001000s ]

[ 2015-11-14T14:17:24+08:00 ] ::1 /index.php/Admin/Public/ueditup?action=config&&noCache=1447481844000
INFO: [ app_init ] --START--
INFO: Run Behavior\BuildLiteBehavior [ RunTime:0.000000s ]
INFO: [ app_init ] --END-- [ RunTime:0.000000s ]
INFO: [ app_begin ] --START--
INFO: Run Behavior\ReadHtmlCacheBehavior [ RunTime:0.001000s ]
INFO: [ app_begin ] --END-- [ RunTime:0.001000s ]
INFO: [ app_end ] --START--
INFO: Run Behavior\ShowPageTraceBehavior [ RunTime:0.000000s ]
INFO: [ app_end ] --END-- [ RunTime:0.000000s ]

[ 2015-11-14T14:20:26+08:00 ] ::1 /index.php/Admin/Miaosha/edit/12
INFO: [ app_init ] --START--
INFO: Run Behavior\BuildLiteBehavior [ RunTime:0.000000s ]
INFO: [ app_init ] --END-- [ RunTime:0.000000s ]
INFO: [ app_begin ] --START--
INFO: Run Behavior\ReadHtmlCacheBehavior [ RunTime:0.000000s ]
INFO: [ app_begin ] --END-- [ RunTime:0.000000s ]
SQL: SHOW COLUMNS FROM `yyg_goods` [ RunTime:0.0320s ]
SQL: SELECT * FROM `yyg_goods` WHERE `gid` = 12 LIMIT 1   [ RunTime:0.0310s ]
SQL: SHOW COLUMNS FROM `yyg_category` [ RunTime:0.0300s ]
SQL: SELECT * FROM `yyg_category` WHERE ( 1=1 AND cid='4' ) LIMIT 1   [ RunTime:0.0280s ]
SQL: SHOW COLUMNS FROM `yyg_brand` [ RunTime:0.0300s ]
SQL: SELECT * FROM `yyg_brand` WHERE ( 1=1 AND bid='0' ) LIMIT 1   [ RunTime:0.0280s ]
SQL: SHOW COLUMNS FROM `yyg_goods_images` [ RunTime:0.0290s ]
SQL: SELECT * FROM `yyg_goods_images` WHERE `gid` = 12  [ RunTime:0.0300s ]
SQL: SHOW COLUMNS FROM `yyg_category` [ RunTime:0.0290s ]
SQL: SELECT * FROM `yyg_category`  [ RunTime:0.0290s ]
SQL: SHOW COLUMNS FROM `yyg_category` [ RunTime:0.0300s ]
SQL: SELECT * FROM `yyg_category` WHERE `cid` = 4 LIMIT 1   [ RunTime:0.0290s ]
SQL: SHOW COLUMNS FROM `yyg_brand` [ RunTime:0.0300s ]
NOTIC: [8] Undefined index: mapping_order E:\Works\YYG\ThinkPHP\Library\Think\Model\RelationModel.class.php 第 186 行.
NOTIC: [8] Undefined index: mapping_limit E:\Works\YYG\ThinkPHP\Library\Think\Model\RelationModel.class.php 第 187 行.
SQL: SELECT b.* FROM yyg_category_has_brand AS a, yyg_brand AS b WHERE a.bid = b.bid AND a. cid='4' [ RunTime:0.0290s ]
INFO: [ view_parse ] --START--
INFO: [ template_filter ] --START--
INFO: Run Behavior\ContentReplaceBehavior [ RunTime:0.001000s ]
INFO: [ template_filter ] --END-- [ RunTime:0.001000s ]
NOTIC: [8] Undefined index: baoyou E:\Works\YYG\Application\Runtime\Cache\Admin\346dfcdf6ec8d3c93d33b5eb4f636a21.php 第 298 行.
NOTIC: [8] Undefined index: baoyou E:\Works\YYG\Application\Runtime\Cache\Admin\346dfcdf6ec8d3c93d33b5eb4f636a21.php 第 298 行.
INFO: Run Behavior\ParseTemplateBehavior [ RunTime:0.029002s ]
INFO: [ view_parse ] --END-- [ RunTime:0.029002s ]
INFO: [ view_filter ] --START--
INFO: Run Behavior\WriteHtmlCacheBehavior [ RunTime:0.001000s ]
INFO: [ view_filter ] --END-- [ RunTime:0.001000s ]
INFO: [ app_end ] --START--
INFO: Run Behavior\ShowPageTraceBehavior [ RunTime:0.001000s ]
INFO: [ app_end ] --END-- [ RunTime:0.001000s ]

[ 2015-11-14T14:20:26+08:00 ] ::1 /index.php/Admin/Public/ueditup?action=config&&noCache=1447482026497
INFO: [ app_init ] --START--
INFO: Run Behavior\BuildLiteBehavior [ RunTime:0.000000s ]
INFO: [ app_init ] --END-- [ RunTime:0.000000s ]
INFO: [ app_begin ] --START--
INFO: Run Behavior\ReadHtmlCacheBehavior [ RunTime:0.000000s ]
INFO: [ app_begin ] --END-- [ RunTime:0.000000s ]
INFO: [ app_end ] --START--
INFO: Run Behavior\ShowPageTraceBehavior [ RunTime:0.000000s ]
INFO: [ app_end ] --END-- [ RunTime:0.000000s ]

[ 2015-11-14T14:20:26+08:00 ] ::1 /index.php/Admin/Category/brands/4
INFO: [ app_init ] --START--
INFO: Run Behavior\BuildLiteBehavior [ RunTime:0.000000s ]
INFO: [ app_init ] --END-- [ RunTime:0.000000s ]
INFO: [ app_begin ] --START--
INFO: Run Behavior\ReadHtmlCacheBehavior [ RunTime:0.000000s ]
INFO: [ app_begin ] --END-- [ RunTime:0.000000s ]
SQL: SHOW COLUMNS FROM `yyg_category` [ RunTime:0.0360s ]
SQL: SELECT * FROM `yyg_category` WHERE ( 4 ) LIMIT 1   [ RunTime:0.0350s ]
SQL: SHOW COLUMNS FROM `yyg_brand` [ RunTime:0.0360s ]
NOTIC: [8] Undefined index: mapping_order E:\Works\YYG\ThinkPHP\Library\Think\Model\RelationModel.class.php 第 186 行.
NOTIC: [8] Undefined index: mapping_limit E:\Works\YYG\ThinkPHP\Library\Think\Model\RelationModel.class.php 第 187 行.
SQL: SELECT b.* FROM yyg_category_has_brand AS a, yyg_brand AS b WHERE a.bid = b.bid AND a. cid='4' [ RunTime:0.0290s ]

