[ 2015-11-12T22:27:37+08:00 ] ::1 /index.php/Admin/Brand/index
INFO: [ app_init ] --START--
INFO: Run Behavior\BuildLiteBehavior [ RunTime:0.000023s ]
INFO: [ app_init ] --END-- [ RunTime:0.003895s ]
INFO: [ app_begin ] --START--
INFO: Run Behavior\ReadHtmlCacheBehavior [ RunTime:0.003958s ]
INFO: [ app_begin ] --END-- [ RunTime:0.004100s ]

[ 2015-11-12T22:27:37+08:00 ] ::1 /index.php/Admin/Public/login.html
INFO: [ app_init ] --START--
INFO: Run Behavior\BuildLiteBehavior [ RunTime:0.000022s ]
INFO: [ app_init ] --END-- [ RunTime:0.000467s ]
INFO: [ app_begin ] --START--
INFO: Run Behavior\ReadHtmlCacheBehavior [ RunTime:0.000620s ]
INFO: [ app_begin ] --END-- [ RunTime:0.000701s ]
INFO: [ view_parse ] --START--
INFO: [ template_filter ] --START--
INFO: Run Behavior\ContentReplaceBehavior [ RunTime:0.002135s ]
INFO: [ template_filter ] --END-- [ RunTime:0.002281s ]
INFO: Run Behavior\ParseTemplateBehavior [ RunTime:0.019804s ]
INFO: [ view_parse ] --END-- [ RunTime:0.019915s ]
INFO: [ view_filter ] --START--
INFO: Run Behavior\WriteHtmlCacheBehavior [ RunTime:0.002673s ]
INFO: [ view_filter ] --END-- [ RunTime:0.002745s ]
INFO: [ app_end ] --START--
INFO: Run Behavior\ShowPageTraceBehavior [ RunTime:0.003891s ]
INFO: [ app_end ] --END-- [ RunTime:0.003990s ]

[ 2015-11-12T22:27:37+08:00 ] ::1 /index.php/Admin/Public/verify.html
INFO: [ app_init ] --START--
INFO: Run Behavior\BuildLiteBehavior [ RunTime:0.000010s ]
INFO: [ app_init ] --END-- [ RunTime:0.000215s ]
INFO: [ app_begin ] --START--
INFO: Run Behavior\ReadHtmlCacheBehavior [ RunTime:0.000373s ]
INFO: [ app_begin ] --END-- [ RunTime:0.000426s ]
INFO: [ app_end ] --START--
INFO: Run Behavior\ShowPageTraceBehavior [ RunTime:0.000606s ]
INFO: [ app_end ] --END-- [ RunTime:0.000687s ]

[ 2015-11-12T22:27:45+08:00 ] ::1 /index.php/Admin/Public/login
INFO: [ app_init ] --START--
INFO: Run Behavior\BuildLiteBehavior [ RunTime:0.000010s ]
INFO: [ app_init ] --END-- [ RunTime:0.000322s ]
INFO: [ app_begin ] --START--
INFO: Run Behavior\ReadHtmlCacheBehavior [ RunTime:0.000377s ]
INFO: [ app_begin ] --END-- [ RunTime:0.000431s ]
SQL: SHOW COLUMNS FROM `yyg_admin` [ RunTime:0.0085s ]
SQL: SELECT * FROM `yyg_admin` WHERE `username` = 'admin' LIMIT 1   [ RunTime:0.0048s ]
SQL: UPDATE `yyg_admin` SET `login`=`login` + 1,`login_time`='15-11-12-10-27-45',`login_ip`='0.0.0.0' WHERE `uid` = 1 [ RunTime:0.0069s ]

[ 2015-11-12T22:27:45+08:00 ] ::1 /index.php/Admin/Index/index
INFO: [ app_init ] --START--
INFO: Run Behavior\BuildLiteBehavior [ RunTime:0.000011s ]
INFO: [ app_init ] --END-- [ RunTime:0.000222s ]
INFO: [ app_begin ] --START--
INFO: Run Behavior\ReadHtmlCacheBehavior [ RunTime:0.000407s ]
INFO: [ app_begin ] --END-- [ RunTime:0.000448s ]
INFO: [ view_parse ] --START--
INFO: [ template_filter ] --START--
INFO: Run Behavior\ContentReplaceBehavior [ RunTime:0.000063s ]
INFO: [ template_filter ] --END-- [ RunTime:0.000100s ]
NOTIC: [8] Undefined variable: title /Users/JitleeWan/Documents/Works/YYG/Application/Runtime/Cache/Admin/b595b808c2ebeeeb0478ffc30bb4e87a.php 第 20 行.
NOTIC: [8] Undefined variable: title /Users/JitleeWan/Documents/Works/YYG/Application/Runtime/Cache/Admin/b595b808c2ebeeeb0478ffc30bb4e87a.php 第 140 行.
INFO: Run Behavior\ParseTemplateBehavior [ RunTime:0.022595s ]
INFO: [ view_parse ] --END-- [ RunTime:0.022676s ]
INFO: [ view_filter ] --START--
INFO: Run Behavior\WriteHtmlCacheBehavior [ RunTime:0.000161s ]
INFO: [ view_filter ] --END-- [ RunTime:0.000191s ]
INFO: [ app_end ] --START--
INFO: Run Behavior\ShowPageTraceBehavior [ RunTime:0.000332s ]
INFO: [ app_end ] --END-- [ RunTime:0.000359s ]

[ 2015-11-12T22:27:49+08:00 ] ::1 /index.php/Admin/User
INFO: [ app_init ] --START--
INFO: Run Behavior\BuildLiteBehavior [ RunTime:0.000010s ]
INFO: [ app_init ] --END-- [ RunTime:0.000323s ]
INFO: [ app_begin ] --START--
INFO: Run Behavior\ReadHtmlCacheBehavior [ RunTime:0.000373s ]
INFO: [ app_begin ] --END-- [ RunTime:0.000425s ]
SQL: SHOW COLUMNS FROM `yyg_admin` [ RunTime:0.0063s ]
SQL: SELECT COUNT(*) AS tp_count FROM `yyg_admin` LIMIT 1   [ RunTime:0.0029s ]
SQL: SELECT * FROM `yyg_admin` LIMIT 0,25   [ RunTime:0.0004s ]
INFO: [ view_parse ] --START--
INFO: [ template_filter ] --START--
INFO: Run Behavior\ContentReplaceBehavior [ RunTime:0.000140s ]
INFO: [ template_filter ] --END-- [ RunTime:0.000187s ]
INFO: Run Behavior\ParseTemplateBehavior [ RunTime:0.018059s ]
INFO: [ view_parse ] --END-- [ RunTime:0.018124s ]
INFO: [ view_filter ] --START--
INFO: Run Behavior\WriteHtmlCacheBehavior [ RunTime:0.000136s ]
INFO: [ view_filter ] --END-- [ RunTime:0.000160s ]
INFO: [ app_end ] --START--
INFO: Run Behavior\ShowPageTraceBehavior [ RunTime:0.000414s ]
INFO: [ app_end ] --END-- [ RunTime:0.000450s ]

[ 2015-11-12T22:27:55+08:00 ] ::1 /index.php/Admin/Category
INFO: [ app_init ] --START--
INFO: Run Behavior\BuildLiteBehavior [ RunTime:0.000013s ]
INFO: [ app_init ] --END-- [ RunTime:0.000286s ]
INFO: [ app_begin ] --START--
INFO: Run Behavior\ReadHtmlCacheBehavior [ RunTime:0.000268s ]
INFO: [ app_begin ] --END-- [ RunTime:0.000300s ]
SQL: SHOW COLUMNS FROM `yyg_category` [ RunTime:0.0041s ]
SQL: SELECT * FROM `yyg_category`  [ RunTime:0.0004s ]
INFO: [ view_parse ] --START--
INFO: [ template_filter ] --START--
INFO: Run Behavior\ContentReplaceBehavior [ RunTime:0.000106s ]
INFO: [ template_filter ] --END-- [ RunTime:0.000165s ]
INFO: Run Behavior\ParseTemplateBehavior [ RunTime:0.017467s ]
INFO: [ view_parse ] --END-- [ RunTime:0.017529s ]
INFO: [ view_filter ] --START--
INFO: Run Behavior\WriteHtmlCacheBehavior [ RunTime:0.000160s ]
INFO: [ view_filter ] --END-- [ RunTime:0.000194s ]
INFO: [ app_end ] --START--
INFO: Run Behavior\ShowPageTraceBehavior [ RunTime:0.001047s ]
INFO: [ app_end ] --END-- [ RunTime:0.001144s ]

[ 2015-11-12T22:27:57+08:00 ] ::1 /index.php/Admin/Category/edit/4
INFO: [ app_init ] --START--
INFO: Run Behavior\BuildLiteBehavior [ RunTime:0.000009s ]
INFO: [ app_init ] --END-- [ RunTime:0.000207s ]
INFO: [ app_begin ] --START--
INFO: Run Behavior\ReadHtmlCacheBehavior [ RunTime:0.000260s ]
INFO: [ app_begin ] --END-- [ RunTime:0.000289s ]
SQL: SHOW COLUMNS FROM `yyg_category` [ RunTime:0.0061s ]
SQL: SELECT * FROM `yyg_category` WHERE `cid` = 4 LIMIT 1   [ RunTime:0.0037s ]
INFO: [ view_parse ] --START--
INFO: [ template_filter ] --START--
INFO: Run Behavior\ContentReplaceBehavior [ RunTime:0.000093s ]
INFO: [ template_filter ] --END-- [ RunTime:0.000139s ]
INFO: Run Behavior\ParseTemplateBehavior [ RunTime:0.016423s ]
INFO: [ view_parse ] --END-- [ RunTime:0.016478s ]
INFO: [ view_filter ] --START--
INFO: Run Behavior\WriteHtmlCacheBehavior [ RunTime:0.000138s ]
INFO: [ view_filter ] --END-- [ RunTime:0.000168s ]
INFO: [ app_end ] --START--
INFO: Run Behavior\ShowPageTraceBehavior [ RunTime:0.000468s ]
INFO: [ app_end ] --END-- [ RunTime:0.000515s ]

[ 2015-11-12T22:27:59+08:00 ] ::1 /index.php/Admin/Category/edit/
INFO: [ app_init ] --START--
INFO: Run Behavior\BuildLiteBehavior [ RunTime:0.000016s ]
INFO: [ app_init ] --END-- [ RunTime:0.000315s ]
INFO: [ app_begin ] --START--
INFO: Run Behavior\ReadHtmlCacheBehavior [ RunTime:0.000648s ]
INFO: [ app_begin ] --END-- [ RunTime:0.000714s ]
SQL: SHOW COLUMNS FROM `yyg_category` [ RunTime:0.0063s ]
SQL: SELECT * FROM `yyg_category` LIMIT 1   [ RunTime:0.0003s ]
INFO: [ view_parse ] --START--
INFO: [ template_filter ] --START--
INFO: Run Behavior\ContentReplaceBehavior [ RunTime:0.000317s ]
INFO: [ template_filter ] --END-- [ RunTime:0.000430s ]
INFO: Run Behavior\ParseTemplateBehavior [ RunTime:0.021757s ]
INFO: [ view_parse ] --END-- [ RunTime:0.021873s ]
INFO: [ view_filter ] --START--
INFO: Run Behavior\WriteHtmlCacheBehavior [ RunTime:0.000254s ]
INFO: [ view_filter ] --END-- [ RunTime:0.000304s ]
INFO: [ app_end ] --START--
INFO: Run Behavior\ShowPageTraceBehavior [ RunTime:0.000915s ]
INFO: [ app_end ] --END-- [ RunTime:0.001002s ]

[ 2015-11-12T22:28:24+08:00 ] ::1 /index.php/Admin/Category/upload
INFO: [ app_init ] --START--
INFO: Run Behavior\BuildLiteBehavior [ RunTime:0.000027s ]
INFO: [ app_init ] --END-- [ RunTime:0.000576s ]
INFO: [ app_begin ] --START--
INFO: Run Behavior\ReadHtmlCacheBehavior [ RunTime:0.000525s ]
INFO: [ app_begin ] --END-- [ RunTime:0.000601s ]
ERR: 非法操作:upload

[ 2015-11-12T22:30:25+08:00 ] ::1 /index.php/Admin/Category/edit/
INFO: [ app_init ] --START--
INFO: Run Behavior\BuildLiteBehavior [ RunTime:0.000034s ]
INFO: [ app_init ] --END-- [ RunTime:0.004833s ]
INFO: [ app_begin ] --START--
INFO: Run Behavior\ReadHtmlCacheBehavior [ RunTime:0.004183s ]
INFO: [ app_begin ] --END-- [ RunTime:0.004372s ]
SQL: SHOW COLUMNS FROM `yyg_category` [ RunTime:0.0105s ]
SQL: SELECT * FROM `yyg_category` LIMIT 1   [ RunTime:0.0003s ]
INFO: [ view_parse ] --START--
INFO: [ template_filter ] --START--
INFO: Run Behavior\ContentReplaceBehavior [ RunTime:0.000146s ]
INFO: [ template_filter ] --END-- [ RunTime:0.000212s ]
INFO: Run Behavior\ParseTemplateBehavior [ RunTime:0.026346s ]
INFO: [ view_parse ] --END-- [ RunTime:0.026415s ]
INFO: [ view_filter ] --START--
INFO: Run Behavior\WriteHtmlCacheBehavior [ RunTime:0.001472s ]
INFO: [ view_filter ] --END-- [ RunTime:0.001521s ]
INFO: [ app_end ] --START--
INFO: Run Behavior\ShowPageTraceBehavior [ RunTime:0.004037s ]
INFO: [ app_end ] --END-- [ RunTime:0.004106s ]

[ 2015-11-12T22:30:34+08:00 ] ::1 /index.php/Admin/Category/upload
INFO: [ app_init ] --START--
INFO: Run Behavior\BuildLiteBehavior [ RunTime:0.000012s ]
INFO: [ app_init ] --END-- [ RunTime:0.000244s ]
INFO: [ app_begin ] --START--
INFO: Run Behavior\ReadHtmlCacheBehavior [ RunTime:0.000353s ]
INFO: [ app_begin ] --END-- [ RunTime:0.000396s ]
NOTIC: [2] call_user_func() expects parameter 1 to be a valid callback, no array or string given /Users/JitleeWan/Documents/Works/YYG/ThinkPHP/Library/Think/Upload.class.php 第 170 行.

[ 2015-11-12T22:30:40+08:00 ] ::1 /index.php/Admin/Category/edit
INFO: [ app_init ] --START--
INFO: Run Behavior\BuildLiteBehavior [ RunTime:0.000012s ]
INFO: [ app_init ] --END-- [ RunTime:0.000332s ]
INFO: [ app_begin ] --START--
INFO: Run Behavior\ReadHtmlCacheBehavior [ RunTime:0.000852s ]
INFO: [ app_begin ] --END-- [ RunTime:0.001059s ]
SQL: SHOW COLUMNS FROM `yyg_category` [ RunTime:0.0065s ]
NOTIC: [8] Undefined index: validate /Users/JitleeWan/Documents/Works/YYG/ThinkPHP/Library/Think/Model.class.php 第 1185 行.
NOTIC: [8] Undefined index: auto /Users/JitleeWan/Documents/Works/YYG/ThinkPHP/Library/Think/Model.class.php 第 1128 行.
SQL: UPDATE `yyg_category` SET `name`='手机数码',`thumb`='/Uploads/categories/20151112/5644a28a6c4e8.png' WHERE `cid` = 4 [ RunTime:0.0040s ]

[ 2015-11-12T22:30:41+08:00 ] ::1 /index.php/Admin/Category/index.html
INFO: [ app_init ] --START--
INFO: Run Behavior\BuildLiteBehavior [ RunTime:0.000010s ]
INFO: [ app_init ] --END-- [ RunTime:0.000203s ]
INFO: [ app_begin ] --START--
INFO: Run Behavior\ReadHtmlCacheBehavior [ RunTime:0.000260s ]
INFO: [ app_begin ] --END-- [ RunTime:0.000290s ]
SQL: SHOW COLUMNS FROM `yyg_category` [ RunTime:0.0032s ]
SQL: SELECT * FROM `yyg_category`  [ RunTime:0.0002s ]
INFO: [ view_parse ] --START--
INFO: [ template_filter ] --START--
INFO: Run Behavior\ContentReplaceBehavior [ RunTime:0.000227s ]
INFO: [ template_filter ] --END-- [ RunTime:0.000292s ]
INFO: Run Behavior\ParseTemplateBehavior [ RunTime:0.029822s ]
INFO: [ view_parse ] --END-- [ RunTime:0.029872s ]
INFO: [ view_filter ] --START--
INFO: Run Behavior\WriteHtmlCacheBehavior [ RunTime:0.000164s ]
INFO: [ view_filter ] --END-- [ RunTime:0.000194s ]
INFO: [ app_end ] --START--
INFO: Run Behavior\ShowPageTraceBehavior [ RunTime:0.000673s ]
INFO: [ app_end ] --END-- [ RunTime:0.000742s ]

[ 2015-11-12T22:30:43+08:00 ] ::1 /index.php/Admin/Category/edit/4
INFO: [ app_init ] --START--
INFO: Run Behavior\BuildLiteBehavior [ RunTime:0.000011s ]
INFO: [ app_init ] --END-- [ RunTime:0.000255s ]
INFO: [ app_begin ] --START--
INFO: Run Behavior\ReadHtmlCacheBehavior [ RunTime:0.000359s ]
INFO: [ app_begin ] --END-- [ RunTime:0.000400s ]
SQL: SHOW COLUMNS FROM `yyg_category` [ RunTime:0.0033s ]
SQL: SELECT * FROM `yyg_category` WHERE `cid` = 4 LIMIT 1   [ RunTime:0.0003s ]
INFO: [ view_parse ] --START--
INFO: [ template_filter ] --START--
INFO: Run Behavior\ContentReplaceBehavior [ RunTime:0.000130s ]
INFO: [ template_filter ] --END-- [ RunTime:0.000192s ]
INFO: Run Behavior\ParseTemplateBehavior [ RunTime:0.017538s ]
INFO: [ view_parse ] --END-- [ RunTime:0.017598s ]
INFO: [ view_filter ] --START--
INFO: Run Behavior\WriteHtmlCacheBehavior [ RunTime:0.000161s ]
INFO: [ view_filter ] --END-- [ RunTime:0.000199s ]
INFO: [ app_end ] --START--
INFO: Run Behavior\ShowPageTraceBehavior [ RunTime:0.000718s ]
INFO: [ app_end ] --END-- [ RunTime:0.000804s ]

[ 2015-11-12T22:30:45+08:00 ] ::1 /index.php/Admin/Category/index
INFO: [ app_init ] --START--
INFO: Run Behavior\BuildLiteBehavior [ RunTime:0.000012s ]
INFO: [ app_init ] --END-- [ RunTime:0.000286s ]
INFO: [ app_begin ] --START--
INFO: Run Behavior\ReadHtmlCacheBehavior [ RunTime:0.000351s ]
INFO: [ app_begin ] --END-- [ RunTime:0.000391s ]
SQL: SHOW COLUMNS FROM `yyg_category` [ RunTime:0.0064s ]
SQL: SELECT * FROM `yyg_category`  [ RunTime:0.0004s ]
INFO: [ view_parse ] --START--
INFO: [ template_filter ] --START--
INFO: Run Behavior\ContentReplaceBehavior [ RunTime:0.000097s ]
INFO: [ template_filter ] --END-- [ RunTime:0.000160s ]
INFO: Run Behavior\ParseTemplateBehavior [ RunTime:0.008557s ]
INFO: [ view_parse ] --END-- [ RunTime:0.008611s ]
INFO: [ view_filter ] --START--
INFO: Run Behavior\WriteHtmlCacheBehavior [ RunTime:0.000170s ]
INFO: [ view_filter ] --END-- [ RunTime:0.000209s ]
INFO: [ app_end ] --START--
INFO: Run Behavior\ShowPageTraceBehavior [ RunTime:0.000657s ]
INFO: [ app_end ] --END-- [ RunTime:0.000786s ]

[ 2015-11-12T22:30:48+08:00 ] ::1 /index.php/Admin/Category/edit/5
INFO: [ app_init ] --START--
INFO: Run Behavior\BuildLiteBehavior [ RunTime:0.000010s ]
INFO: [ app_init ] --END-- [ RunTime:0.000204s ]
INFO: [ app_begin ] --START--
INFO: Run Behavior\ReadHtmlCacheBehavior [ RunTime:0.000258s ]
INFO: [ app_begin ] --END-- [ RunTime:0.000290s ]
SQL: SHOW COLUMNS FROM `yyg_category` [ RunTime:0.0065s ]
SQL: SELECT * FROM `yyg_category` WHERE `cid` = 5 LIMIT 1   [ RunTime:0.0004s ]
INFO: [ view_parse ] --START--
INFO: [ template_filter ] --START--
INFO: Run Behavior\ContentReplaceBehavior [ RunTime:0.000135s ]
INFO: [ template_filter ] --END-- [ RunTime:0.000205s ]
INFO: Run Behavior\ParseTemplateBehavior [ RunTime:0.014035s ]
INFO: [ view_parse ] --END-- [ RunTime:0.014103s ]
INFO: [ view_filter ] --START--
INFO: Run Behavior\WriteHtmlCacheBehavior [ RunTime:0.000216s ]
INFO: [ view_filter ] --END-- [ RunTime:0.000263s ]
INFO: [ app_end ] --START--
INFO: Run Behavior\ShowPageTraceBehavior [ RunTime:0.000955s ]
INFO: [ app_end ] --END-- [ RunTime:0.001053s ]

[ 2015-11-12T22:30:50+08:00 ] ::1 /index.php/Admin/Category/edit/
INFO: [ app_init ] --START--
INFO: Run Behavior\BuildLiteBehavior [ RunTime:0.000009s ]
INFO: [ app_init ] --END-- [ RunTime:0.000201s ]
INFO: [ app_begin ] --START--
INFO: Run Behavior\ReadHtmlCacheBehavior [ RunTime:0.000256s ]
INFO: [ app_begin ] --END-- [ RunTime:0.000286s ]
SQL: SHOW COLUMNS FROM `yyg_category` [ RunTime:0.0062s ]
SQL: SELECT * FROM `yyg_category` LIMIT 1   [ RunTime:0.0004s ]
INFO: [ view_parse ] --START--
INFO: [ template_filter ] --START--
INFO: Run Behavior\ContentReplaceBehavior [ RunTime:0.000089s ]
INFO: [ template_filter ] --END-- [ RunTime:0.000136s ]
INFO: Run Behavior\ParseTemplateBehavior [ RunTime:0.013715s ]
INFO: [ view_parse ] --END-- [ RunTime:0.013764s ]
INFO: [ view_filter ] --START--
INFO: Run Behavior\WriteHtmlCacheBehavior [ RunTime:0.000137s ]
INFO: [ view_filter ] --END-- [ RunTime:0.000166s ]
INFO: [ app_end ] --START--
INFO: Run Behavior\ShowPageTraceBehavior [ RunTime:0.000460s ]
INFO: [ app_end ] --END-- [ RunTime:0.000507s ]

[ 2015-11-12T22:30:55+08:00 ] ::1 /index.php/Admin/Category/upload
INFO: [ app_init ] --START--
INFO: Run Behavior\BuildLiteBehavior [ RunTime:0.000012s ]
INFO: [ app_init ] --END-- [ RunTime:0.000245s ]
INFO: [ app_begin ] --START--
INFO: Run Behavior\ReadHtmlCacheBehavior [ RunTime:0.000429s ]
INFO: [ app_begin ] --END-- [ RunTime:0.000482s ]
NOTIC: [2] call_user_func() expects parameter 1 to be a valid callback, no array or string given /Users/JitleeWan/Documents/Works/YYG/ThinkPHP/Library/Think/Upload.class.php 第 170 行.

[ 2015-11-12T22:30:58+08:00 ] ::1 /index.php/Admin/Category/edit
INFO: [ app_init ] --START--
INFO: Run Behavior\BuildLiteBehavior [ RunTime:0.000009s ]
INFO: [ app_init ] --END-- [ RunTime:0.000204s ]
INFO: [ app_begin ] --START--
INFO: Run Behavior\ReadHtmlCacheBehavior [ RunTime:0.000343s ]
INFO: [ app_begin ] --END-- [ RunTime:0.000381s ]
SQL: SHOW COLUMNS FROM `yyg_category` [ RunTime:0.0033s ]
NOTIC: [8] Undefined index: validate /Users/JitleeWan/Documents/Works/YYG/ThinkPHP/Library/Think/Model.class.php 第 1185 行.
NOTIC: [8] Undefined index: auto /Users/JitleeWan/Documents/Works/YYG/ThinkPHP/Library/Think/Model.class.php 第 1128 行.
SQL: UPDATE `yyg_category` SET `name`='电脑办公',`thumb`='/Uploads/categories/20151112/5644a29f3b832.png' WHERE `cid` = 5 [ RunTime:0.0044s ]

[ 2015-11-12T22:30:58+08:00 ] ::1 /index.php/Admin/Category/index.html
INFO: [ app_init ] --START--
INFO: Run Behavior\BuildLiteBehavior [ RunTime:0.000018s ]
INFO: [ app_init ] --END-- [ RunTime:0.000437s ]
INFO: [ app_begin ] --START--
INFO: Run Behavior\ReadHtmlCacheBehavior [ RunTime:0.000535s ]
INFO: [ app_begin ] --END-- [ RunTime:0.000598s ]
SQL: SHOW COLUMNS FROM `yyg_category` [ RunTime:0.0064s ]
SQL: SELECT * FROM `yyg_category`  [ RunTime:0.0004s ]
INFO: [ view_parse ] --START--
INFO: [ template_filter ] --START--
INFO: Run Behavior\ContentReplaceBehavior [ RunTime:0.000102s ]
INFO: [ template_filter ] --END-- [ RunTime:0.000151s ]
INFO: Run Behavior\ParseTemplateBehavior [ RunTime:0.009762s ]
INFO: [ view_parse ] --END-- [ RunTime:0.009816s ]
INFO: [ view_filter ] --START--
INFO: Run Behavior\WriteHtmlCacheBehavior [ RunTime:0.000109s ]
INFO: [ view_filter ] --END-- [ RunTime:0.000132s ]
INFO: [ app_end ] --START--
INFO: Run Behavior\ShowPageTraceBehavior [ RunTime:0.000374s ]
INFO: [ app_end ] --END-- [ RunTime:0.000406s ]

[ 2015-11-12T22:31:02+08:00 ] ::1 /index.php/Admin/Category/edit/6
INFO: [ app_init ] --START--
INFO: Run Behavior\BuildLiteBehavior [ RunTime:0.000009s ]
INFO: [ app_init ] --END-- [ RunTime:0.000204s ]
INFO: [ app_begin ] --START--
INFO: Run Behavior\ReadHtmlCacheBehavior [ RunTime:0.000259s ]
INFO: [ app_begin ] --END-- [ RunTime:0.000289s ]
SQL: SHOW COLUMNS FROM `yyg_category` [ RunTime:0.0037s ]
SQL: SELECT * FROM `yyg_category` WHERE `cid` = 6 LIMIT 1   [ RunTime:0.0003s ]
INFO: [ view_parse ] --START--
INFO: [ template_filter ] --START--
INFO: Run Behavior\ContentReplaceBehavior [ RunTime:0.000068s ]
INFO: [ template_filter ] --END-- [ RunTime:0.000106s ]
INFO: Run Behavior\ParseTemplateBehavior [ RunTime:0.007030s ]
INFO: [ view_parse ] --END-- [ RunTime:0.007080s ]
INFO: [ view_filter ] --START--
INFO: Run Behavior\WriteHtmlCacheBehavior [ RunTime:0.000194s ]
INFO: [ view_filter ] --END-- [ RunTime:0.000260s ]
INFO: [ app_end ] --START--
INFO: Run Behavior\ShowPageTraceBehavior [ RunTime:0.000410s ]
INFO: [ app_end ] --END-- [ RunTime:0.000454s ]

[ 2015-11-12T22:31:03+08:00 ] ::1 /index.php/Admin/Category/edit/
INFO: [ app_init ] --START--
INFO: Run Behavior\BuildLiteBehavior [ RunTime:0.000009s ]
INFO: [ app_init ] --END-- [ RunTime:0.000202s ]
INFO: [ app_begin ] --START--
INFO: Run Behavior\ReadHtmlCacheBehavior [ RunTime:0.000258s ]
INFO: [ app_begin ] --END-- [ RunTime:0.000288s ]
SQL: SHOW COLUMNS FROM `yyg_category` [ RunTime:0.0064s ]
SQL: SELECT * FROM `yyg_category` LIMIT 1   [ RunTime:0.0003s ]
INFO: [ view_parse ] --START--
INFO: [ template_filter ] --START--
INFO: Run Behavior\ContentReplaceBehavior [ RunTime:0.000082s ]
INFO: [ template_filter ] --END-- [ RunTime:0.000123s ]
INFO: Run Behavior\ParseTemplateBehavior [ RunTime:0.009211s ]
INFO: [ view_parse ] --END-- [ RunTime:0.009258s ]
INFO: [ view_filter ] --START--
INFO: Run Behavior\WriteHtmlCacheBehavior [ RunTime:0.000125s ]
INFO: [ view_filter ] --END-- [ RunTime:0.000150s ]
INFO: [ app_end ] --START--
INFO: Run Behavior\ShowPageTraceBehavior [ RunTime:0.000573s ]
INFO: [ app_end ] --END-- [ RunTime:0.000633s ]

[ 2015-11-12T22:31:10+08:00 ] ::1 /index.php/Admin/Category/upload
INFO: [ app_init ] --START--
INFO: Run Behavior\BuildLiteBehavior [ RunTime:0.000017s ]
INFO: [ app_init ] --END-- [ RunTime:0.000521s ]
INFO: [ app_begin ] --START--
INFO: Run Behavior\ReadHtmlCacheBehavior [ RunTime:0.000415s ]
INFO: [ app_begin ] --END-- [ RunTime:0.000480s ]
NOTIC: [2] call_user_func() expects parameter 1 to be a valid callback, no array or string given /Users/JitleeWan/Documents/Works/YYG/ThinkPHP/Library/Think/Upload.class.php 第 170 行.

[ 2015-11-12T22:31:13+08:00 ] ::1 /index.php/Admin/Category/edit
INFO: [ app_init ] --START--
INFO: Run Behavior\BuildLiteBehavior [ RunTime:0.000013s ]
INFO: [ app_init ] --END-- [ RunTime:0.000331s ]
INFO: [ app_begin ] --START--
INFO: Run Behavior\ReadHtmlCacheBehavior [ RunTime:0.000395s ]
INFO: [ app_begin ] --END-- [ RunTime:0.000441s ]
SQL: SHOW COLUMNS FROM `yyg_category` [ RunTime:0.0029s ]
NOTIC: [8] Undefined index: validate /Users/JitleeWan/Documents/Works/YYG/ThinkPHP/Library/Think/Model.class.php 第 1185 行.
NOTIC: [8] Undefined index: auto /Users/JitleeWan/Documents/Works/YYG/ThinkPHP/Library/Think/Model.class.php 第 1128 行.
SQL: UPDATE `yyg_category` SET `name`='家电用器',`thumb`='/Uploads/categories/20151112/5644a2ae34eb2.png' WHERE `cid` = 6 [ RunTime:0.0039s ]

[ 2015-11-12T22:31:13+08:00 ] ::1 /index.php/Admin/Category/index.html
INFO: [ app_init ] --START--
INFO: Run Behavior\BuildLiteBehavior [ RunTime:0.000009s ]
INFO: [ app_init ] --END-- [ RunTime:0.000210s ]
INFO: [ app_begin ] --START--
INFO: Run Behavior\ReadHtmlCacheBehavior [ RunTime:0.000262s ]
INFO: [ app_begin ] --END-- [ RunTime:0.000293s ]
SQL: SHOW COLUMNS FROM `yyg_category` [ RunTime:0.0066s ]
SQL: SELECT * FROM `yyg_category`  [ RunTime:0.0004s ]
INFO: [ view_parse ] --START--
INFO: [ template_filter ] --START--
INFO: Run Behavior\ContentReplaceBehavior [ RunTime:0.000235s ]
INFO: [ template_filter ] --END-- [ RunTime:0.000309s ]
INFO: Run Behavior\ParseTemplateBehavior [ RunTime:0.017319s ]
INFO: [ view_parse ] --END-- [ RunTime:0.017435s ]
INFO: [ view_filter ] --START--
INFO: Run Behavior\WriteHtmlCacheBehavior [ RunTime:0.000195s ]
INFO: [ view_filter ] --END-- [ RunTime:0.000227s ]
INFO: [ app_end ] --START--
INFO: Run Behavior\ShowPageTraceBehavior [ RunTime:0.000599s ]
INFO: [ app_end ] --END-- [ RunTime:0.000656s ]

[ 2015-11-12T22:31:18+08:00 ] ::1 /index.php/Admin/Category/edit/7
INFO: [ app_init ] --START--
INFO: Run Behavior\BuildLiteBehavior [ RunTime:0.000009s ]
INFO: [ app_init ] --END-- [ RunTime:0.000207s ]
INFO: [ app_begin ] --START--
INFO: Run Behavior\ReadHtmlCacheBehavior [ RunTime:0.000265s ]
INFO: [ app_begin ] --END-- [ RunTime:0.000296s ]
SQL: SHOW COLUMNS FROM `yyg_category` [ RunTime:0.0062s ]
SQL: SELECT * FROM `yyg_category` WHERE `cid` = 7 LIMIT 1   [ RunTime:0.0003s ]
INFO: [ view_parse ] --START--
INFO: [ template_filter ] --START--
INFO: Run Behavior\ContentReplaceBehavior [ RunTime:0.000099s ]
INFO: [ template_filter ] --END-- [ RunTime:0.000152s ]
INFO: Run Behavior\ParseTemplateBehavior [ RunTime:0.008489s ]
INFO: [ view_parse ] --END-- [ RunTime:0.008553s ]
INFO: [ view_filter ] --START--
INFO: Run Behavior\WriteHtmlCacheBehavior [ RunTime:0.000208s ]
INFO: [ view_filter ] --END-- [ RunTime:0.000256s ]
INFO: [ app_end ] --START--
INFO: Run Behavior\ShowPageTraceBehavior [ RunTime:0.000681s ]
INFO: [ app_end ] --END-- [ RunTime:0.000748s ]

[ 2015-11-12T22:31:19+08:00 ] ::1 /index.php/Admin/Category/edit/
INFO: [ app_init ] --START--
INFO: Run Behavior\BuildLiteBehavior [ RunTime:0.000011s ]
INFO: [ app_init ] --END-- [ RunTime:0.000302s ]
INFO: [ app_begin ] --START--
INFO: Run Behavior\ReadHtmlCacheBehavior [ RunTime:0.000357s ]
INFO: [ app_begin ] --END-- [ RunTime:0.000409s ]
SQL: SHOW COLUMNS FROM `yyg_category` [ RunTime:0.0039s ]
SQL: SELECT * FROM `yyg_category` LIMIT 1   [ RunTime:0.0002s ]
INFO: [ view_parse ] --START--
INFO: [ template_filter ] --START--
INFO: Run Behavior\ContentReplaceBehavior [ RunTime:0.000089s ]
INFO: [ template_filter ] --END-- [ RunTime:0.000168s ]
INFO: Run Behavior\ParseTemplateBehavior [ RunTime:0.008827s ]
INFO: [ view_parse ] --END-- [ RunTime:0.008870s ]
INFO: [ view_filter ] --START--
INFO: Run Behavior\WriteHtmlCacheBehavior [ RunTime:0.000113s ]
INFO: [ view_filter ] --END-- [ RunTime:0.000136s ]
INFO: [ app_end ] --START--
INFO: Run Behavior\ShowPageTraceBehavior [ RunTime:0.000372s ]
INFO: [ app_end ] --END-- [ RunTime:0.000406s ]

[ 2015-11-12T22:31:30+08:00 ] ::1 /index.php/Admin/Category/upload
INFO: [ app_init ] --START--
INFO: Run Behavior\BuildLiteBehavior [ RunTime:0.000010s ]
INFO: [ app_init ] --END-- [ RunTime:0.000241s ]
INFO: [ app_begin ] --START--
INFO: Run Behavior\ReadHtmlCacheBehavior [ RunTime:0.000256s ]
INFO: [ app_begin ] --END-- [ RunTime:0.000288s ]
NOTIC: [2] call_user_func() expects parameter 1 to be a valid callback, no array or string given /Users/JitleeWan/Documents/Works/YYG/ThinkPHP/Library/Think/Upload.class.php 第 170 行.

[ 2015-11-12T22:31:32+08:00 ] ::1 /index.php/Admin/Category/edit
INFO: [ app_init ] --START--
INFO: Run Behavior\BuildLiteBehavior [ RunTime:0.000011s ]
INFO: [ app_init ] --END-- [ RunTime:0.000209s ]
INFO: [ app_begin ] --START--
INFO: Run Behavior\ReadHtmlCacheBehavior [ RunTime:0.000276s ]
INFO: [ app_begin ] --END-- [ RunTime:0.000306s ]
SQL: SHOW COLUMNS FROM `yyg_category` [ RunTime:0.0064s ]
NOTIC: [8] Undefined index: validate /Users/JitleeWan/Documents/Works/YYG/ThinkPHP/Library/Think/Model.class.php 第 1185 行.
NOTIC: [8] Undefined index: auto /Users/JitleeWan/Documents/Works/YYG/ThinkPHP/Library/Think/Model.class.php 第 1128 行.
SQL: UPDATE `yyg_category` SET `name`='钟表首饰',`thumb`='/Uploads/categories/20151112/5644a2c2139ab.png' WHERE `cid` = 7 [ RunTime:0.0037s ]

[ 2015-11-12T22:31:32+08:00 ] ::1 /index.php/Admin/Category/index.html
INFO: [ app_init ] --START--
INFO: Run Behavior\BuildLiteBehavior [ RunTime:0.000015s ]
INFO: [ app_init ] --END-- [ RunTime:0.000404s ]
INFO: [ app_begin ] --START--
INFO: Run Behavior\ReadHtmlCacheBehavior [ RunTime:0.000299s ]
INFO: [ app_begin ] --END-- [ RunTime:0.000338s ]
SQL: SHOW COLUMNS FROM `yyg_category` [ RunTime:0.0030s ]
SQL: SELECT * FROM `yyg_category`  [ RunTime:0.0003s ]
INFO: [ view_parse ] --START--
INFO: [ template_filter ] --START--
INFO: Run Behavior\ContentReplaceBehavior [ RunTime:0.000064s ]
INFO: [ template_filter ] --END-- [ RunTime:0.000106s ]
INFO: Run Behavior\ParseTemplateBehavior [ RunTime:0.011008s ]
INFO: [ view_parse ] --END-- [ RunTime:0.011044s ]
INFO: [ view_filter ] --START--
INFO: Run Behavior\WriteHtmlCacheBehavior [ RunTime:0.000109s ]
INFO: [ view_filter ] --END-- [ RunTime:0.000131s ]
INFO: [ app_end ] --START--
INFO: Run Behavior\ShowPageTraceBehavior [ RunTime:0.000570s ]
INFO: [ app_end ] --END-- [ RunTime:0.000639s ]

[ 2015-11-12T22:31:34+08:00 ] ::1 /index.php/Admin/Category/edit/8
INFO: [ app_init ] --START--
INFO: Run Behavior\BuildLiteBehavior [ RunTime:0.000011s ]
INFO: [ app_init ] --END-- [ RunTime:0.000229s ]
INFO: [ app_begin ] --START--
INFO: Run Behavior\ReadHtmlCacheBehavior [ RunTime:0.000292s ]
INFO: [ app_begin ] --END-- [ RunTime:0.000326s ]
SQL: SHOW COLUMNS FROM `yyg_category` [ RunTime:0.0032s ]
SQL: SELECT * FROM `yyg_category` WHERE `cid` = 8 LIMIT 1   [ RunTime:0.0002s ]
INFO: [ view_parse ] --START--
INFO: [ template_filter ] --START--
INFO: Run Behavior\ContentReplaceBehavior [ RunTime:0.000076s ]
INFO: [ template_filter ] --END-- [ RunTime:0.000114s ]
INFO: Run Behavior\ParseTemplateBehavior [ RunTime:0.006652s ]
INFO: [ view_parse ] --END-- [ RunTime:0.006689s ]
INFO: [ view_filter ] --START--
INFO: Run Behavior\WriteHtmlCacheBehavior [ RunTime:0.000100s ]
INFO: [ view_filter ] --END-- [ RunTime:0.000122s ]
INFO: [ app_end ] --START--
INFO: Run Behavior\ShowPageTraceBehavior [ RunTime:0.000497s ]
INFO: [ app_end ] --END-- [ RunTime:0.000564s ]

[ 2015-11-12T22:31:36+08:00 ] ::1 /index.php/Admin/Category/edit/
INFO: [ app_init ] --START--
INFO: Run Behavior\BuildLiteBehavior [ RunTime:0.000022s ]
INFO: [ app_init ] --END-- [ RunTime:0.000493s ]
INFO: [ app_begin ] --START--
INFO: Run Behavior\ReadHtmlCacheBehavior [ RunTime:0.000521s ]
INFO: [ app_begin ] --END-- [ RunTime:0.000643s ]
SQL: SHOW COLUMNS FROM `yyg_category` [ RunTime:0.0029s ]
SQL: SELECT * FROM `yyg_category` LIMIT 1   [ RunTime:0.0004s ]
INFO: [ view_parse ] --START--
INFO: [ template_filter ] --START--
INFO: Run Behavior\ContentReplaceBehavior [ RunTime:0.000077s ]
INFO: [ template_filter ] --END-- [ RunTime:0.000122s ]
INFO: Run Behavior\ParseTemplateBehavior [ RunTime:0.012350s ]
INFO: [ view_parse ] --END-- [ RunTime:0.012437s ]
INFO: [ view_filter ] --START--
INFO: Run Behavior\WriteHtmlCacheBehavior [ RunTime:0.000144s ]
INFO: [ view_filter ] --END-- [ RunTime:0.000174s ]
INFO: [ app_end ] --START--
INFO: Run Behavior\ShowPageTraceBehavior [ RunTime:0.000743s ]
INFO: [ app_end ] --END-- [ RunTime:0.000835s ]

[ 2015-11-12T22:31:41+08:00 ] ::1 /index.php/Admin/Category/upload
INFO: [ app_init ] --START--
INFO: Run Behavior\BuildLiteBehavior [ RunTime:0.000021s ]
INFO: [ app_init ] --END-- [ RunTime:0.000368s ]
INFO: [ app_begin ] --START--
INFO: Run Behavior\ReadHtmlCacheBehavior [ RunTime:0.001077s ]
INFO: [ app_begin ] --END-- [ RunTime:0.001241s ]
NOTIC: [2] call_user_func() expects parameter 1 to be a valid callback, no array or string given /Users/JitleeWan/Documents/Works/YYG/ThinkPHP/Library/Think/Upload.class.php 第 170 行.

[ 2015-11-12T22:31:44+08:00 ] ::1 /index.php/Admin/Category/edit
INFO: [ app_init ] --START--
INFO: Run Behavior\BuildLiteBehavior [ RunTime:0.000009s ]
INFO: [ app_init ] --END-- [ RunTime:0.000206s ]
INFO: [ app_begin ] --START--
INFO: Run Behavior\ReadHtmlCacheBehavior [ RunTime:0.000258s ]
INFO: [ app_begin ] --END-- [ RunTime:0.000288s ]
SQL: SHOW COLUMNS FROM `yyg_category` [ RunTime:0.0088s ]
NOTIC: [8] Undefined index: validate /Users/JitleeWan/Documents/Works/YYG/ThinkPHP/Library/Think/Model.class.php 第 1185 行.
NOTIC: [8] Undefined index: auto /Users/JitleeWan/Documents/Works/YYG/ThinkPHP/Library/Think/Model.class.php 第 1128 行.
SQL: UPDATE `yyg_category` SET `name`='化妆个护',`thumb`='/Uploads/categories/20151112/5644a2cdf0d80.png' WHERE `cid` = 8 [ RunTime:0.0038s ]

[ 2015-11-12T22:31:44+08:00 ] ::1 /index.php/Admin/Category/index.html
INFO: [ app_init ] --START--
INFO: Run Behavior\BuildLiteBehavior [ RunTime:0.000010s ]
INFO: [ app_init ] --END-- [ RunTime:0.000206s ]
INFO: [ app_begin ] --START--
INFO: Run Behavior\ReadHtmlCacheBehavior [ RunTime:0.000261s ]
INFO: [ app_begin ] --END-- [ RunTime:0.000292s ]
SQL: SHOW COLUMNS FROM `yyg_category` [ RunTime:0.0031s ]
SQL: SELECT * FROM `yyg_category`  [ RunTime:0.0003s ]
INFO: [ view_parse ] --START--
INFO: [ template_filter ] --START--
INFO: Run Behavior\ContentReplaceBehavior [ RunTime:0.000074s ]
INFO: [ template_filter ] --END-- [ RunTime:0.000113s ]
INFO: Run Behavior\ParseTemplateBehavior [ RunTime:0.012210s ]
INFO: [ view_parse ] --END-- [ RunTime:0.012298s ]
INFO: [ view_filter ] --START--
INFO: Run Behavior\WriteHtmlCacheBehavior [ RunTime:0.000144s ]
INFO: [ view_filter ] --END-- [ RunTime:0.000173s ]
INFO: [ app_end ] --START--
INFO: Run Behavior\ShowPageTraceBehavior [ RunTime:0.000572s ]
INFO: [ app_end ] --END-- [ RunTime:0.000656s ]

[ 2015-11-12T22:31:46+08:00 ] ::1 /index.php/Admin/Category/edit/9
INFO: [ app_init ] --START--
INFO: Run Behavior\BuildLiteBehavior [ RunTime:0.000009s ]
INFO: [ app_init ] --END-- [ RunTime:0.000207s ]
INFO: [ app_begin ] --START--
INFO: Run Behavior\ReadHtmlCacheBehavior [ RunTime:0.000261s ]
INFO: [ app_begin ] --END-- [ RunTime:0.000291s ]
SQL: SHOW COLUMNS FROM `yyg_category` [ RunTime:0.0064s ]
SQL: SELECT * FROM `yyg_category` WHERE `cid` = 9 LIMIT 1   [ RunTime:0.0004s ]
INFO: [ view_parse ] --START--
INFO: [ template_filter ] --START--
INFO: Run Behavior\ContentReplaceBehavior [ RunTime:0.000066s ]
INFO: [ template_filter ] --END-- [ RunTime:0.000103s ]
INFO: Run Behavior\ParseTemplateBehavior [ RunTime:0.009409s ]
INFO: [ view_parse ] --END-- [ RunTime:0.009465s ]
INFO: [ view_filter ] --START--
INFO: Run Behavior\WriteHtmlCacheBehavior [ RunTime:0.000138s ]
INFO: [ view_filter ] --END-- [ RunTime:0.000167s ]
INFO: [ app_end ] --START--
INFO: Run Behavior\ShowPageTraceBehavior [ RunTime:0.000438s ]
INFO: [ app_end ] --END-- [ RunTime:0.000523s ]

[ 2015-11-12T22:31:47+08:00 ] ::1 /index.php/Admin/Category/edit/
INFO: [ app_init ] --START--
INFO: Run Behavior\BuildLiteBehavior [ RunTime:0.000012s ]
INFO: [ app_init ] --END-- [ RunTime:0.000270s ]
INFO: [ app_begin ] --START--
INFO: Run Behavior\ReadHtmlCacheBehavior [ RunTime:0.000353s ]
INFO: [ app_begin ] --END-- [ RunTime:0.000386s ]
SQL: SHOW COLUMNS FROM `yyg_category` [ RunTime:0.0060s ]
SQL: SELECT * FROM `yyg_category` LIMIT 1   [ RunTime:0.0003s ]
INFO: [ view_parse ] --START--
INFO: [ template_filter ] --START--
INFO: Run Behavior\ContentReplaceBehavior [ RunTime:0.000110s ]
INFO: [ template_filter ] --END-- [ RunTime:0.000178s ]
INFO: Run Behavior\ParseTemplateBehavior [ RunTime:0.009665s ]
INFO: [ view_parse ] --END-- [ RunTime:0.009716s ]
INFO: [ view_filter ] --START--
INFO: Run Behavior\WriteHtmlCacheBehavior [ RunTime:0.000158s ]
INFO: [ view_filter ] --END-- [ RunTime:0.000185s ]
INFO: [ app_end ] --START--
INFO: Run Behavior\ShowPageTraceBehavior [ RunTime:0.000643s ]
INFO: [ app_end ] --END-- [ RunTime:0.000735s ]

[ 2015-11-12T22:31:54+08:00 ] ::1 /index.php/Admin/Category/upload
INFO: [ app_init ] --START--
INFO: Run Behavior\BuildLiteBehavior [ RunTime:0.000014s ]
INFO: [ app_init ] --END-- [ RunTime:0.000394s ]
INFO: [ app_begin ] --START--
INFO: Run Behavior\ReadHtmlCacheBehavior [ RunTime:0.000494s ]
INFO: [ app_begin ] --END-- [ RunTime:0.000586s ]
NOTIC: [2] call_user_func() expects parameter 1 to be a valid callback, no array or string given /Users/JitleeWan/Documents/Works/YYG/ThinkPHP/Library/Think/Upload.class.php 第 170 行.

[ 2015-11-12T22:31:57+08:00 ] ::1 /index.php/Admin/Category/edit
INFO: [ app_init ] --START--
INFO: Run Behavior\BuildLiteBehavior [ RunTime:0.000013s ]
INFO: [ app_init ] --END-- [ RunTime:0.000293s ]
INFO: [ app_begin ] --START--
INFO: Run Behavior\ReadHtmlCacheBehavior [ RunTime:0.000297s ]
INFO: [ app_begin ] --END-- [ RunTime:0.000334s ]
SQL: SHOW COLUMNS FROM `yyg_category` [ RunTime:0.0064s ]
NOTIC: [8] Undefined index: validate /Users/JitleeWan/Documents/Works/YYG/ThinkPHP/Library/Think/Model.class.php 第 1185 行.
NOTIC: [8] Undefined index: auto /Users/JitleeWan/Documents/Works/YYG/ThinkPHP/Library/Think/Model.class.php 第 1128 行.
SQL: UPDATE `yyg_category` SET `name`='其他商品',`thumb`='/Uploads/categories/20151112/5644a2dac2221.png' WHERE `cid` = 9 [ RunTime:0.0035s ]

[ 2015-11-12T22:31:57+08:00 ] ::1 /index.php/Admin/Category/index.html
INFO: [ app_init ] --START--
INFO: Run Behavior\BuildLiteBehavior [ RunTime:0.000009s ]
INFO: [ app_init ] --END-- [ RunTime:0.000205s ]
INFO: [ app_begin ] --START--
INFO: Run Behavior\ReadHtmlCacheBehavior [ RunTime:0.000258s ]
INFO: [ app_begin ] --END-- [ RunTime:0.000288s ]
SQL: SHOW COLUMNS FROM `yyg_category` [ RunTime:0.0030s ]
SQL: SELECT * FROM `yyg_category`  [ RunTime:0.0004s ]
INFO: [ view_parse ] --START--
INFO: [ template_filter ] --START--
INFO: Run Behavior\ContentReplaceBehavior [ RunTime:0.000082s ]
INFO: [ template_filter ] --END-- [ RunTime:0.000140s ]
INFO: Run Behavior\ParseTemplateBehavior [ RunTime:0.011640s ]
INFO: [ view_parse ] --END-- [ RunTime:0.011677s ]
INFO: [ view_filter ] --START--
INFO: Run Behavior\WriteHtmlCacheBehavior [ RunTime:0.000123s ]
INFO: [ view_filter ] --END-- [ RunTime:0.000146s ]
INFO: [ app_end ] --START--
INFO: Run Behavior\ShowPageTraceBehavior [ RunTime:0.000493s ]
INFO: [ app_end ] --END-- [ RunTime:0.000546s ]

[ 2015-11-12T22:32:21+08:00 ] ::1 /index.php/Admin/Category/edit/9
INFO: [ app_init ] --START--
INFO: Run Behavior\BuildLiteBehavior [ RunTime:0.000015s ]
INFO: [ app_init ] --END-- [ RunTime:0.000648s ]
INFO: [ app_begin ] --START--
INFO: Run Behavior\ReadHtmlCacheBehavior [ RunTime:0.000808s ]
INFO: [ app_begin ] --END-- [ RunTime:0.000877s ]
SQL: SHOW COLUMNS FROM `yyg_category` [ RunTime:0.0067s ]
SQL: SELECT * FROM `yyg_category` WHERE `cid` = 9 LIMIT 1   [ RunTime:0.0008s ]
INFO: [ view_parse ] --START--
INFO: [ template_filter ] --START--
INFO: Run Behavior\ContentReplaceBehavior [ RunTime:0.000087s ]
INFO: [ template_filter ] --END-- [ RunTime:0.000126s ]
INFO: Run Behavior\ParseTemplateBehavior [ RunTime:0.040370s ]
INFO: [ view_parse ] --END-- [ RunTime:0.040452s ]
INFO: [ view_filter ] --START--
INFO: Run Behavior\WriteHtmlCacheBehavior [ RunTime:0.001556s ]
INFO: [ view_filter ] --END-- [ RunTime:0.001613s ]
INFO: [ app_end ] --START--
INFO: Run Behavior\ShowPageTraceBehavior [ RunTime:0.003772s ]
INFO: [ app_end ] --END-- [ RunTime:0.003866s ]

[ 2015-11-12T22:32:29+08:00 ] ::1 /index.php/Admin/Category/edit
INFO: [ app_init ] --START--
INFO: Run Behavior\BuildLiteBehavior [ RunTime:0.000009s ]
INFO: [ app_init ] --END-- [ RunTime:0.000210s ]
INFO: [ app_begin ] --START--
INFO: Run Behavior\ReadHtmlCacheBehavior [ RunTime:0.000259s ]
INFO: [ app_begin ] --END-- [ RunTime:0.000288s ]
SQL: SHOW COLUMNS FROM `yyg_category` [ RunTime:0.0023s ]
NOTIC: [8] Undefined index: validate /Users/JitleeWan/Documents/Works/YYG/ThinkPHP/Library/Think/Model.class.php 第 1185 行.
NOTIC: [8] Undefined index: auto /Users/JitleeWan/Documents/Works/YYG/ThinkPHP/Library/Think/Model.class.php 第 1128 行.
SQL: UPDATE `yyg_category` SET `name`='食品',`thumb`='/Uploads/categories/20151112/5644a2dac2221.png' WHERE `cid` = 9 [ RunTime:0.0036s ]

[ 2015-11-12T22:32:29+08:00 ] ::1 /index.php/Admin/Category/index.html
INFO: [ app_init ] --START--
INFO: Run Behavior\BuildLiteBehavior [ RunTime:0.000010s ]
INFO: [ app_init ] --END-- [ RunTime:0.000206s ]
INFO: [ app_begin ] --START--
INFO: Run Behavior\ReadHtmlCacheBehavior [ RunTime:0.000299s ]
INFO: [ app_begin ] --END-- [ RunTime:0.000333s ]
SQL: SHOW COLUMNS FROM `yyg_category` [ RunTime:0.0066s ]
SQL: SELECT * FROM `yyg_category`  [ RunTime:0.0004s ]
INFO: [ view_parse ] --START--
INFO: [ template_filter ] --START--
INFO: Run Behavior\ContentReplaceBehavior [ RunTime:0.000126s ]
INFO: [ template_filter ] --END-- [ RunTime:0.000212s ]
INFO: Run Behavior\ParseTemplateBehavior [ RunTime:0.029250s ]
INFO: [ view_parse ] --END-- [ RunTime:0.029317s ]
INFO: [ view_filter ] --START--
INFO: Run Behavior\WriteHtmlCacheBehavior [ RunTime:0.000230s ]
INFO: [ view_filter ] --END-- [ RunTime:0.000275s ]
INFO: [ app_end ] --START--
INFO: Run Behavior\ShowPageTraceBehavior [ RunTime:0.000821s ]
INFO: [ app_end ] --END-- [ RunTime:0.000921s ]

[ 2015-11-12T22:32:31+08:00 ] ::1 /index.php/Admin/Category/add
INFO: [ app_init ] --START--
INFO: Run Behavior\BuildLiteBehavior [ RunTime:0.000010s ]
INFO: [ app_init ] --END-- [ RunTime:0.000206s ]
INFO: [ app_begin ] --START--
INFO: Run Behavior\ReadHtmlCacheBehavior [ RunTime:0.000260s ]
INFO: [ app_begin ] --END-- [ RunTime:0.000290s ]
INFO: [ view_parse ] --START--
INFO: [ template_filter ] --START--
INFO: Run Behavior\ContentReplaceBehavior [ RunTime:0.000067s ]
INFO: [ template_filter ] --END-- [ RunTime:0.000105s ]
NOTIC: [8] Undefined variable: data /Users/JitleeWan/Documents/Works/YYG/Application/Runtime/Cache/Admin/95612c4b24bfa83d0c6f94203c668e18.php 第 146 行.
NOTIC: [8] Undefined variable: data /Users/JitleeWan/Documents/Works/YYG/Application/Runtime/Cache/Admin/95612c4b24bfa83d0c6f94203c668e18.php 第 155 行.
NOTIC: [8] Undefined variable: data /Users/JitleeWan/Documents/Works/YYG/Application/Runtime/Cache/Admin/95612c4b24bfa83d0c6f94203c668e18.php 第 156 行.
INFO: Run Behavior\ParseTemplateBehavior [ RunTime:0.011911s ]
INFO: [ view_parse ] --END-- [ RunTime:0.011940s ]
INFO: [ view_filter ] --START--
INFO: Run Behavior\WriteHtmlCacheBehavior [ RunTime:0.000108s ]
INFO: [ view_filter ] --END-- [ RunTime:0.000131s ]
INFO: [ app_end ] --START--
INFO: Run Behavior\ShowPageTraceBehavior [ RunTime:0.000367s ]
INFO: [ app_end ] --END-- [ RunTime:0.000399s ]

[ 2015-11-12T22:32:35+08:00 ] ::1 /index.php/Admin/Category/
INFO: [ app_init ] --START--
INFO: Run Behavior\BuildLiteBehavior [ RunTime:0.000009s ]
INFO: [ app_init ] --END-- [ RunTime:0.000203s ]
INFO: [ app_begin ] --START--
INFO: Run Behavior\ReadHtmlCacheBehavior [ RunTime:0.000274s ]
INFO: [ app_begin ] --END-- [ RunTime:0.000305s ]
SQL: SHOW COLUMNS FROM `yyg_category` [ RunTime:0.0033s ]
SQL: SELECT * FROM `yyg_category`  [ RunTime:0.0003s ]
INFO: [ view_parse ] --START--
INFO: [ template_filter ] --START--
INFO: Run Behavior\ContentReplaceBehavior [ RunTime:0.000059s ]
INFO: [ template_filter ] --END-- [ RunTime:0.000102s ]
INFO: Run Behavior\ParseTemplateBehavior [ RunTime:0.006009s ]
INFO: [ view_parse ] --END-- [ RunTime:0.006050s ]
INFO: [ view_filter ] --START--
INFO: Run Behavior\WriteHtmlCacheBehavior [ RunTime:0.000103s ]
INFO: [ view_filter ] --END-- [ RunTime:0.000125s ]
INFO: [ app_end ] --START--
INFO: Run Behavior\ShowPageTraceBehavior [ RunTime:0.000371s ]
INFO: [ app_end ] --END-- [ RunTime:0.000504s ]

[ 2015-11-12T22:32:45+08:00 ] ::1 /index.php/Admin/Category/upload
INFO: [ app_init ] --START--
INFO: Run Behavior\BuildLiteBehavior [ RunTime:0.000011s ]
INFO: [ app_init ] --END-- [ RunTime:0.000381s ]
INFO: [ app_begin ] --START--
INFO: Run Behavior\ReadHtmlCacheBehavior [ RunTime:0.000513s ]
INFO: [ app_begin ] --END-- [ RunTime:0.000570s ]
NOTIC: [2] call_user_func() expects parameter 1 to be a valid callback, no array or string given /Users/JitleeWan/Documents/Works/YYG/ThinkPHP/Library/Think/Upload.class.php 第 170 行.

[ 2015-11-12T22:32:46+08:00 ] ::1 /index.php/Admin/Category/add
INFO: [ app_init ] --START--
INFO: Run Behavior\BuildLiteBehavior [ RunTime:0.000010s ]
INFO: [ app_init ] --END-- [ RunTime:0.000211s ]
INFO: [ app_begin ] --START--
INFO: Run Behavior\ReadHtmlCacheBehavior [ RunTime:0.000256s ]
INFO: [ app_begin ] --END-- [ RunTime:0.000285s ]
SQL: SHOW COLUMNS FROM `yyg_category` [ RunTime:0.0062s ]
NOTIC: [8] Undefined index: validate /Users/JitleeWan/Documents/Works/YYG/ThinkPHP/Library/Think/Model.class.php 第 1185 行.
NOTIC: [8] Undefined index: auto /Users/JitleeWan/Documents/Works/YYG/ThinkPHP/Library/Think/Model.class.php 第 1128 行.
SQL: INSERT INTO `yyg_category` (`name`,`thumb`) VALUES ('图书','/Uploads/categories/20151112/5644a30d20933.png') [ RunTime:0.0044s ]

[ 2015-11-12T22:32:46+08:00 ] ::1 /index.php/Admin/Category/index.html
INFO: [ app_init ] --START--
INFO: Run Behavior\BuildLiteBehavior [ RunTime:0.000009s ]
INFO: [ app_init ] --END-- [ RunTime:0.000208s ]
INFO: [ app_begin ] --START--
INFO: Run Behavior\ReadHtmlCacheBehavior [ RunTime:0.000263s ]
INFO: [ app_begin ] --END-- [ RunTime:0.000294s ]
SQL: SHOW COLUMNS FROM `yyg_category` [ RunTime:0.0031s ]
SQL: SELECT * FROM `yyg_category`  [ RunTime:0.0003s ]
INFO: [ view_parse ] --START--
INFO: [ template_filter ] --START--
INFO: Run Behavior\ContentReplaceBehavior [ RunTime:0.000088s ]
INFO: [ template_filter ] --END-- [ RunTime:0.000135s ]
INFO: Run Behavior\ParseTemplateBehavior [ RunTime:0.006582s ]
INFO: [ view_parse ] --END-- [ RunTime:0.006618s ]
INFO: [ view_filter ] --START--
INFO: Run Behavior\WriteHtmlCacheBehavior [ RunTime:0.000118s ]
INFO: [ view_filter ] --END-- [ RunTime:0.000141s ]
INFO: [ app_end ] --START--
INFO: Run Behavior\ShowPageTraceBehavior [ RunTime:0.000611s ]
INFO: [ app_end ] --END-- [ RunTime:0.000668s ]

[ 2015-11-12T22:33:59+08:00 ] ::1 /index.php/Admin/Category/index.html
INFO: [ app_init ] --START--
INFO: Run Behavior\BuildLiteBehavior [ RunTime:0.000023s ]
INFO: [ app_init ] --END-- [ RunTime:0.003818s ]
INFO: [ app_begin ] --START--
INFO: Run Behavior\ReadHtmlCacheBehavior [ RunTime:0.003920s ]
INFO: [ app_begin ] --END-- [ RunTime:0.004011s ]
SQL: SHOW COLUMNS FROM `yyg_category` [ RunTime:0.0066s ]
SQL: SELECT * FROM `yyg_category`  [ RunTime:0.0004s ]
INFO: [ view_parse ] --START--
INFO: [ template_filter ] --START--
INFO: Run Behavior\ContentReplaceBehavior [ RunTime:0.000177s ]
INFO: [ template_filter ] --END-- [ RunTime:0.000353s ]
INFO: Run Behavior\ParseTemplateBehavior [ RunTime:0.038432s ]
INFO: [ view_parse ] --END-- [ RunTime:0.038507s ]
INFO: [ view_filter ] --START--
INFO: Run Behavior\WriteHtmlCacheBehavior [ RunTime:0.001059s ]
INFO: [ view_filter ] --END-- [ RunTime:0.001131s ]
INFO: [ app_end ] --START--
INFO: Run Behavior\ShowPageTraceBehavior [ RunTime:0.003742s ]
INFO: [ app_end ] --END-- [ RunTime:0.003825s ]

[ 2015-11-12T22:34:27+08:00 ] ::1 /index.php/Admin/Category/index.html
INFO: [ app_init ] --START--
INFO: Run Behavior\BuildLiteBehavior [ RunTime:0.000022s ]
INFO: [ app_init ] --END-- [ RunTime:0.003695s ]
INFO: [ app_begin ] --START--
INFO: Run Behavior\ReadHtmlCacheBehavior [ RunTime:0.003896s ]
INFO: [ app_begin ] --END-- [ RunTime:0.004022s ]
SQL: SHOW COLUMNS FROM `yyg_category` [ RunTime:0.0043s ]
SQL: SELECT * FROM `yyg_category`  [ RunTime:0.0004s ]
INFO: [ view_parse ] --START--
INFO: [ template_filter ] --START--
INFO: Run Behavior\ContentReplaceBehavior [ RunTime:0.000120s ]
INFO: [ template_filter ] --END-- [ RunTime:0.000188s ]
INFO: Run Behavior\ParseTemplateBehavior [ RunTime:0.038086s ]
INFO: [ view_parse ] --END-- [ RunTime:0.038151s ]
INFO: [ view_filter ] --START--
INFO: Run Behavior\WriteHtmlCacheBehavior [ RunTime:0.001260s ]
INFO: [ view_filter ] --END-- [ RunTime:0.001331s ]
INFO: [ app_end ] --START--
INFO: Run Behavior\ShowPageTraceBehavior [ RunTime:0.001827s ]
INFO: [ app_end ] --END-- [ RunTime:0.001915s ]

[ 2015-11-12T22:34:40+08:00 ] ::1 /index.php/Admin/Category/index.html
INFO: [ app_init ] --START--
INFO: Run Behavior\BuildLiteBehavior [ RunTime:0.000010s ]
INFO: [ app_init ] --END-- [ RunTime:0.000211s ]
INFO: [ app_begin ] --START--
INFO: Run Behavior\ReadHtmlCacheBehavior [ RunTime:0.000304s ]
INFO: [ app_begin ] --END-- [ RunTime:0.000340s ]
SQL: SHOW COLUMNS FROM `yyg_category` [ RunTime:0.0066s ]
SQL: SELECT * FROM `yyg_category`  [ RunTime:0.0003s ]
INFO: [ view_parse ] --START--
INFO: [ template_filter ] --START--
INFO: Run Behavior\ContentReplaceBehavior [ RunTime:0.000057s ]
INFO: [ template_filter ] --END-- [ RunTime:0.000094s ]
INFO: Run Behavior\ParseTemplateBehavior [ RunTime:0.013165s ]
INFO: [ view_parse ] --END-- [ RunTime:0.013203s ]
INFO: [ view_filter ] --START--
INFO: Run Behavior\WriteHtmlCacheBehavior [ RunTime:0.000111s ]
INFO: [ view_filter ] --END-- [ RunTime:0.000135s ]
INFO: [ app_end ] --START--
INFO: Run Behavior\ShowPageTraceBehavior [ RunTime:0.000388s ]
INFO: [ app_end ] --END-- [ RunTime:0.000423s ]

[ 2015-11-12T22:34:53+08:00 ] ::1 /index.php/Admin/Category/index.html
INFO: [ app_init ] --START--
INFO: Run Behavior\BuildLiteBehavior [ RunTime:0.000023s ]
INFO: [ app_init ] --END-- [ RunTime:0.003730s ]
INFO: [ app_begin ] --START--
INFO: Run Behavior\ReadHtmlCacheBehavior [ RunTime:0.003819s ]
INFO: [ app_begin ] --END-- [ RunTime:0.003909s ]
SQL: SHOW COLUMNS FROM `yyg_category` [ RunTime:0.0066s ]
SQL: SELECT * FROM `yyg_category`  [ RunTime:0.0004s ]
INFO: [ view_parse ] --START--
INFO: [ template_filter ] --START--
INFO: Run Behavior\ContentReplaceBehavior [ RunTime:0.000120s ]
INFO: [ template_filter ] --END-- [ RunTime:0.000193s ]
INFO: Run Behavior\ParseTemplateBehavior [ RunTime:0.027610s ]
INFO: [ view_parse ] --END-- [ RunTime:0.027677s ]
INFO: [ view_filter ] --START--
INFO: Run Behavior\WriteHtmlCacheBehavior [ RunTime:0.001287s ]
INFO: [ view_filter ] --END-- [ RunTime:0.001431s ]
INFO: [ app_end ] --START--
INFO: Run Behavior\ShowPageTraceBehavior [ RunTime:0.003852s ]
INFO: [ app_end ] --END-- [ RunTime:0.003969s ]

[ 2015-11-12T22:34:56+08:00 ] ::1 /index.php/Admin/Category/index.html
INFO: [ app_init ] --START--
INFO: Run Behavior\BuildLiteBehavior [ RunTime:0.000009s ]
INFO: [ app_init ] --END-- [ RunTime:0.000211s ]
INFO: [ app_begin ] --START--
INFO: Run Behavior\ReadHtmlCacheBehavior [ RunTime:0.000266s ]
INFO: [ app_begin ] --END-- [ RunTime:0.000296s ]
SQL: SHOW COLUMNS FROM `yyg_category` [ RunTime:0.0032s ]
SQL: SELECT * FROM `yyg_category`  [ RunTime:0.0003s ]
INFO: [ view_parse ] --START--
INFO: [ template_filter ] --START--
INFO: Run Behavior\ContentReplaceBehavior [ RunTime:0.000060s ]
INFO: [ template_filter ] --END-- [ RunTime:0.000097s ]
INFO: Run Behavior\ParseTemplateBehavior [ RunTime:0.007325s ]
INFO: [ view_parse ] --END-- [ RunTime:0.007360s ]
INFO: [ view_filter ] --START--
INFO: Run Behavior\WriteHtmlCacheBehavior [ RunTime:0.000194s ]
INFO: [ view_filter ] --END-- [ RunTime:0.000225s ]
INFO: [ app_end ] --START--
INFO: Run Behavior\ShowPageTraceBehavior [ RunTime:0.000564s ]
INFO: [ app_end ] --END-- [ RunTime:0.000625s ]

[ 2015-11-12T22:36:14+08:00 ] ::1 /index.php/Admin/Category/index.html
INFO: [ app_init ] --START--
INFO: Run Behavior\BuildLiteBehavior [ RunTime:0.000024s ]
INFO: [ app_init ] --END-- [ RunTime:0.004125s ]
INFO: [ app_begin ] --START--
INFO: Run Behavior\ReadHtmlCacheBehavior [ RunTime:0.004217s ]
INFO: [ app_begin ] --END-- [ RunTime:0.004350s ]
SQL: SHOW COLUMNS FROM `yyg_category` [ RunTime:0.0045s ]
SQL: SELECT * FROM `yyg_category`  [ RunTime:0.0003s ]
INFO: [ view_parse ] --START--
INFO: [ template_filter ] --START--
INFO: Run Behavior\ContentReplaceBehavior [ RunTime:0.000089s ]
INFO: [ template_filter ] --END-- [ RunTime:0.000131s ]
INFO: Run Behavior\ParseTemplateBehavior [ RunTime:0.031017s ]
INFO: [ view_parse ] --END-- [ RunTime:0.031091s ]
INFO: [ view_filter ] --START--
INFO: Run Behavior\WriteHtmlCacheBehavior [ RunTime:0.003380s ]
INFO: [ view_filter ] --END-- [ RunTime:0.003446s ]
INFO: [ app_end ] --START--
INFO: Run Behavior\ShowPageTraceBehavior [ RunTime:0.003820s ]
INFO: [ app_end ] --END-- [ RunTime:0.003956s ]

[ 2015-11-12T22:36:44+08:00 ] ::1 /index.php/Admin/Category/index.html
INFO: [ app_init ] --START--
INFO: Run Behavior\BuildLiteBehavior [ RunTime:0.000010s ]
INFO: [ app_init ] --END-- [ RunTime:0.000330s ]
INFO: [ app_begin ] --START--
INFO: Run Behavior\ReadHtmlCacheBehavior [ RunTime:0.000391s ]
INFO: [ app_begin ] --END-- [ RunTime:0.000446s ]
SQL: SHOW COLUMNS FROM `yyg_category` [ RunTime:0.0065s ]
SQL: SELECT * FROM `yyg_category`  [ RunTime:0.0005s ]
INFO: [ view_parse ] --START--
INFO: [ template_filter ] --START--
INFO: Run Behavior\ContentReplaceBehavior [ RunTime:0.000125s ]
INFO: [ template_filter ] --END-- [ RunTime:0.000183s ]
INFO: Run Behavior\ParseTemplateBehavior [ RunTime:0.031146s ]
INFO: [ view_parse ] --END-- [ RunTime:0.031232s ]
INFO: [ view_filter ] --START--
INFO: Run Behavior\WriteHtmlCacheBehavior [ RunTime:0.000183s ]
INFO: [ view_filter ] --END-- [ RunTime:0.000216s ]
INFO: [ app_end ] --START--
INFO: Run Behavior\ShowPageTraceBehavior [ RunTime:0.000797s ]
INFO: [ app_end ] --END-- [ RunTime:0.000882s ]

[ 2015-11-12T22:37:42+08:00 ] ::1 /index.php/Admin/Category/index.html
INFO: [ app_init ] --START--
INFO: Run Behavior\BuildLiteBehavior [ RunTime:0.000011s ]
INFO: [ app_init ] --END-- [ RunTime:0.000322s ]
INFO: [ app_begin ] --START--
INFO: Run Behavior\ReadHtmlCacheBehavior [ RunTime:0.000376s ]
INFO: [ app_begin ] --END-- [ RunTime:0.000430s ]
SQL: SHOW COLUMNS FROM `yyg_category` [ RunTime:0.0088s ]
SQL: SELECT * FROM `yyg_category`  [ RunTime:0.0003s ]
INFO: [ view_parse ] --START--
INFO: [ template_filter ] --START--
INFO: Run Behavior\ContentReplaceBehavior [ RunTime:0.000216s ]
INFO: [ template_filter ] --END-- [ RunTime:0.000357s ]
INFO: Run Behavior\ParseTemplateBehavior [ RunTime:0.030070s ]
INFO: [ view_parse ] --END-- [ RunTime:0.030150s ]
INFO: [ view_filter ] --START--
INFO: Run Behavior\WriteHtmlCacheBehavior [ RunTime:0.000197s ]
INFO: [ view_filter ] --END-- [ RunTime:0.000237s ]
INFO: [ app_end ] --START--
INFO: Run Behavior\ShowPageTraceBehavior [ RunTime:0.000712s ]
INFO: [ app_end ] --END-- [ RunTime:0.000768s ]

[ 2015-11-12T22:38:24+08:00 ] ::1 /index.php/Admin/Category/add
INFO: [ app_init ] --START--
INFO: Run Behavior\BuildLiteBehavior [ RunTime:0.000026s ]
INFO: [ app_init ] --END-- [ RunTime:0.003974s ]
INFO: [ app_begin ] --START--
INFO: Run Behavior\ReadHtmlCacheBehavior [ RunTime:0.003886s ]
INFO: [ app_begin ] --END-- [ RunTime:0.004020s ]
INFO: [ view_parse ] --START--
INFO: [ template_filter ] --START--
INFO: Run Behavior\ContentReplaceBehavior [ RunTime:0.000295s ]
INFO: [ template_filter ] --END-- [ RunTime:0.000442s ]
NOTIC: [8] Undefined variable: data /Users/JitleeWan/Documents/Works/YYG/Application/Runtime/Cache/Admin/95612c4b24bfa83d0c6f94203c668e18.php 第 146 行.
NOTIC: [8] Undefined variable: data /Users/JitleeWan/Documents/Works/YYG/Application/Runtime/Cache/Admin/95612c4b24bfa83d0c6f94203c668e18.php 第 155 行.
NOTIC: [8] Undefined variable: data /Users/JitleeWan/Documents/Works/YYG/Application/Runtime/Cache/Admin/95612c4b24bfa83d0c6f94203c668e18.php 第 156 行.
INFO: Run Behavior\ParseTemplateBehavior [ RunTime:0.046636s ]
INFO: [ view_parse ] --END-- [ RunTime:0.046718s ]
INFO: [ view_filter ] --START--
INFO: Run Behavior\WriteHtmlCacheBehavior [ RunTime:0.001381s ]
INFO: [ view_filter ] --END-- [ RunTime:0.001453s ]
INFO: [ app_end ] --START--
INFO: Run Behavior\ShowPageTraceBehavior [ RunTime:0.003664s ]
INFO: [ app_end ] --END-- [ RunTime:0.003793s ]

[ 2015-11-12T22:38:26+08:00 ] ::1 /index.php/Admin/Category/
INFO: [ app_init ] --START--
INFO: Run Behavior\BuildLiteBehavior [ RunTime:0.000014s ]
INFO: [ app_init ] --END-- [ RunTime:0.000293s ]
INFO: [ app_begin ] --START--
INFO: Run Behavior\ReadHtmlCacheBehavior [ RunTime:0.000381s ]
INFO: [ app_begin ] --END-- [ RunTime:0.000457s ]
SQL: SHOW COLUMNS FROM `yyg_category` [ RunTime:0.0065s ]
SQL: SELECT * FROM `yyg_category`  [ RunTime:0.0006s ]
INFO: [ view_parse ] --START--
INFO: [ template_filter ] --START--
INFO: Run Behavior\ContentReplaceBehavior [ RunTime:0.000066s ]
INFO: [ template_filter ] --END-- [ RunTime:0.000103s ]
INFO: Run Behavior\ParseTemplateBehavior [ RunTime:0.009951s ]
INFO: [ view_parse ] --END-- [ RunTime:0.010348s ]
INFO: [ view_filter ] --START--
INFO: Run Behavior\WriteHtmlCacheBehavior [ RunTime:0.000103s ]
INFO: [ view_filter ] --END-- [ RunTime:0.000125s ]
INFO: [ app_end ] --START--
INFO: Run Behavior\ShowPageTraceBehavior [ RunTime:0.000654s ]
INFO: [ app_end ] --END-- [ RunTime:0.000751s ]

[ 2015-11-12T22:38:34+08:00 ] ::1 /index.php/Admin/Category/
INFO: [ app_init ] --START--
INFO: Run Behavior\BuildLiteBehavior [ RunTime:0.000010s ]
INFO: [ app_init ] --END-- [ RunTime:0.000322s ]
INFO: [ app_begin ] --START--
INFO: Run Behavior\ReadHtmlCacheBehavior [ RunTime:0.000375s ]
INFO: [ app_begin ] --END-- [ RunTime:0.000429s ]
SQL: SHOW COLUMNS FROM `yyg_category` [ RunTime:0.0033s ]
SQL: SELECT * FROM `yyg_category`  [ RunTime:0.0003s ]
INFO: [ view_parse ] --START--
INFO: [ template_filter ] --START--
INFO: Run Behavior\ContentReplaceBehavior [ RunTime:0.000151s ]
INFO: [ template_filter ] --END-- [ RunTime:0.000220s ]
INFO: Run Behavior\ParseTemplateBehavior [ RunTime:0.009939s ]
INFO: [ view_parse ] --END-- [ RunTime:0.010031s ]
INFO: [ view_filter ] --START--
INFO: Run Behavior\WriteHtmlCacheBehavior [ RunTime:0.000249s ]
INFO: [ view_filter ] --END-- [ RunTime:0.000295s ]
INFO: [ app_end ] --START--
INFO: Run Behavior\ShowPageTraceBehavior [ RunTime:0.000800s ]
INFO: [ app_end ] --END-- [ RunTime:0.000932s ]

[ 2015-11-12T22:39:03+08:00 ] ::1 /index.php/Admin/Category/index
INFO: [ app_init ] --START--
INFO: Run Behavior\BuildLiteBehavior [ RunTime:0.000024s ]
INFO: [ app_init ] --END-- [ RunTime:0.003903s ]
INFO: [ app_begin ] --START--
INFO: Run Behavior\ReadHtmlCacheBehavior [ RunTime:0.000899s ]
INFO: [ app_begin ] --END-- [ RunTime:0.000961s ]
SQL: SHOW COLUMNS FROM `yyg_category` [ RunTime:0.0033s ]
SQL: SELECT * FROM `yyg_category`  [ RunTime:0.0003s ]
INFO: [ view_parse ] --START--
INFO: [ template_filter ] --START--
INFO: Run Behavior\ContentReplaceBehavior [ RunTime:0.000183s ]
INFO: [ template_filter ] --END-- [ RunTime:0.000257s ]
INFO: Run Behavior\ParseTemplateBehavior [ RunTime:0.039895s ]
INFO: [ view_parse ] --END-- [ RunTime:0.039949s ]
INFO: [ view_filter ] --START--
INFO: Run Behavior\WriteHtmlCacheBehavior [ RunTime:0.001430s ]
INFO: [ view_filter ] --END-- [ RunTime:0.001515s ]
INFO: [ app_end ] --START--
INFO: Run Behavior\ShowPageTraceBehavior [ RunTime:0.004036s ]
INFO: [ app_end ] --END-- [ RunTime:0.004129s ]

[ 2015-11-12T22:39:23+08:00 ] ::1 /index.php/Admin/Category/add
INFO: [ app_init ] --START--
INFO: Run Behavior\BuildLiteBehavior [ RunTime:0.000011s ]
INFO: [ app_init ] --END-- [ RunTime:0.000287s ]
INFO: [ app_begin ] --START--
INFO: Run Behavior\ReadHtmlCacheBehavior [ RunTime:0.000446s ]
INFO: [ app_begin ] --END-- [ RunTime:0.000502s ]
INFO: [ view_parse ] --START--
INFO: [ template_filter ] --START--
INFO: Run Behavior\ContentReplaceBehavior [ RunTime:0.000066s ]
INFO: [ template_filter ] --END-- [ RunTime:0.000103s ]
NOTIC: [8] Undefined variable: data /Users/JitleeWan/Documents/Works/YYG/Application/Runtime/Cache/Admin/95612c4b24bfa83d0c6f94203c668e18.php 第 146 行.
NOTIC: [8] Undefined variable: data /Users/JitleeWan/Documents/Works/YYG/Application/Runtime/Cache/Admin/95612c4b24bfa83d0c6f94203c668e18.php 第 155 行.
NOTIC: [8] Undefined variable: data /Users/JitleeWan/Documents/Works/YYG/Application/Runtime/Cache/Admin/95612c4b24bfa83d0c6f94203c668e18.php 第 156 行.
INFO: Run Behavior\ParseTemplateBehavior [ RunTime:0.012872s ]
INFO: [ view_parse ] --END-- [ RunTime:0.012909s ]
INFO: [ view_filter ] --START--
INFO: Run Behavior\WriteHtmlCacheBehavior [ RunTime:0.000101s ]
INFO: [ view_filter ] --END-- [ RunTime:0.000125s ]
INFO: [ app_end ] --START--
INFO: Run Behavior\ShowPageTraceBehavior [ RunTime:0.000355s ]
INFO: [ app_end ] --END-- [ RunTime:0.000389s ]

[ 2015-11-12T22:39:24+08:00 ] ::1 /index.php/Admin/Category/
INFO: [ app_init ] --START--
INFO: Run Behavior\BuildLiteBehavior [ RunTime:0.000011s ]
INFO: [ app_init ] --END-- [ RunTime:0.000226s ]
INFO: [ app_begin ] --START--
INFO: Run Behavior\ReadHtmlCacheBehavior [ RunTime:0.000301s ]
INFO: [ app_begin ] --END-- [ RunTime:0.000332s ]
SQL: SHOW COLUMNS FROM `yyg_category` [ RunTime:0.0066s ]
SQL: SELECT * FROM `yyg_category`  [ RunTime:0.0003s ]
INFO: [ view_parse ] --START--
INFO: [ template_filter ] --START--
INFO: Run Behavior\ContentReplaceBehavior [ RunTime:0.000067s ]
INFO: [ template_filter ] --END-- [ RunTime:0.000112s ]
INFO: Run Behavior\ParseTemplateBehavior [ RunTime:0.014231s ]
INFO: [ view_parse ] --END-- [ RunTime:0.014285s ]
INFO: [ view_filter ] --START--
INFO: Run Behavior\WriteHtmlCacheBehavior [ RunTime:0.000115s ]
INFO: [ view_filter ] --END-- [ RunTime:0.000138s ]
INFO: [ app_end ] --START--
INFO: Run Behavior\ShowPageTraceBehavior [ RunTime:0.000406s ]
INFO: [ app_end ] --END-- [ RunTime:0.000452s ]

[ 2015-11-12T22:39:29+08:00 ] ::1 /index.php/Admin/Category/upload
INFO: [ app_init ] --START--
INFO: Run Behavior\BuildLiteBehavior [ RunTime:0.000020s ]
INFO: [ app_init ] --END-- [ RunTime:0.000387s ]
INFO: [ app_begin ] --START--
INFO: Run Behavior\ReadHtmlCacheBehavior [ RunTime:0.000430s ]
INFO: [ app_begin ] --END-- [ RunTime:0.000494s ]
NOTIC: [2] call_user_func() expects parameter 1 to be a valid callback, no array or string given /Users/JitleeWan/Documents/Works/YYG/ThinkPHP/Library/Think/Upload.class.php 第 170 行.

[ 2015-11-12T22:39:38+08:00 ] ::1 /index.php/Admin/Category/add
INFO: [ app_init ] --START--
INFO: Run Behavior\BuildLiteBehavior [ RunTime:0.000009s ]
INFO: [ app_init ] --END-- [ RunTime:0.000205s ]
INFO: [ app_begin ] --START--
INFO: Run Behavior\ReadHtmlCacheBehavior [ RunTime:0.000259s ]
INFO: [ app_begin ] --END-- [ RunTime:0.000289s ]
SQL: SHOW COLUMNS FROM `yyg_category` [ RunTime:0.0061s ]
NOTIC: [8] Undefined index: validate /Users/JitleeWan/Documents/Works/YYG/ThinkPHP/Library/Think/Model.class.php 第 1185 行.
NOTIC: [8] Undefined index: auto /Users/JitleeWan/Documents/Works/YYG/ThinkPHP/Library/Think/Model.class.php 第 1128 行.
SQL: INSERT INTO `yyg_category` (`name`,`thumb`) VALUES ('家具用品','/Uploads/categories/20151112/5644a4a1d9e03.png') [ RunTime:0.0046s ]

[ 2015-11-12T22:39:38+08:00 ] ::1 /index.php/Admin/Category/index.html
INFO: [ app_init ] --START--
INFO: Run Behavior\BuildLiteBehavior [ RunTime:0.000010s ]
INFO: [ app_init ] --END-- [ RunTime:0.000217s ]
INFO: [ app_begin ] --START--
INFO: Run Behavior\ReadHtmlCacheBehavior [ RunTime:0.000264s ]
INFO: [ app_begin ] --END-- [ RunTime:0.000295s ]
SQL: SHOW COLUMNS FROM `yyg_category` [ RunTime:0.0038s ]
SQL: SELECT * FROM `yyg_category`  [ RunTime:0.0007s ]
INFO: [ view_parse ] --START--
INFO: [ template_filter ] --START--
INFO: Run Behavior\ContentReplaceBehavior [ RunTime:0.000060s ]
INFO: [ template_filter ] --END-- [ RunTime:0.000097s ]
INFO: Run Behavior\ParseTemplateBehavior [ RunTime:0.007408s ]
INFO: [ view_parse ] --END-- [ RunTime:0.007459s ]
INFO: [ view_filter ] --START--
INFO: Run Behavior\WriteHtmlCacheBehavior [ RunTime:0.000107s ]
INFO: [ view_filter ] --END-- [ RunTime:0.000129s ]
INFO: [ app_end ] --START--
INFO: Run Behavior\ShowPageTraceBehavior [ RunTime:0.000674s ]
INFO: [ app_end ] --END-- [ RunTime:0.000753s ]

